[0.150s] DEBUG:colcon:Command line arguments: ['/usr/bin/colcon', 'build']
[0.150s] DEBUG:colcon:Parsed command line arguments: Namespace(log_base=None, log_level=None, verb_name='build', build_base='build', install_base='install', merge_install=False, symlink_install=False, test_result_base=None, continue_on_error=False, executor='parallel', parallel_workers=8, event_handlers=None, ignore_user_meta=False, metas=['./colcon.meta'], base_paths=['.'], packages_ignore=None, packages_ignore_regex=None, paths=None, packages_up_to=None, packages_up_to_regex=None, packages_above=None, packages_above_and_dependencies=None, packages_above_depth=None, packages_select_by_dep=None, packages_skip_by_dep=None, packages_skip_up_to=None, packages_select_build_failed=False, packages_skip_build_finished=False, packages_select_test_failures=False, packages_skip_test_passed=False, packages_select=None, packages_skip=None, packages_select_regex=None, packages_skip_regex=None, packages_start=None, packages_end=None, allow_overriding=[], cmake_args=None, cmake_target=None, cmake_target_skip_unavailable=False, cmake_clean_cache=False, cmake_clean_first=False, cmake_force_configure=False, ament_cmake_args=None, catkin_cmake_args=None, catkin_skip_building_tests=False, verb_parser=<colcon_defaults.argument_parser.defaults.DefaultArgumentsDecorator object at 0x7f891e2ce980>, verb_extension=<colcon_core.verb.build.BuildVerb object at 0x7f891e457d00>, main=<bound method BuildVerb.main of <colcon_core.verb.build.BuildVerb object at 0x7f891e457d00>>)
[0.377s] Level 1:colcon.colcon_core.package_discovery:discover_packages(colcon_meta) check parameters
[0.378s] Level 1:colcon.colcon_core.package_discovery:discover_packages(recursive) check parameters
[0.378s] Level 1:colcon.colcon_core.package_discovery:discover_packages(ignore) check parameters
[0.378s] Level 1:colcon.colcon_core.package_discovery:discover_packages(path) check parameters
[0.378s] Level 1:colcon.colcon_core.package_discovery:discover_packages(colcon_meta) discover
[0.378s] Level 1:colcon.colcon_core.package_discovery:discover_packages(recursive) discover
[0.378s] INFO:colcon.colcon_core.package_discovery:Crawling recursively for packages in '/home/om/ROS2_Workshop/Day2'
[0.378s] Level 1:colcon.colcon_core.package_identification:_identify(.) by extensions ['ignore', 'ignore_ament_install']
[0.378s] Level 1:colcon.colcon_core.package_identification:_identify(.) by extension 'ignore'
[0.378s] Level 1:colcon.colcon_core.package_identification:_identify(.) by extension 'ignore_ament_install'
[0.378s] Level 1:colcon.colcon_core.package_identification:_identify(.) by extensions ['colcon_pkg']
[0.378s] Level 1:colcon.colcon_core.package_identification:_identify(.) by extension 'colcon_pkg'
[0.378s] Level 1:colcon.colcon_core.package_identification:_identify(.) by extensions ['colcon_meta']
[0.378s] Level 1:colcon.colcon_core.package_identification:_identify(.) by extension 'colcon_meta'
[0.378s] Level 1:colcon.colcon_core.package_identification:_identify(.) by extensions ['ros']
[0.378s] Level 1:colcon.colcon_core.package_identification:_identify(.) by extension 'ros'
[0.392s] Level 1:colcon.colcon_core.package_identification:_identify(.) by extensions ['cmake', 'python']
[0.392s] Level 1:colcon.colcon_core.package_identification:_identify(.) by extension 'cmake'
[0.392s] Level 1:colcon.colcon_core.package_identification:_identify(.) by extension 'python'
[0.392s] Level 1:colcon.colcon_core.package_identification:_identify(.) by extensions ['python_setup_py']
[0.392s] Level 1:colcon.colcon_core.package_identification:_identify(.) by extension 'python_setup_py'
[0.392s] Level 1:colcon.colcon_core.package_identification:_identify(build) by extensions ['ignore', 'ignore_ament_install']
[0.392s] Level 1:colcon.colcon_core.package_identification:_identify(build) by extension 'ignore'
[0.392s] Level 1:colcon.colcon_core.package_identification:_identify(build) ignored
[0.393s] Level 1:colcon.colcon_core.package_identification:_identify(install) by extensions ['ignore', 'ignore_ament_install']
[0.393s] Level 1:colcon.colcon_core.package_identification:_identify(install) by extension 'ignore'
[0.393s] Level 1:colcon.colcon_core.package_identification:_identify(install) ignored
[0.393s] Level 1:colcon.colcon_core.package_identification:_identify(log) by extensions ['ignore', 'ignore_ament_install']
[0.393s] Level 1:colcon.colcon_core.package_identification:_identify(log) by extension 'ignore'
[0.393s] Level 1:colcon.colcon_core.package_identification:_identify(log) ignored
[0.393s] Level 1:colcon.colcon_core.package_identification:_identify(src) by extensions ['ignore', 'ignore_ament_install']
[0.393s] Level 1:colcon.colcon_core.package_identification:_identify(src) by extension 'ignore'
[0.393s] Level 1:colcon.colcon_core.package_identification:_identify(src) by extension 'ignore_ament_install'
[0.393s] Level 1:colcon.colcon_core.package_identification:_identify(src) by extensions ['colcon_pkg']
[0.393s] Level 1:colcon.colcon_core.package_identification:_identify(src) by extension 'colcon_pkg'
[0.393s] Level 1:colcon.colcon_core.package_identification:_identify(src) by extensions ['colcon_meta']
[0.393s] Level 1:colcon.colcon_core.package_identification:_identify(src) by extension 'colcon_meta'
[0.393s] Level 1:colcon.colcon_core.package_identification:_identify(src) by extensions ['ros']
[0.393s] Level 1:colcon.colcon_core.package_identification:_identify(src) by extension 'ros'
[0.393s] Level 1:colcon.colcon_core.package_identification:_identify(src) by extensions ['cmake', 'python']
[0.394s] Level 1:colcon.colcon_core.package_identification:_identify(src) by extension 'cmake'
[0.394s] Level 1:colcon.colcon_core.package_identification:_identify(src) by extension 'python'
[0.394s] Level 1:colcon.colcon_core.package_identification:_identify(src) by extensions ['python_setup_py']
[0.394s] Level 1:colcon.colcon_core.package_identification:_identify(src) by extension 'python_setup_py'
[0.394s] Level 1:colcon.colcon_core.package_identification:_identify(src/new_robot_controller) by extensions ['ignore', 'ignore_ament_install']
[0.394s] Level 1:colcon.colcon_core.package_identification:_identify(src/new_robot_controller) by extension 'ignore'
[0.394s] Level 1:colcon.colcon_core.package_identification:_identify(src/new_robot_controller) by extension 'ignore_ament_install'
[0.394s] Level 1:colcon.colcon_core.package_identification:_identify(src/new_robot_controller) by extensions ['colcon_pkg']
[0.394s] Level 1:colcon.colcon_core.package_identification:_identify(src/new_robot_controller) by extension 'colcon_pkg'
[0.394s] Level 1:colcon.colcon_core.package_identification:_identify(src/new_robot_controller) by extensions ['colcon_meta']
[0.394s] Level 1:colcon.colcon_core.package_identification:_identify(src/new_robot_controller) by extension 'colcon_meta'
[0.394s] Level 1:colcon.colcon_core.package_identification:_identify(src/new_robot_controller) by extensions ['ros']
[0.394s] Level 1:colcon.colcon_core.package_identification:_identify(src/new_robot_controller) by extension 'ros'
[0.400s] DEBUG:colcon.colcon_core.package_identification:Package 'src/new_robot_controller' with type 'ros.ament_cmake' and name 'new_robot_controller'
[0.400s] Level 1:colcon.colcon_core.package_identification:_identify(src/new_robot_description) by extensions ['ignore', 'ignore_ament_install']
[0.400s] Level 1:colcon.colcon_core.package_identification:_identify(src/new_robot_description) by extension 'ignore'
[0.400s] Level 1:colcon.colcon_core.package_identification:_identify(src/new_robot_description) by extension 'ignore_ament_install'
[0.400s] Level 1:colcon.colcon_core.package_identification:_identify(src/new_robot_description) by extensions ['colcon_pkg']
[0.400s] Level 1:colcon.colcon_core.package_identification:_identify(src/new_robot_description) by extension 'colcon_pkg'
[0.400s] Level 1:colcon.colcon_core.package_identification:_identify(src/new_robot_description) by extensions ['colcon_meta']
[0.400s] Level 1:colcon.colcon_core.package_identification:_identify(src/new_robot_description) by extension 'colcon_meta'
[0.400s] Level 1:colcon.colcon_core.package_identification:_identify(src/new_robot_description) by extensions ['ros']
[0.400s] Level 1:colcon.colcon_core.package_identification:_identify(src/new_robot_description) by extension 'ros'
[0.401s] DEBUG:colcon.colcon_core.package_identification:Package 'src/new_robot_description' with type 'ros.ament_cmake' and name 'new_robot_description'
[0.401s] Level 1:colcon.colcon_core.package_discovery:discover_packages(recursive) using defaults
[0.401s] Level 1:colcon.colcon_core.package_discovery:discover_packages(ignore) discover
[0.401s] Level 1:colcon.colcon_core.package_discovery:discover_packages(ignore) using defaults
[0.401s] Level 1:colcon.colcon_core.package_discovery:discover_packages(path) discover
[0.401s] Level 1:colcon.colcon_core.package_discovery:discover_packages(path) using defaults
[0.443s] Level 1:colcon.colcon_core.package_discovery:discover_packages(prefix_path) check parameters
[0.443s] Level 1:colcon.colcon_core.package_discovery:discover_packages(prefix_path) discover
[0.447s] DEBUG:colcon.colcon_installed_package_information.package_discovery:Found 15 installed packages in /home/om/dobot_ws/install
[0.449s] DEBUG:colcon.colcon_installed_package_information.package_discovery:Found 447 installed packages in /opt/ros/humble
[0.452s] Level 1:colcon.colcon_core.package_discovery:discover_packages(prefix_path) using defaults
[0.516s] Level 5:colcon.colcon_core.verb:set package 'new_robot_controller' build argument 'cmake_args' from command line to 'None'
[0.517s] Level 5:colcon.colcon_core.verb:set package 'new_robot_controller' build argument 'cmake_target' from command line to 'None'
[0.517s] Level 5:colcon.colcon_core.verb:set package 'new_robot_controller' build argument 'cmake_target_skip_unavailable' from command line to 'False'
[0.517s] Level 5:colcon.colcon_core.verb:set package 'new_robot_controller' build argument 'cmake_clean_cache' from command line to 'False'
[0.517s] Level 5:colcon.colcon_core.verb:set package 'new_robot_controller' build argument 'cmake_clean_first' from command line to 'False'
[0.517s] Level 5:colcon.colcon_core.verb:set package 'new_robot_controller' build argument 'cmake_force_configure' from command line to 'False'
[0.517s] Level 5:colcon.colcon_core.verb:set package 'new_robot_controller' build argument 'ament_cmake_args' from command line to 'None'
[0.517s] Level 5:colcon.colcon_core.verb:set package 'new_robot_controller' build argument 'catkin_cmake_args' from command line to 'None'
[0.517s] Level 5:colcon.colcon_core.verb:set package 'new_robot_controller' build argument 'catkin_skip_building_tests' from command line to 'False'
[0.517s] DEBUG:colcon.colcon_core.verb:Building package 'new_robot_controller' with the following arguments: {'ament_cmake_args': None, 'build_base': '/home/om/ROS2_Workshop/Day2/build/new_robot_controller', 'catkin_cmake_args': None, 'catkin_skip_building_tests': False, 'cmake_args': None, 'cmake_clean_cache': False, 'cmake_clean_first': False, 'cmake_force_configure': False, 'cmake_target': None, 'cmake_target_skip_unavailable': False, 'install_base': '/home/om/ROS2_Workshop/Day2/install/new_robot_controller', 'merge_install': False, 'path': '/home/om/ROS2_Workshop/Day2/src/new_robot_controller', 'symlink_install': False, 'test_result_base': None}
[0.517s] Level 5:colcon.colcon_core.verb:set package 'new_robot_description' build argument 'cmake_args' from command line to 'None'
[0.517s] Level 5:colcon.colcon_core.verb:set package 'new_robot_description' build argument 'cmake_target' from command line to 'None'
[0.517s] Level 5:colcon.colcon_core.verb:set package 'new_robot_description' build argument 'cmake_target_skip_unavailable' from command line to 'False'
[0.517s] Level 5:colcon.colcon_core.verb:set package 'new_robot_description' build argument 'cmake_clean_cache' from command line to 'False'
[0.517s] Level 5:colcon.colcon_core.verb:set package 'new_robot_description' build argument 'cmake_clean_first' from command line to 'False'
[0.517s] Level 5:colcon.colcon_core.verb:set package 'new_robot_description' build argument 'cmake_force_configure' from command line to 'False'
[0.517s] Level 5:colcon.colcon_core.verb:set package 'new_robot_description' build argument 'ament_cmake_args' from command line to 'None'
[0.517s] Level 5:colcon.colcon_core.verb:set package 'new_robot_description' build argument 'catkin_cmake_args' from command line to 'None'
[0.517s] Level 5:colcon.colcon_core.verb:set package 'new_robot_description' build argument 'catkin_skip_building_tests' from command line to 'False'
[0.517s] DEBUG:colcon.colcon_core.verb:Building package 'new_robot_description' with the following arguments: {'ament_cmake_args': None, 'build_base': '/home/om/ROS2_Workshop/Day2/build/new_robot_description', 'catkin_cmake_args': None, 'catkin_skip_building_tests': False, 'cmake_args': None, 'cmake_clean_cache': False, 'cmake_clean_first': False, 'cmake_force_configure': False, 'cmake_target': None, 'cmake_target_skip_unavailable': False, 'install_base': '/home/om/ROS2_Workshop/Day2/install/new_robot_description', 'merge_install': False, 'path': '/home/om/ROS2_Workshop/Day2/src/new_robot_description', 'symlink_install': False, 'test_result_base': None}
[0.518s] INFO:colcon.colcon_core.executor:Executing jobs using 'parallel' executor
[0.519s] DEBUG:colcon.colcon_parallel_executor.executor.parallel:run_until_complete
[0.520s] INFO:colcon.colcon_ros.task.ament_cmake.build:Building ROS package in '/home/om/ROS2_Workshop/Day2/src/new_robot_controller' with build type 'ament_cmake'
[0.520s] INFO:colcon.colcon_cmake.task.cmake.build:Building CMake package in '/home/om/ROS2_Workshop/Day2/src/new_robot_controller'
[0.524s] INFO:colcon.colcon_core.plugin_system:Skipping extension 'colcon_core.shell.bat': Not used on non-Windows systems
[0.524s] INFO:colcon.colcon_core.shell:Skip shell extension 'powershell' for command environment: Not usable outside of PowerShell
[0.524s] DEBUG:colcon.colcon_core.shell:Skip shell extension 'dsv' for command environment
[0.530s] INFO:colcon.colcon_ros.task.ament_cmake.build:Building ROS package in '/home/om/ROS2_Workshop/Day2/src/new_robot_description' with build type 'ament_cmake'
[0.530s] INFO:colcon.colcon_cmake.task.cmake.build:Building CMake package in '/home/om/ROS2_Workshop/Day2/src/new_robot_description'
[0.530s] INFO:colcon.colcon_core.shell:Skip shell extension 'powershell' for command environment: Not usable outside of PowerShell
[0.530s] DEBUG:colcon.colcon_core.shell:Skip shell extension 'dsv' for command environment
[0.542s] DEBUG:colcon.colcon_core.event_handler.log_command:Invoking command in '/home/om/ROS2_Workshop/Day2/build/new_robot_controller': CMAKE_PREFIX_PATH=${CMAKE_PREFIX_PATH}:/home/om/dobot_ws/install/servo_action:/home/om/dobot_ws/install/dobot_moveit:/home/om/dobot_ws/install/dobot_demo:/opt/ros/humble /usr/bin/cmake /home/om/ROS2_Workshop/Day2/src/new_robot_controller -DCMAKE_INSTALL_PREFIX=/home/om/ROS2_Workshop/Day2/install/new_robot_controller
[0.547s] DEBUG:colcon.colcon_core.event_handler.log_command:Invoking command in '/home/om/ROS2_Workshop/Day2/build/new_robot_description': CMAKE_PREFIX_PATH=${CMAKE_PREFIX_PATH}:/home/om/dobot_ws/install/servo_action:/home/om/dobot_ws/install/dobot_moveit:/home/om/dobot_ws/install/dobot_demo:/opt/ros/humble /usr/bin/cmake /home/om/ROS2_Workshop/Day2/src/new_robot_description -DCMAKE_INSTALL_PREFIX=/home/om/ROS2_Workshop/Day2/install/new_robot_description
[1.352s] DEBUG:colcon.colcon_core.event_handler.log_command:Invoked command in '/home/om/ROS2_Workshop/Day2/build/new_robot_description' returned '0': CMAKE_PREFIX_PATH=${CMAKE_PREFIX_PATH}:/home/om/dobot_ws/install/servo_action:/home/om/dobot_ws/install/dobot_moveit:/home/om/dobot_ws/install/dobot_demo:/opt/ros/humble /usr/bin/cmake /home/om/ROS2_Workshop/Day2/src/new_robot_description -DCMAKE_INSTALL_PREFIX=/home/om/ROS2_Workshop/Day2/install/new_robot_description
[1.355s] DEBUG:colcon.colcon_core.event_handler.log_command:Invoking command in '/home/om/ROS2_Workshop/Day2/build/new_robot_description': CMAKE_PREFIX_PATH=${CMAKE_PREFIX_PATH}:/home/om/dobot_ws/install/servo_action:/home/om/dobot_ws/install/dobot_moveit:/home/om/dobot_ws/install/dobot_demo:/opt/ros/humble /usr/bin/cmake --build /home/om/ROS2_Workshop/Day2/build/new_robot_description -- -j8 -l8
[1.409s] DEBUG:colcon.colcon_core.event_handler.log_command:Invoked command in '/home/om/ROS2_Workshop/Day2/build/new_robot_description' returned '0': CMAKE_PREFIX_PATH=${CMAKE_PREFIX_PATH}:/home/om/dobot_ws/install/servo_action:/home/om/dobot_ws/install/dobot_moveit:/home/om/dobot_ws/install/dobot_demo:/opt/ros/humble /usr/bin/cmake --build /home/om/ROS2_Workshop/Day2/build/new_robot_description -- -j8 -l8
[1.424s] DEBUG:colcon.colcon_core.event_handler.log_command:Invoking command in '/home/om/ROS2_Workshop/Day2/build/new_robot_description': CMAKE_PREFIX_PATH=${CMAKE_PREFIX_PATH}:/home/om/dobot_ws/install/servo_action:/home/om/dobot_ws/install/dobot_moveit:/home/om/dobot_ws/install/dobot_demo:/opt/ros/humble /usr/bin/cmake --install /home/om/ROS2_Workshop/Day2/build/new_robot_description
[1.440s] Level 1:colcon.colcon_core.environment:create_environment_scripts_only(new_robot_description)
[1.441s] DEBUG:colcon.colcon_core.event_handler.log_command:Invoked command in '/home/om/ROS2_Workshop/Day2/build/new_robot_description' returned '0': CMAKE_PREFIX_PATH=${CMAKE_PREFIX_PATH}:/home/om/dobot_ws/install/servo_action:/home/om/dobot_ws/install/dobot_moveit:/home/om/dobot_ws/install/dobot_demo:/opt/ros/humble /usr/bin/cmake --install /home/om/ROS2_Workshop/Day2/build/new_robot_description
[1.445s] Level 1:colcon.colcon_core.environment:checking '/home/om/ROS2_Workshop/Day2/install/new_robot_description' for CMake module files
[1.446s] Level 1:colcon.colcon_core.environment:checking '/home/om/ROS2_Workshop/Day2/install/new_robot_description' for CMake config files
[1.446s] Level 1:colcon.colcon_core.shell:create_environment_hook('new_robot_description', 'cmake_prefix_path')
[1.446s] INFO:colcon.colcon_core.shell:Creating environment hook '/home/om/ROS2_Workshop/Day2/install/new_robot_description/share/new_robot_description/hook/cmake_prefix_path.ps1'
[1.447s] INFO:colcon.colcon_core.shell:Creating environment descriptor '/home/om/ROS2_Workshop/Day2/install/new_robot_description/share/new_robot_description/hook/cmake_prefix_path.dsv'
[1.447s] INFO:colcon.colcon_core.shell:Creating environment hook '/home/om/ROS2_Workshop/Day2/install/new_robot_description/share/new_robot_description/hook/cmake_prefix_path.sh'
[1.448s] Level 1:colcon.colcon_core.environment:checking '/home/om/ROS2_Workshop/Day2/install/new_robot_description/bin'
[1.449s] Level 1:colcon.colcon_core.environment:checking '/home/om/ROS2_Workshop/Day2/install/new_robot_description/lib/pkgconfig/new_robot_description.pc'
[1.449s] Level 1:colcon.colcon_core.environment:checking '/home/om/ROS2_Workshop/Day2/install/new_robot_description/lib/python3.10/site-packages'
[1.449s] Level 1:colcon.colcon_core.environment:checking '/home/om/ROS2_Workshop/Day2/install/new_robot_description/bin'
[1.449s] INFO:colcon.colcon_core.shell:Creating package script '/home/om/ROS2_Workshop/Day2/install/new_robot_description/share/new_robot_description/package.ps1'
[1.450s] INFO:colcon.colcon_core.shell:Creating package descriptor '/home/om/ROS2_Workshop/Day2/install/new_robot_description/share/new_robot_description/package.dsv'
[1.451s] INFO:colcon.colcon_core.shell:Creating package script '/home/om/ROS2_Workshop/Day2/install/new_robot_description/share/new_robot_description/package.sh'
[1.452s] INFO:colcon.colcon_core.shell:Creating package script '/home/om/ROS2_Workshop/Day2/install/new_robot_description/share/new_robot_description/package.bash'
[1.453s] INFO:colcon.colcon_core.shell:Creating package script '/home/om/ROS2_Workshop/Day2/install/new_robot_description/share/new_robot_description/package.zsh'
[1.453s] Level 1:colcon.colcon_core.environment:create_file_with_runtime_dependencies(/home/om/ROS2_Workshop/Day2/install/new_robot_description/share/colcon-core/packages/new_robot_description)
[1.454s] Level 1:colcon.colcon_core.environment:create_environment_scripts_only(new_robot_description)
[1.454s] Level 1:colcon.colcon_core.environment:checking '/home/om/ROS2_Workshop/Day2/install/new_robot_description' for CMake module files
[1.455s] Level 1:colcon.colcon_core.environment:checking '/home/om/ROS2_Workshop/Day2/install/new_robot_description' for CMake config files
[1.455s] Level 1:colcon.colcon_core.shell:create_environment_hook('new_robot_description', 'cmake_prefix_path')
[1.455s] INFO:colcon.colcon_core.shell:Creating environment hook '/home/om/ROS2_Workshop/Day2/install/new_robot_description/share/new_robot_description/hook/cmake_prefix_path.ps1'
[1.456s] INFO:colcon.colcon_core.shell:Creating environment descriptor '/home/om/ROS2_Workshop/Day2/install/new_robot_description/share/new_robot_description/hook/cmake_prefix_path.dsv'
[1.456s] INFO:colcon.colcon_core.shell:Creating environment hook '/home/om/ROS2_Workshop/Day2/install/new_robot_description/share/new_robot_description/hook/cmake_prefix_path.sh'
[1.457s] Level 1:colcon.colcon_core.environment:checking '/home/om/ROS2_Workshop/Day2/install/new_robot_description/bin'
[1.457s] Level 1:colcon.colcon_core.environment:checking '/home/om/ROS2_Workshop/Day2/install/new_robot_description/lib/pkgconfig/new_robot_description.pc'
[1.457s] Level 1:colcon.colcon_core.environment:checking '/home/om/ROS2_Workshop/Day2/install/new_robot_description/lib/python3.10/site-packages'
[1.457s] Level 1:colcon.colcon_core.environment:checking '/home/om/ROS2_Workshop/Day2/install/new_robot_description/bin'
[1.458s] INFO:colcon.colcon_core.shell:Creating package script '/home/om/ROS2_Workshop/Day2/install/new_robot_description/share/new_robot_description/package.ps1'
[1.458s] INFO:colcon.colcon_core.shell:Creating package descriptor '/home/om/ROS2_Workshop/Day2/install/new_robot_description/share/new_robot_description/package.dsv'
[1.459s] INFO:colcon.colcon_core.shell:Creating package script '/home/om/ROS2_Workshop/Day2/install/new_robot_description/share/new_robot_description/package.sh'
[1.459s] INFO:colcon.colcon_core.shell:Creating package script '/home/om/ROS2_Workshop/Day2/install/new_robot_description/share/new_robot_description/package.bash'
[1.460s] INFO:colcon.colcon_core.shell:Creating package script '/home/om/ROS2_Workshop/Day2/install/new_robot_description/share/new_robot_description/package.zsh'
[1.460s] Level 1:colcon.colcon_core.environment:create_file_with_runtime_dependencies(/home/om/ROS2_Workshop/Day2/install/new_robot_description/share/colcon-core/packages/new_robot_description)
[2.416s] DEBUG:colcon.colcon_core.event_handler.log_command:Invoked command in '/home/om/ROS2_Workshop/Day2/build/new_robot_controller' returned '0': CMAKE_PREFIX_PATH=${CMAKE_PREFIX_PATH}:/home/om/dobot_ws/install/servo_action:/home/om/dobot_ws/install/dobot_moveit:/home/om/dobot_ws/install/dobot_demo:/opt/ros/humble /usr/bin/cmake /home/om/ROS2_Workshop/Day2/src/new_robot_controller -DCMAKE_INSTALL_PREFIX=/home/om/ROS2_Workshop/Day2/install/new_robot_controller
[2.417s] DEBUG:colcon.colcon_core.event_handler.log_command:Invoking command in '/home/om/ROS2_Workshop/Day2/build/new_robot_controller': CMAKE_PREFIX_PATH=${CMAKE_PREFIX_PATH}:/home/om/dobot_ws/install/servo_action:/home/om/dobot_ws/install/dobot_moveit:/home/om/dobot_ws/install/dobot_demo:/opt/ros/humble /usr/bin/cmake --build /home/om/ROS2_Workshop/Day2/build/new_robot_controller -- -j8 -l8
[12.310s] DEBUG:colcon.colcon_core.event_handler.log_command:Invoked command in '/home/om/ROS2_Workshop/Day2/build/new_robot_controller' returned '0': CMAKE_PREFIX_PATH=${CMAKE_PREFIX_PATH}:/home/om/dobot_ws/install/servo_action:/home/om/dobot_ws/install/dobot_moveit:/home/om/dobot_ws/install/dobot_demo:/opt/ros/humble /usr/bin/cmake --build /home/om/ROS2_Workshop/Day2/build/new_robot_controller -- -j8 -l8
[12.312s] DEBUG:colcon.colcon_core.event_handler.log_command:Invoking command in '/home/om/ROS2_Workshop/Day2/build/new_robot_controller': CMAKE_PREFIX_PATH=${CMAKE_PREFIX_PATH}:/home/om/dobot_ws/install/servo_action:/home/om/dobot_ws/install/dobot_moveit:/home/om/dobot_ws/install/dobot_demo:/opt/ros/humble /usr/bin/cmake --install /home/om/ROS2_Workshop/Day2/build/new_robot_controller
[12.323s] Level 1:colcon.colcon_core.environment:create_environment_scripts_only(new_robot_controller)
[12.323s] DEBUG:colcon.colcon_core.event_handler.log_command:Invoked command in '/home/om/ROS2_Workshop/Day2/build/new_robot_controller' returned '0': CMAKE_PREFIX_PATH=${CMAKE_PREFIX_PATH}:/home/om/dobot_ws/install/servo_action:/home/om/dobot_ws/install/dobot_moveit:/home/om/dobot_ws/install/dobot_demo:/opt/ros/humble /usr/bin/cmake --install /home/om/ROS2_Workshop/Day2/build/new_robot_controller
[12.324s] Level 1:colcon.colcon_core.environment:checking '/home/om/ROS2_Workshop/Day2/install/new_robot_controller' for CMake module files
[12.324s] Level 1:colcon.colcon_core.environment:checking '/home/om/ROS2_Workshop/Day2/install/new_robot_controller' for CMake config files
[12.325s] Level 1:colcon.colcon_core.shell:create_environment_hook('new_robot_controller', 'cmake_prefix_path')
[12.325s] INFO:colcon.colcon_core.shell:Creating environment hook '/home/om/ROS2_Workshop/Day2/install/new_robot_controller/share/new_robot_controller/hook/cmake_prefix_path.ps1'
[12.325s] INFO:colcon.colcon_core.shell:Creating environment descriptor '/home/om/ROS2_Workshop/Day2/install/new_robot_controller/share/new_robot_controller/hook/cmake_prefix_path.dsv'
[12.325s] INFO:colcon.colcon_core.shell:Creating environment hook '/home/om/ROS2_Workshop/Day2/install/new_robot_controller/share/new_robot_controller/hook/cmake_prefix_path.sh'
[12.326s] Level 1:colcon.colcon_core.environment:checking '/home/om/ROS2_Workshop/Day2/install/new_robot_controller/lib'
[12.326s] Level 1:colcon.colcon_core.environment:checking '/home/om/ROS2_Workshop/Day2/install/new_robot_controller/bin'
[12.326s] Level 1:colcon.colcon_core.environment:checking '/home/om/ROS2_Workshop/Day2/install/new_robot_controller/lib/pkgconfig/new_robot_controller.pc'
[12.326s] Level 1:colcon.colcon_core.environment:checking '/home/om/ROS2_Workshop/Day2/install/new_robot_controller/lib/python3.10/site-packages'
[12.326s] Level 1:colcon.colcon_core.environment:checking '/home/om/ROS2_Workshop/Day2/install/new_robot_controller/bin'
[12.326s] INFO:colcon.colcon_core.shell:Creating package script '/home/om/ROS2_Workshop/Day2/install/new_robot_controller/share/new_robot_controller/package.ps1'
[12.327s] INFO:colcon.colcon_core.shell:Creating package descriptor '/home/om/ROS2_Workshop/Day2/install/new_robot_controller/share/new_robot_controller/package.dsv'
[12.327s] INFO:colcon.colcon_core.shell:Creating package script '/home/om/ROS2_Workshop/Day2/install/new_robot_controller/share/new_robot_controller/package.sh'
[12.327s] INFO:colcon.colcon_core.shell:Creating package script '/home/om/ROS2_Workshop/Day2/install/new_robot_controller/share/new_robot_controller/package.bash'
[12.327s] INFO:colcon.colcon_core.shell:Creating package script '/home/om/ROS2_Workshop/Day2/install/new_robot_controller/share/new_robot_controller/package.zsh'
[12.328s] Level 1:colcon.colcon_core.environment:create_file_with_runtime_dependencies(/home/om/ROS2_Workshop/Day2/install/new_robot_controller/share/colcon-core/packages/new_robot_controller)
[12.328s] Level 1:colcon.colcon_core.environment:create_environment_scripts_only(new_robot_controller)
[12.328s] Level 1:colcon.colcon_core.environment:checking '/home/om/ROS2_Workshop/Day2/install/new_robot_controller' for CMake module files
[12.328s] Level 1:colcon.colcon_core.environment:checking '/home/om/ROS2_Workshop/Day2/install/new_robot_controller' for CMake config files
[12.329s] Level 1:colcon.colcon_core.shell:create_environment_hook('new_robot_controller', 'cmake_prefix_path')
[12.329s] INFO:colcon.colcon_core.shell:Creating environment hook '/home/om/ROS2_Workshop/Day2/install/new_robot_controller/share/new_robot_controller/hook/cmake_prefix_path.ps1'
[12.329s] INFO:colcon.colcon_core.shell:Creating environment descriptor '/home/om/ROS2_Workshop/Day2/install/new_robot_controller/share/new_robot_controller/hook/cmake_prefix_path.dsv'
[12.329s] INFO:colcon.colcon_core.shell:Creating environment hook '/home/om/ROS2_Workshop/Day2/install/new_robot_controller/share/new_robot_controller/hook/cmake_prefix_path.sh'
[12.330s] Level 1:colcon.colcon_core.environment:checking '/home/om/ROS2_Workshop/Day2/install/new_robot_controller/lib'
[12.330s] Level 1:colcon.colcon_core.environment:checking '/home/om/ROS2_Workshop/Day2/install/new_robot_controller/bin'
[12.330s] Level 1:colcon.colcon_core.environment:checking '/home/om/ROS2_Workshop/Day2/install/new_robot_controller/lib/pkgconfig/new_robot_controller.pc'
[12.330s] Level 1:colcon.colcon_core.environment:checking '/home/om/ROS2_Workshop/Day2/install/new_robot_controller/lib/python3.10/site-packages'
[12.330s] Level 1:colcon.colcon_core.environment:checking '/home/om/ROS2_Workshop/Day2/install/new_robot_controller/bin'
[12.330s] INFO:colcon.colcon_core.shell:Creating package script '/home/om/ROS2_Workshop/Day2/install/new_robot_controller/share/new_robot_controller/package.ps1'
[12.331s] INFO:colcon.colcon_core.shell:Creating package descriptor '/home/om/ROS2_Workshop/Day2/install/new_robot_controller/share/new_robot_controller/package.dsv'
[12.331s] INFO:colcon.colcon_core.shell:Creating package script '/home/om/ROS2_Workshop/Day2/install/new_robot_controller/share/new_robot_controller/package.sh'
[12.331s] INFO:colcon.colcon_core.shell:Creating package script '/home/om/ROS2_Workshop/Day2/install/new_robot_controller/share/new_robot_controller/package.bash'
[12.331s] INFO:colcon.colcon_core.shell:Creating package script '/home/om/ROS2_Workshop/Day2/install/new_robot_controller/share/new_robot_controller/package.zsh'
[12.332s] Level 1:colcon.colcon_core.environment:create_file_with_runtime_dependencies(/home/om/ROS2_Workshop/Day2/install/new_robot_controller/share/colcon-core/packages/new_robot_controller)
[12.332s] DEBUG:colcon.colcon_parallel_executor.executor.parallel:closing loop
[12.332s] DEBUG:colcon.colcon_parallel_executor.executor.parallel:loop closed
[12.332s] DEBUG:colcon.colcon_parallel_executor.executor.parallel:run_until_complete finished with '0'
[12.332s] DEBUG:colcon.colcon_core.event_reactor:joining thread
[12.336s] INFO:colcon.colcon_core.plugin_system:Skipping extension 'colcon_notification.desktop_notification.terminal_notifier': Not used on non-Darwin systems
[12.336s] INFO:colcon.colcon_core.plugin_system:Skipping extension 'colcon_notification.desktop_notification.win32': Not used on non-Windows systems
[12.336s] INFO:colcon.colcon_notification.desktop_notification:Sending desktop notification using 'notify2'
[12.348s] DEBUG:colcon.colcon_core.event_reactor:joined thread
[12.348s] INFO:colcon.colcon_core.shell:Creating prefix script '/home/om/ROS2_Workshop/Day2/install/local_setup.ps1'
[12.350s] INFO:colcon.colcon_core.shell:Creating prefix util module '/home/om/ROS2_Workshop/Day2/install/_local_setup_util_ps1.py'
[12.351s] INFO:colcon.colcon_core.shell:Creating prefix chain script '/home/om/ROS2_Workshop/Day2/install/setup.ps1'
[12.352s] INFO:colcon.colcon_core.shell:Creating prefix script '/home/om/ROS2_Workshop/Day2/install/local_setup.sh'
[12.353s] INFO:colcon.colcon_core.shell:Creating prefix util module '/home/om/ROS2_Workshop/Day2/install/_local_setup_util_sh.py'
[12.353s] INFO:colcon.colcon_core.shell:Creating prefix chain script '/home/om/ROS2_Workshop/Day2/install/setup.sh'
[12.355s] INFO:colcon.colcon_core.shell:Creating prefix script '/home/om/ROS2_Workshop/Day2/install/local_setup.bash'
[12.355s] INFO:colcon.colcon_core.shell:Creating prefix chain script '/home/om/ROS2_Workshop/Day2/install/setup.bash'
[12.356s] INFO:colcon.colcon_core.shell:Creating prefix script '/home/om/ROS2_Workshop/Day2/install/local_setup.zsh'
[12.356s] INFO:colcon.colcon_core.shell:Creating prefix chain script '/home/om/ROS2_Workshop/Day2/install/setup.zsh'
