[ 50%] [32mBuilding CXX object CMakeFiles/simple_controller.dir/src/simple_controller.cpp.o[0m
[100%] [32m[1mLinking CXX executable simple_controller[0m
[100%] Built target simple_controller
-- Install configuration: ""
-- Installing: /home/om/ROS2_Workshop/Day1/install/new_robot_controller/include/include
-- Installing: /home/om/ROS2_Workshop/Day1/install/new_robot_controller/include/include/new_robot_controller
-- Installing: /home/om/ROS2_Workshop/Day1/install/new_robot_controller/include/include/new_robot_controller/simple_controller.hpp
-- Installing: /home/om/ROS2_Workshop/Day1/install/new_robot_controller/lib/new_robot_controller/simple_controller
-- Set runtime path of "/home/om/ROS2_Workshop/Day1/install/new_robot_controller/lib/new_robot_controller/simple_controller" to ""
-- Installing: /home/om/ROS2_Workshop/Day1/install/new_robot_controller/share/new_robot_controller/launch
-- Installing: /home/om/ROS2_Workshop/Day1/install/new_robot_controller/share/new_robot_controller/launch/joystick_teleop.launch.py
-- Installing: /home/om/ROS2_Workshop/Day1/install/new_robot_controller/share/new_robot_controller/launch/simple_controller.launch.py
-- Installing: /home/om/ROS2_Workshop/Day1/install/new_robot_controller/share/new_robot_controller/config
-- Installing: /home/om/ROS2_Workshop/Day1/install/new_robot_controller/share/new_robot_controller/config/joy_config.yaml
-- Installing: /home/om/ROS2_Workshop/Day1/install/new_robot_controller/share/new_robot_controller/config/new_robot_controllers.yaml
-- Installing: /home/om/ROS2_Workshop/Day1/install/new_robot_controller/share/new_robot_controller/config/joy_teleop.yaml
-- Installing: /home/om/ROS2_Workshop/Day1/install/new_robot_controller/share/ament_index/resource_index/package_run_dependencies/new_robot_controller
-- Installing: /home/om/ROS2_Workshop/Day1/install/new_robot_controller/share/ament_index/resource_index/parent_prefix_path/new_robot_controller
-- Installing: /home/om/ROS2_Workshop/Day1/install/new_robot_controller/share/new_robot_controller/environment/ament_prefix_path.sh
-- Installing: /home/om/ROS2_Workshop/Day1/install/new_robot_controller/share/new_robot_controller/environment/ament_prefix_path.dsv
-- Installing: /home/om/ROS2_Workshop/Day1/install/new_robot_controller/share/new_robot_controller/environment/path.sh
-- Installing: /home/om/ROS2_Workshop/Day1/install/new_robot_controller/share/new_robot_controller/environment/path.dsv
-- Installing: /home/om/ROS2_Workshop/Day1/install/new_robot_controller/share/new_robot_controller/local_setup.bash
-- Installing: /home/om/ROS2_Workshop/Day1/install/new_robot_controller/share/new_robot_controller/local_setup.sh
-- Installing: /home/om/ROS2_Workshop/Day1/install/new_robot_controller/share/new_robot_controller/local_setup.zsh
-- Installing: /home/om/ROS2_Workshop/Day1/install/new_robot_controller/share/new_robot_controller/local_setup.dsv
-- Up-to-date: /home/om/ROS2_Workshop/Day1/install/new_robot_controller/share/new_robot_controller/package.dsv
-- Installing: /home/om/ROS2_Workshop/Day1/install/new_robot_controller/share/ament_index/resource_index/packages/new_robot_controller
-- Installing: /home/om/ROS2_Workshop/Day1/install/new_robot_controller/share/new_robot_controller/cmake/new_robot_controllerConfig.cmake
-- Installing: /home/om/ROS2_Workshop/Day1/install/new_robot_controller/share/new_robot_controller/cmake/new_robot_controllerConfig-version.cmake
-- Installing: /home/om/ROS2_Workshop/Day1/install/new_robot_controller/share/new_robot_controller/package.xml
