[0.024s] Invoking command in '/home/om/ROS2_Workshop/Day1/build/day3_cpp': CMAKE_PREFIX_PATH=${CMAKE_PREFIX_PATH}:/home/om/slambot/install/gesture_control:/home/om/slambot/install/ges_control:/opt/ros/humble /usr/bin/cmake /home/om/ROS2_Workshop/Day1/src/day3_cpp -DCMAKE_INSTALL_PREFIX=/home/om/ROS2_Workshop/Day1/install/day3_cpp
[0.096s] -- The C compiler identification is GNU 11.4.0
[0.171s] -- The CXX compiler identification is GNU 11.4.0
[0.181s] -- Detecting C compiler ABI info
[0.279s] -- Detecting C compiler ABI info - done
[0.289s] -- Check for working C compiler: /usr/bin/cc - skipped
[0.289s] -- Detecting C compile features
[0.289s] -- Detecting C compile features - done
[0.293s] -- Detecting CXX compiler ABI info
[0.407s] -- Detecting CXX compiler ABI info - done
[0.416s] -- Check for working CXX compiler: /usr/bin/c++ - skipped
[0.416s] -- Detecting CXX compile features
[0.417s] -- Detecting CXX compile features - done
[0.422s] -- Found ament_cmake: 1.3.10 (/opt/ros/humble/share/ament_cmake/cmake)
[0.644s] -- Found Python3: /usr/bin/python3 (found version "3.10.12") found components: Interpreter 
[0.804s] -- Found ament_lint_auto: 0.12.11 (/opt/ros/humble/share/ament_lint_auto/cmake)
[0.924s] -- Added test 'lint_cmake' to check CMake code style
[0.925s] -- Added test 'xmllint' to check XML markup files
[0.928s] -- Configuring done
[0.931s] -- Generating done
[0.933s] -- Build files have been written to: /home/om/ROS2_Workshop/Day1/build/day3_cpp
[0.943s] Invoked command in '/home/om/ROS2_Workshop/Day1/build/day3_cpp' returned '0': CMAKE_PREFIX_PATH=${CMAKE_PREFIX_PATH}:/home/om/slambot/install/gesture_control:/home/om/slambot/install/ges_control:/opt/ros/humble /usr/bin/cmake /home/om/ROS2_Workshop/Day1/src/day3_cpp -DCMAKE_INSTALL_PREFIX=/home/om/ROS2_Workshop/Day1/install/day3_cpp
[0.945s] Invoking command in '/home/om/ROS2_Workshop/Day1/build/day3_cpp': CMAKE_PREFIX_PATH=${CMAKE_PREFIX_PATH}:/home/om/slambot/install/gesture_control:/home/om/slambot/install/ges_control:/opt/ros/humble /usr/bin/cmake --build /home/om/ROS2_Workshop/Day1/build/day3_cpp -- -j8 -l8
[1.003s] Invoked command in '/home/om/ROS2_Workshop/Day1/build/day3_cpp' returned '0': CMAKE_PREFIX_PATH=${CMAKE_PREFIX_PATH}:/home/om/slambot/install/gesture_control:/home/om/slambot/install/ges_control:/opt/ros/humble /usr/bin/cmake --build /home/om/ROS2_Workshop/Day1/build/day3_cpp -- -j8 -l8
[1.048s] Invoking command in '/home/om/ROS2_Workshop/Day1/build/day3_cpp': CMAKE_PREFIX_PATH=${CMAKE_PREFIX_PATH}:/home/om/slambot/install/gesture_control:/home/om/slambot/install/ges_control:/opt/ros/humble /usr/bin/cmake --install /home/om/ROS2_Workshop/Day1/build/day3_cpp
[1.058s] -- Install configuration: ""
[1.059s] -- Installing: /home/om/ROS2_Workshop/Day1/install/day3_cpp/share/ament_index/resource_index/package_run_dependencies/day3_cpp
[1.059s] -- Installing: /home/om/ROS2_Workshop/Day1/install/day3_cpp/share/ament_index/resource_index/parent_prefix_path/day3_cpp
[1.060s] -- Installing: /home/om/ROS2_Workshop/Day1/install/day3_cpp/share/day3_cpp/environment/ament_prefix_path.sh
[1.060s] -- Installing: /home/om/ROS2_Workshop/Day1/install/day3_cpp/share/day3_cpp/environment/ament_prefix_path.dsv
[1.060s] -- Installing: /home/om/ROS2_Workshop/Day1/install/day3_cpp/share/day3_cpp/environment/path.sh
[1.061s] -- Installing: /home/om/ROS2_Workshop/Day1/install/day3_cpp/share/day3_cpp/environment/path.dsv
[1.061s] -- Installing: /home/om/ROS2_Workshop/Day1/install/day3_cpp/share/day3_cpp/local_setup.bash
[1.061s] -- Installing: /home/om/ROS2_Workshop/Day1/install/day3_cpp/share/day3_cpp/local_setup.sh
[1.061s] -- Installing: /home/om/ROS2_Workshop/Day1/install/day3_cpp/share/day3_cpp/local_setup.zsh
[1.061s] -- Installing: /home/om/ROS2_Workshop/Day1/install/day3_cpp/share/day3_cpp/local_setup.dsv
[1.061s] -- Installing: /home/om/ROS2_Workshop/Day1/install/day3_cpp/share/day3_cpp/package.dsv
[1.061s] -- Installing: /home/om/ROS2_Workshop/Day1/install/day3_cpp/share/ament_index/resource_index/packages/day3_cpp
[1.062s] -- Installing: /home/om/ROS2_Workshop/Day1/install/day3_cpp/share/day3_cpp/cmake/day3_cppConfig.cmake
[1.062s] -- Installing: /home/om/ROS2_Workshop/Day1/install/day3_cpp/share/day3_cpp/cmake/day3_cppConfig-version.cmake
[1.062s] -- Installing: /home/om/ROS2_Workshop/Day1/install/day3_cpp/share/day3_cpp/package.xml
[1.077s] Invoked command in '/home/om/ROS2_Workshop/Day1/build/day3_cpp' returned '0': CMAKE_PREFIX_PATH=${CMAKE_PREFIX_PATH}:/home/om/slambot/install/gesture_control:/home/om/slambot/install/ges_control:/opt/ros/humble /usr/bin/cmake --install /home/om/ROS2_Workshop/Day1/build/day3_cpp
