[0.045s] Invoking command in '/home/om/ROS2_Workshop/Day1/build/day1_cpp': CMAKE_PREFIX_PATH=${CMAKE_PREFIX_PATH}:/home/om/turtlebot3_ws/install/vfh_control:/home/om/turtlebot3_ws/install/turtlebot3_teleop:/home/om/turtlebot3_ws/install/turtlebot3_example:/home/om/pico_ws2/install/crsf_ros2:/home/om/slambot/install/gesture_control:/home/om/slambot/install/ges_control:/opt/ros/humble /usr/bin/cmake /home/om/ROS2_Workshop/Day1/src/day1_cpp -DCMAKE_INSTALL_PREFIX=/home/om/ROS2_Workshop/Day1/install/day1_cpp
[0.137s] -- The C compiler identification is GNU 11.4.0
[0.221s] -- The CXX compiler identification is GNU 11.4.0
[0.231s] -- Detecting C compiler ABI info
[0.360s] -- Detecting C compiler ABI info - done
[0.374s] -- Check for working C compiler: /usr/bin/cc - skipped
[0.374s] -- Detecting C compile features
[0.374s] -- Detecting C compile features - done
[0.376s] -- Detecting CXX compiler ABI info
[0.520s] -- Detecting CXX compiler ABI info - done
[0.531s] -- Check for working CXX compiler: /usr/bin/c++ - skipped
[0.531s] -- Detecting CXX compile features
[0.531s] -- Detecting CXX compile features - done
[0.538s] -- Found ament_cmake: 1.3.11 (/opt/ros/humble/share/ament_cmake/cmake)
[0.787s] -- Found Python3: /usr/bin/python3 (found version "3.10.12") found components: Interpreter 
[0.981s] -- Found rclcpp: 16.0.11 (/opt/ros/humble/share/rclcpp/cmake)
[1.079s] -- Found rosidl_generator_c: 3.1.6 (/opt/ros/humble/share/rosidl_generator_c/cmake)
[1.093s] -- Found rosidl_adapter: 3.1.6 (/opt/ros/humble/share/rosidl_adapter/cmake)
[1.113s] -- Found rosidl_generator_cpp: 3.1.6 (/opt/ros/humble/share/rosidl_generator_cpp/cmake)
[1.139s] -- Using all available rosidl_typesupport_c: rosidl_typesupport_fastrtps_c;rosidl_typesupport_introspection_c
[1.172s] -- Using all available rosidl_typesupport_cpp: rosidl_typesupport_fastrtps_cpp;rosidl_typesupport_introspection_cpp
[1.272s] -- Found rmw_implementation_cmake: 6.1.2 (/opt/ros/humble/share/rmw_implementation_cmake/cmake)
[1.281s] -- Found rmw_fastrtps_cpp: 6.2.7 (/opt/ros/humble/share/rmw_fastrtps_cpp/cmake)
[1.453s] -- Found OpenSSL: /usr/lib/x86_64-linux-gnu/libcrypto.so (found version "3.0.2")  
[1.497s] -- Found FastRTPS: /opt/ros/humble/include  
[1.562s] -- Using RMW implementation 'rmw_fastrtps_cpp' as default
[1.584s] -- Looking for pthread.h
[1.675s] -- Looking for pthread.h - found
[1.675s] -- Performing Test CMAKE_HAVE_LIBC_PTHREAD
[1.765s] -- Performing Test CMAKE_HAVE_LIBC_PTHREAD - Success
[1.766s] -- Found Threads: TRUE  
[1.930s] -- Configuring done
[1.942s] -- Generating done
[1.948s] -- Build files have been written to: /home/om/ROS2_Workshop/Day1/build/day1_cpp
[1.958s] Invoked command in '/home/om/ROS2_Workshop/Day1/build/day1_cpp' returned '0': CMAKE_PREFIX_PATH=${CMAKE_PREFIX_PATH}:/home/om/turtlebot3_ws/install/vfh_control:/home/om/turtlebot3_ws/install/turtlebot3_teleop:/home/om/turtlebot3_ws/install/turtlebot3_example:/home/om/pico_ws2/install/crsf_ros2:/home/om/slambot/install/gesture_control:/home/om/slambot/install/ges_control:/opt/ros/humble /usr/bin/cmake /home/om/ROS2_Workshop/Day1/src/day1_cpp -DCMAKE_INSTALL_PREFIX=/home/om/ROS2_Workshop/Day1/install/day1_cpp
[1.961s] Invoking command in '/home/om/ROS2_Workshop/Day1/build/day1_cpp': CMAKE_PREFIX_PATH=${CMAKE_PREFIX_PATH}:/home/om/turtlebot3_ws/install/vfh_control:/home/om/turtlebot3_ws/install/turtlebot3_teleop:/home/om/turtlebot3_ws/install/turtlebot3_example:/home/om/pico_ws2/install/crsf_ros2:/home/om/slambot/install/gesture_control:/home/om/slambot/install/ges_control:/opt/ros/humble /usr/bin/cmake --build /home/om/ROS2_Workshop/Day1/build/day1_cpp -- -j8 -l8
[2.028s] [ 50%] [32mBuilding CXX object CMakeFiles/simple_publisher.dir/src/simple_publisher.cpp.o[0m
[2.029s] [ 50%] [32mBuilding CXX object CMakeFiles/simple_subscriber.dir/src/simple_subscriber.cpp.o[0m
[6.724s] [ 75%] [32m[1mLinking CXX executable simple_publisher[0m
[6.981s] [ 75%] Built target simple_publisher
[10.233s] [100%] [32m[1mLinking CXX executable simple_subscriber[0m
[10.586s] [100%] Built target simple_subscriber
