[100%] Built target simple_publisher
[100%] Built target simple_subscriber
-- Install configuration: ""
-- Up-to-date: /home/om/ROS2_Workshop/Day1/install/day1_cpp/lib/day1_cpp/simple_publisher
-- Up-to-date: /home/om/ROS2_Workshop/Day1/install/day1_cpp/lib/day1_cpp/simple_subscriber
-- Up-to-date: /home/om/ROS2_Workshop/Day1/install/day1_cpp/share/ament_index/resource_index/package_run_dependencies/day1_cpp
-- Up-to-date: /home/om/ROS2_Workshop/Day1/install/day1_cpp/share/ament_index/resource_index/parent_prefix_path/day1_cpp
-- Up-to-date: /home/om/ROS2_Workshop/Day1/install/day1_cpp/share/day1_cpp/environment/ament_prefix_path.sh
-- Up-to-date: /home/om/ROS2_Workshop/Day1/install/day1_cpp/share/day1_cpp/environment/ament_prefix_path.dsv
-- Up-to-date: /home/om/ROS2_Workshop/Day1/install/day1_cpp/share/day1_cpp/environment/path.sh
-- Up-to-date: /home/om/ROS2_Workshop/Day1/install/day1_cpp/share/day1_cpp/environment/path.dsv
-- Up-to-date: /home/om/ROS2_Workshop/Day1/install/day1_cpp/share/day1_cpp/local_setup.bash
-- Up-to-date: /home/om/ROS2_Workshop/Day1/install/day1_cpp/share/day1_cpp/local_setup.sh
-- Up-to-date: /home/om/ROS2_Workshop/Day1/install/day1_cpp/share/day1_cpp/local_setup.zsh
-- Up-to-date: /home/om/ROS2_Workshop/Day1/install/day1_cpp/share/day1_cpp/local_setup.dsv
-- Installing: /home/om/ROS2_Workshop/Day1/install/day1_cpp/share/day1_cpp/package.dsv
-- Up-to-date: /home/om/ROS2_Workshop/Day1/install/day1_cpp/share/ament_index/resource_index/packages/day1_cpp
-- Up-to-date: /home/om/ROS2_Workshop/Day1/install/day1_cpp/share/day1_cpp/cmake/day1_cppConfig.cmake
-- Up-to-date: /home/om/ROS2_Workshop/Day1/install/day1_cpp/share/day1_cpp/cmake/day1_cppConfig-version.cmake
-- Up-to-date: /home/om/ROS2_Workshop/Day1/install/day1_cpp/share/day1_cpp/package.xml
