-- The C compiler identification is GNU 11.4.0
-- The CXX compiler identification is GNU 11.4.0
-- Detecting C compiler ABI info
-- Detecting C compiler ABI info - done
-- Check for working C compiler: /usr/bin/cc - skipped
-- Detecting C compile features
-- Detecting C compile features - done
-- Detecting CXX compiler ABI info
-- Detecting CXX compiler ABI info - done
-- Check for working CXX compiler: /usr/bin/c++ - skipped
-- Detecting CXX compile features
-- Detecting CXX compile features - done
-- Found ament_cmake: 1.3.11 (/opt/ros/humble/share/ament_cmake/cmake)
-- Found Python3: /usr/bin/python3 (found version "3.10.12") found components: Interpreter 
-- Found rclcpp: 16.0.12 (/opt/ros/humble/share/rclcpp/cmake)
-- Found rosidl_generator_c: 3.1.6 (/opt/ros/humble/share/rosidl_generator_c/cmake)
-- Found rosidl_adapter: 3.1.6 (/opt/ros/humble/share/rosidl_adapter/cmake)
-- Found rosidl_generator_cpp: 3.1.6 (/opt/ros/humble/share/rosidl_generator_cpp/cmake)
-- Using all available rosidl_typesupport_c: rosidl_typesupport_fastrtps_c;rosidl_typesupport_introspection_c
-- Using all available rosidl_typesupport_cpp: rosidl_typesupport_fastrtps_cpp;rosidl_typesupport_introspection_cpp
-- Found rmw_implementation_cmake: 6.1.2 (/opt/ros/humble/share/rmw_implementation_cmake/cmake)
-- Found rmw_fastrtps_cpp: 6.2.7 (/opt/ros/humble/share/rmw_fastrtps_cpp/cmake)
-- Found OpenSSL: /usr/lib/x86_64-linux-gnu/libcrypto.so (found version "3.0.2")  
-- Found FastRTPS: /opt/ros/humble/include  
-- Using RMW implementation 'rmw_fastrtps_cpp' as default
-- Looking for pthread.h
-- Looking for pthread.h - found
-- Performing Test CMAKE_HAVE_LIBC_PTHREAD
-- Performing Test CMAKE_HAVE_LIBC_PTHREAD - Success
-- Found Threads: TRUE  
-- Found rclpy: 3.3.16 (/opt/ros/humble/share/rclpy/cmake)
-- Found geometry_msgs: 4.8.0 (/opt/ros/humble/share/geometry_msgs/cmake)
-- Found sensor_msgs: 4.8.0 (/opt/ros/humble/share/sensor_msgs/cmake)
-- Found nav_msgs: 4.8.0 (/opt/ros/humble/share/nav_msgs/cmake)
-- Found tf2: 0.25.12 (/opt/ros/humble/share/tf2/cmake)
-- Found tf2_ros: 0.25.12 (/opt/ros/humble/share/tf2_ros/cmake)
-- Configuring done
-- Generating done
-- Build files have been written to: /home/om/ROS2_Workshop/Day2/build/new_robot_controller
[ 50%] [32mBuilding CXX object CMakeFiles/simple_controller.dir/src/simple_controller.cpp.o[0m
[100%] [32m[1mLinking CXX executable simple_controller[0m
[100%] Built target simple_controller
-- Install configuration: ""
-- Installing: /home/om/ROS2_Workshop/Day2/install/new_robot_controller/include/include
-- Installing: /home/om/ROS2_Workshop/Day2/install/new_robot_controller/include/include/new_robot_controller
-- Installing: /home/om/ROS2_Workshop/Day2/install/new_robot_controller/include/include/new_robot_controller/simple_controller.hpp
-- Installing: /home/om/ROS2_Workshop/Day2/install/new_robot_controller/lib/new_robot_controller/simple_controller
-- Set runtime path of "/home/om/ROS2_Workshop/Day2/install/new_robot_controller/lib/new_robot_controller/simple_controller" to ""
-- Installing: /home/om/ROS2_Workshop/Day2/install/new_robot_controller/share/new_robot_controller/launch
-- Installing: /home/om/ROS2_Workshop/Day2/install/new_robot_controller/share/new_robot_controller/launch/controller.launch.py
-- Installing: /home/om/ROS2_Workshop/Day2/install/new_robot_controller/share/new_robot_controller/launch/joystick_teleop.launch.py
-- Installing: /home/om/ROS2_Workshop/Day2/install/new_robot_controller/share/new_robot_controller/launch/simple_controller.launch.py
-- Installing: /home/om/ROS2_Workshop/Day2/install/new_robot_controller/share/new_robot_controller/config
-- Installing: /home/om/ROS2_Workshop/Day2/install/new_robot_controller/share/new_robot_controller/config/joy_config.yaml
-- Installing: /home/om/ROS2_Workshop/Day2/install/new_robot_controller/share/new_robot_controller/config/new_robot_controllers.yaml
-- Installing: /home/om/ROS2_Workshop/Day2/install/new_robot_controller/share/new_robot_controller/config/joy_teleop.yaml
-- Installing: /home/om/ROS2_Workshop/Day2/install/new_robot_controller/share/ament_index/resource_index/package_run_dependencies/new_robot_controller
-- Installing: /home/om/ROS2_Workshop/Day2/install/new_robot_controller/share/ament_index/resource_index/parent_prefix_path/new_robot_controller
-- Installing: /home/om/ROS2_Workshop/Day2/install/new_robot_controller/share/new_robot_controller/environment/ament_prefix_path.sh
-- Installing: /home/om/ROS2_Workshop/Day2/install/new_robot_controller/share/new_robot_controller/environment/ament_prefix_path.dsv
-- Installing: /home/om/ROS2_Workshop/Day2/install/new_robot_controller/share/new_robot_controller/environment/path.sh
-- Installing: /home/om/ROS2_Workshop/Day2/install/new_robot_controller/share/new_robot_controller/environment/path.dsv
-- Installing: /home/om/ROS2_Workshop/Day2/install/new_robot_controller/share/new_robot_controller/local_setup.bash
-- Installing: /home/om/ROS2_Workshop/Day2/install/new_robot_controller/share/new_robot_controller/local_setup.sh
-- Installing: /home/om/ROS2_Workshop/Day2/install/new_robot_controller/share/new_robot_controller/local_setup.zsh
-- Installing: /home/om/ROS2_Workshop/Day2/install/new_robot_controller/share/new_robot_controller/local_setup.dsv
-- Installing: /home/om/ROS2_Workshop/Day2/install/new_robot_controller/share/new_robot_controller/package.dsv
-- Installing: /home/om/ROS2_Workshop/Day2/install/new_robot_controller/share/ament_index/resource_index/packages/new_robot_controller
-- Installing: /home/om/ROS2_Workshop/Day2/install/new_robot_controller/share/new_robot_controller/cmake/new_robot_controllerConfig.cmake
-- Installing: /home/om/ROS2_Workshop/Day2/install/new_robot_controller/share/new_robot_controller/cmake/new_robot_controllerConfig-version.cmake
-- Installing: /home/om/ROS2_Workshop/Day2/install/new_robot_controller/share/new_robot_controller/package.xml
