[0.021s] Invoking command in '/home/om/ROS2_Workshop/Day2/build/new_robot_controller': CMAKE_PREFIX_PATH=${CMAKE_PREFIX_PATH}:/home/om/dobot_ws/install/servo_action:/home/om/dobot_ws/install/dobot_moveit:/home/om/dobot_ws/install/dobot_demo:/opt/ros/humble /usr/bin/cmake /home/om/ROS2_Workshop/Day2/src/new_robot_controller -DCMAKE_INSTALL_PREFIX=/home/om/ROS2_Workshop/Day2/install/new_robot_controller
[0.095s] -- The C compiler identification is GNU 11.4.0
[0.165s] -- The CXX compiler identification is GNU 11.4.0
[0.175s] -- Detecting C compiler ABI info
[0.262s] -- Detecting C compiler ABI info - done
[0.272s] -- Check for working C compiler: /usr/bin/cc - skipped
[0.272s] -- Detecting C compile features
[0.273s] -- Detecting C compile features - done
[0.277s] -- Detecting CXX compiler ABI info
[0.386s] -- Detecting CXX compiler ABI info - done
[0.396s] -- Check for working CXX compiler: /usr/bin/c++ - skipped
[0.396s] -- Detecting CXX compile features
[0.396s] -- Detecting CXX compile features - done
[0.400s] -- Found ament_cmake: 1.3.11 (/opt/ros/humble/share/ament_cmake/cmake)
[0.596s] -- Found Python3: /usr/bin/python3 (found version "3.10.12") found components: Interpreter 
[0.745s] -- Found rclcpp: 16.0.12 (/opt/ros/humble/share/rclcpp/cmake)
[0.818s] -- Found rosidl_generator_c: 3.1.6 (/opt/ros/humble/share/rosidl_generator_c/cmake)
[0.828s] -- Found rosidl_adapter: 3.1.6 (/opt/ros/humble/share/rosidl_adapter/cmake)
[0.843s] -- Found rosidl_generator_cpp: 3.1.6 (/opt/ros/humble/share/rosidl_generator_cpp/cmake)
[0.863s] -- Using all available rosidl_typesupport_c: rosidl_typesupport_fastrtps_c;rosidl_typesupport_introspection_c
[0.894s] -- Using all available rosidl_typesupport_cpp: rosidl_typesupport_fastrtps_cpp;rosidl_typesupport_introspection_cpp
[0.975s] -- Found rmw_implementation_cmake: 6.1.2 (/opt/ros/humble/share/rmw_implementation_cmake/cmake)
[0.981s] -- Found rmw_fastrtps_cpp: 6.2.7 (/opt/ros/humble/share/rmw_fastrtps_cpp/cmake)
[1.120s] -- Found OpenSSL: /usr/lib/x86_64-linux-gnu/libcrypto.so (found version "3.0.2")  
[1.159s] -- Found FastRTPS: /opt/ros/humble/include  
[1.219s] -- Using RMW implementation 'rmw_fastrtps_cpp' as default
[1.236s] -- Looking for pthread.h
[1.330s] -- Looking for pthread.h - found
[1.330s] -- Performing Test CMAKE_HAVE_LIBC_PTHREAD
[1.425s] -- Performing Test CMAKE_HAVE_LIBC_PTHREAD - Success
[1.426s] -- Found Threads: TRUE  
[1.507s] -- Found rclpy: 3.3.16 (/opt/ros/humble/share/rclpy/cmake)
[1.511s] -- Found geometry_msgs: 4.8.0 (/opt/ros/humble/share/geometry_msgs/cmake)
[1.547s] -- Found sensor_msgs: 4.8.0 (/opt/ros/humble/share/sensor_msgs/cmake)
[1.576s] -- Found nav_msgs: 4.8.0 (/opt/ros/humble/share/nav_msgs/cmake)
[1.608s] -- Found tf2: 0.25.12 (/opt/ros/humble/share/tf2/cmake)
[1.629s] -- Found tf2_ros: 0.25.12 (/opt/ros/humble/share/tf2_ros/cmake)
[1.859s] -- Configuring done
[1.874s] -- Generating done
[1.880s] -- Build files have been written to: /home/om/ROS2_Workshop/Day2/build/new_robot_controller
[1.896s] Invoked command in '/home/om/ROS2_Workshop/Day2/build/new_robot_controller' returned '0': CMAKE_PREFIX_PATH=${CMAKE_PREFIX_PATH}:/home/om/dobot_ws/install/servo_action:/home/om/dobot_ws/install/dobot_moveit:/home/om/dobot_ws/install/dobot_demo:/opt/ros/humble /usr/bin/cmake /home/om/ROS2_Workshop/Day2/src/new_robot_controller -DCMAKE_INSTALL_PREFIX=/home/om/ROS2_Workshop/Day2/install/new_robot_controller
[1.896s] Invoking command in '/home/om/ROS2_Workshop/Day2/build/new_robot_controller': CMAKE_PREFIX_PATH=${CMAKE_PREFIX_PATH}:/home/om/dobot_ws/install/servo_action:/home/om/dobot_ws/install/dobot_moveit:/home/om/dobot_ws/install/dobot_demo:/opt/ros/humble /usr/bin/cmake --build /home/om/ROS2_Workshop/Day2/build/new_robot_controller -- -j8 -l8
[1.964s] [ 50%] [32mBuilding CXX object CMakeFiles/simple_controller.dir/src/simple_controller.cpp.o[0m
[11.307s] [100%] [32m[1mLinking CXX executable simple_controller[0m
[11.779s] [100%] Built target simple_controller
[11.789s] Invoked command in '/home/om/ROS2_Workshop/Day2/build/new_robot_controller' returned '0': CMAKE_PREFIX_PATH=${CMAKE_PREFIX_PATH}:/home/om/dobot_ws/install/servo_action:/home/om/dobot_ws/install/dobot_moveit:/home/om/dobot_ws/install/dobot_demo:/opt/ros/humble /usr/bin/cmake --build /home/om/ROS2_Workshop/Day2/build/new_robot_controller -- -j8 -l8
[11.791s] Invoking command in '/home/om/ROS2_Workshop/Day2/build/new_robot_controller': CMAKE_PREFIX_PATH=${CMAKE_PREFIX_PATH}:/home/om/dobot_ws/install/servo_action:/home/om/dobot_ws/install/dobot_moveit:/home/om/dobot_ws/install/dobot_demo:/opt/ros/humble /usr/bin/cmake --install /home/om/ROS2_Workshop/Day2/build/new_robot_controller
[11.797s] -- Install configuration: ""
[11.797s] -- Installing: /home/om/ROS2_Workshop/Day2/install/new_robot_controller/include/include
[11.797s] -- Installing: /home/om/ROS2_Workshop/Day2/install/new_robot_controller/include/include/new_robot_controller
[11.797s] -- Installing: /home/om/ROS2_Workshop/Day2/install/new_robot_controller/include/include/new_robot_controller/simple_controller.hpp
[11.797s] -- Installing: /home/om/ROS2_Workshop/Day2/install/new_robot_controller/lib/new_robot_controller/simple_controller
[11.800s] -- Set runtime path of "/home/om/ROS2_Workshop/Day2/install/new_robot_controller/lib/new_robot_controller/simple_controller" to ""
[11.800s] -- Installing: /home/om/ROS2_Workshop/Day2/install/new_robot_controller/share/new_robot_controller/launch
[11.800s] -- Installing: /home/om/ROS2_Workshop/Day2/install/new_robot_controller/share/new_robot_controller/launch/controller.launch.py
[11.800s] -- Installing: /home/om/ROS2_Workshop/Day2/install/new_robot_controller/share/new_robot_controller/launch/joystick_teleop.launch.py
[11.800s] -- Installing: /home/om/ROS2_Workshop/Day2/install/new_robot_controller/share/new_robot_controller/launch/simple_controller.launch.py
[11.800s] -- Installing: /home/om/ROS2_Workshop/Day2/install/new_robot_controller/share/new_robot_controller/config
[11.800s] -- Installing: /home/om/ROS2_Workshop/Day2/install/new_robot_controller/share/new_robot_controller/config/joy_config.yaml
[11.800s] -- Installing: /home/om/ROS2_Workshop/Day2/install/new_robot_controller/share/new_robot_controller/config/new_robot_controllers.yaml
[11.800s] -- Installing: /home/om/ROS2_Workshop/Day2/install/new_robot_controller/share/new_robot_controller/config/joy_teleop.yaml
[11.800s] -- Installing: /home/om/ROS2_Workshop/Day2/install/new_robot_controller/share/ament_index/resource_index/package_run_dependencies/new_robot_controller
[11.800s] -- Installing: /home/om/ROS2_Workshop/Day2/install/new_robot_controller/share/ament_index/resource_index/parent_prefix_path/new_robot_controller
[11.800s] -- Installing: /home/om/ROS2_Workshop/Day2/install/new_robot_controller/share/new_robot_controller/environment/ament_prefix_path.sh
[11.801s] -- Installing: /home/om/ROS2_Workshop/Day2/install/new_robot_controller/share/new_robot_controller/environment/ament_prefix_path.dsv
[11.801s] -- Installing: /home/om/ROS2_Workshop/Day2/install/new_robot_controller/share/new_robot_controller/environment/path.sh
[11.801s] -- Installing: /home/om/ROS2_Workshop/Day2/install/new_robot_controller/share/new_robot_controller/environment/path.dsv
[11.801s] -- Installing: /home/om/ROS2_Workshop/Day2/install/new_robot_controller/share/new_robot_controller/local_setup.bash
[11.801s] -- Installing: /home/om/ROS2_Workshop/Day2/install/new_robot_controller/share/new_robot_controller/local_setup.sh
[11.801s] -- Installing: /home/om/ROS2_Workshop/Day2/install/new_robot_controller/share/new_robot_controller/local_setup.zsh
[11.801s] -- Installing: /home/om/ROS2_Workshop/Day2/install/new_robot_controller/share/new_robot_controller/local_setup.dsv
[11.801s] -- Installing: /home/om/ROS2_Workshop/Day2/install/new_robot_controller/share/new_robot_controller/package.dsv
[11.801s] -- Installing: /home/om/ROS2_Workshop/Day2/install/new_robot_controller/share/ament_index/resource_index/packages/new_robot_controller
[11.801s] -- Installing: /home/om/ROS2_Workshop/Day2/install/new_robot_controller/share/new_robot_controller/cmake/new_robot_controllerConfig.cmake
[11.801s] -- Installing: /home/om/ROS2_Workshop/Day2/install/new_robot_controller/share/new_robot_controller/cmake/new_robot_controllerConfig-version.cmake
[11.801s] -- Installing: /home/om/ROS2_Workshop/Day2/install/new_robot_controller/share/new_robot_controller/package.xml
[11.803s] Invoked command in '/home/om/ROS2_Workshop/Day2/build/new_robot_controller' returned '0': CMAKE_PREFIX_PATH=${CMAKE_PREFIX_PATH}:/home/om/dobot_ws/install/servo_action:/home/om/dobot_ws/install/dobot_moveit:/home/om/dobot_ws/install/dobot_demo:/opt/ros/humble /usr/bin/cmake --install /home/om/ROS2_Workshop/Day2/build/new_robot_controller
