[0.042s] Invoking command in '/home/om/ROS2_Workshop/Day1/build/day2_cpp': CMAKE_PREFIX_PATH=${CMAKE_PREFIX_PATH}:/home/om/turtlebot3_ws/install/vfh_control:/home/om/turtlebot3_ws/install/turtlebot3_teleop:/home/om/turtlebot3_ws/install/turtlebot3_example:/home/om/pico_ws2/install/crsf_ros2:/home/om/slambot/install/gesture_control:/home/om/slambot/install/ges_control:/opt/ros/humble /usr/bin/cmake --build /home/om/ROS2_Workshop/Day1/build/day2_cpp -- -j8 -l8
[0.112s] Invoked command in '/home/om/ROS2_Workshop/Day1/build/day2_cpp' returned '0': CMAKE_PREFIX_PATH=${CMAKE_PREFIX_PATH}:/home/om/turtlebot3_ws/install/vfh_control:/home/om/turtlebot3_ws/install/turtlebot3_teleop:/home/om/turtlebot3_ws/install/turtlebot3_example:/home/om/pico_ws2/install/crsf_ros2:/home/om/slambot/install/gesture_control:/home/om/slambot/install/ges_control:/opt/ros/humble /usr/bin/cmake --build /home/om/ROS2_Workshop/Day1/build/day2_cpp -- -j8 -l8
[0.132s] Invoking command in '/home/om/ROS2_Workshop/Day1/build/day2_cpp': CMAKE_PREFIX_PATH=${CMAKE_PREFIX_PATH}:/home/om/turtlebot3_ws/install/vfh_control:/home/om/turtlebot3_ws/install/turtlebot3_teleop:/home/om/turtlebot3_ws/install/turtlebot3_example:/home/om/pico_ws2/install/crsf_ros2:/home/om/slambot/install/gesture_control:/home/om/slambot/install/ges_control:/opt/ros/humble /usr/bin/cmake --install /home/om/ROS2_Workshop/Day1/build/day2_cpp
[0.145s] -- Install configuration: ""
[0.145s] -- Up-to-date: /home/om/ROS2_Workshop/Day1/install/day2_cpp/share/ament_index/resource_index/package_run_dependencies/day2_cpp
[0.145s] -- Up-to-date: /home/om/ROS2_Workshop/Day1/install/day2_cpp/share/ament_index/resource_index/parent_prefix_path/day2_cpp
[0.146s] -- Up-to-date: /home/om/ROS2_Workshop/Day1/install/day2_cpp/share/day2_cpp/environment/ament_prefix_path.sh
[0.146s] -- Up-to-date: /home/om/ROS2_Workshop/Day1/install/day2_cpp/share/day2_cpp/environment/ament_prefix_path.dsv
[0.146s] -- Up-to-date: /home/om/ROS2_Workshop/Day1/install/day2_cpp/share/day2_cpp/environment/path.sh
[0.146s] -- Up-to-date: /home/om/ROS2_Workshop/Day1/install/day2_cpp/share/day2_cpp/environment/path.dsv
[0.146s] -- Up-to-date: /home/om/ROS2_Workshop/Day1/install/day2_cpp/share/day2_cpp/local_setup.bash
[0.146s] -- Up-to-date: /home/om/ROS2_Workshop/Day1/install/day2_cpp/share/day2_cpp/local_setup.sh
[0.146s] -- Up-to-date: /home/om/ROS2_Workshop/Day1/install/day2_cpp/share/day2_cpp/local_setup.zsh
[0.146s] -- Up-to-date: /home/om/ROS2_Workshop/Day1/install/day2_cpp/share/day2_cpp/local_setup.dsv
[0.146s] -- Installing: /home/om/ROS2_Workshop/Day1/install/day2_cpp/share/day2_cpp/package.dsv
[0.147s] -- Up-to-date: /home/om/ROS2_Workshop/Day1/install/day2_cpp/share/ament_index/resource_index/packages/day2_cpp
[0.147s] -- Up-to-date: /home/om/ROS2_Workshop/Day1/install/day2_cpp/share/day2_cpp/cmake/day2_cppConfig.cmake
[0.147s] -- Up-to-date: /home/om/ROS2_Workshop/Day1/install/day2_cpp/share/day2_cpp/cmake/day2_cppConfig-version.cmake
[0.147s] -- Up-to-date: /home/om/ROS2_Workshop/Day1/install/day2_cpp/share/day2_cpp/package.xml
[0.150s] Invoked command in '/home/om/ROS2_Workshop/Day1/build/day2_cpp' returned '0': CMAKE_PREFIX_PATH=${CMAKE_PREFIX_PATH}:/home/om/turtlebot3_ws/install/vfh_control:/home/om/turtlebot3_ws/install/turtlebot3_teleop:/home/om/turtlebot3_ws/install/turtlebot3_example:/home/om/pico_ws2/install/crsf_ros2:/home/om/slambot/install/gesture_control:/home/om/slambot/install/ges_control:/opt/ros/humble /usr/bin/cmake --install /home/om/ROS2_Workshop/Day1/build/day2_cpp
