[0.138s] DEBUG:colcon:Command line arguments: ['/usr/bin/colcon', 'build']
[0.138s] DEBUG:colcon:Parsed command line arguments: Namespace(log_base=None, log_level=None, verb_name='build', build_base='build', install_base='install', merge_install=False, symlink_install=False, test_result_base=None, continue_on_error=False, executor='parallel', parallel_workers=8, event_handlers=None, ignore_user_meta=False, metas=['./colcon.meta'], base_paths=['.'], packages_ignore=None, packages_ignore_regex=None, paths=None, packages_up_to=None, packages_up_to_regex=None, packages_above=None, packages_above_and_dependencies=None, packages_above_depth=None, packages_select_by_dep=None, packages_skip_by_dep=None, packages_skip_up_to=None, packages_select_build_failed=False, packages_skip_build_finished=False, packages_select_test_failures=False, packages_skip_test_passed=False, packages_select=None, packages_skip=None, packages_select_regex=None, packages_skip_regex=None, packages_start=None, packages_end=None, allow_overriding=[], cmake_args=None, cmake_target=None, cmake_target_skip_unavailable=False, cmake_clean_cache=False, cmake_clean_first=False, cmake_force_configure=False, ament_cmake_args=None, catkin_cmake_args=None, catkin_skip_building_tests=False, verb_parser=<colcon_defaults.argument_parser.defaults.DefaultArgumentsDecorator object at 0x7ba3056ea410>, verb_extension=<colcon_core.verb.build.BuildVerb object at 0x7ba3056809a0>, main=<bound method BuildVerb.main of <colcon_core.verb.build.BuildVerb object at 0x7ba3056809a0>>)
[0.354s] Level 1:colcon.colcon_core.package_discovery:discover_packages(colcon_meta) check parameters
[0.355s] Level 1:colcon.colcon_core.package_discovery:discover_packages(recursive) check parameters
[0.355s] Level 1:colcon.colcon_core.package_discovery:discover_packages(ignore) check parameters
[0.355s] Level 1:colcon.colcon_core.package_discovery:discover_packages(path) check parameters
[0.355s] Level 1:colcon.colcon_core.package_discovery:discover_packages(colcon_meta) discover
[0.355s] Level 1:colcon.colcon_core.package_discovery:discover_packages(recursive) discover
[0.355s] INFO:colcon.colcon_core.package_discovery:Crawling recursively for packages in '/home/om/ROS2_Workshop/Day1'
[0.355s] Level 1:colcon.colcon_core.package_identification:_identify(.) by extensions ['ignore', 'ignore_ament_install']
[0.355s] Level 1:colcon.colcon_core.package_identification:_identify(.) by extension 'ignore'
[0.355s] Level 1:colcon.colcon_core.package_identification:_identify(.) by extension 'ignore_ament_install'
[0.355s] Level 1:colcon.colcon_core.package_identification:_identify(.) by extensions ['colcon_pkg']
[0.356s] Level 1:colcon.colcon_core.package_identification:_identify(.) by extension 'colcon_pkg'
[0.356s] Level 1:colcon.colcon_core.package_identification:_identify(.) by extensions ['colcon_meta']
[0.356s] Level 1:colcon.colcon_core.package_identification:_identify(.) by extension 'colcon_meta'
[0.356s] Level 1:colcon.colcon_core.package_identification:_identify(.) by extensions ['ros']
[0.356s] Level 1:colcon.colcon_core.package_identification:_identify(.) by extension 'ros'
[0.369s] Level 1:colcon.colcon_core.package_identification:_identify(.) by extensions ['cmake', 'python']
[0.370s] Level 1:colcon.colcon_core.package_identification:_identify(.) by extension 'cmake'
[0.370s] Level 1:colcon.colcon_core.package_identification:_identify(.) by extension 'python'
[0.370s] Level 1:colcon.colcon_core.package_identification:_identify(.) by extensions ['python_setup_py']
[0.370s] Level 1:colcon.colcon_core.package_identification:_identify(.) by extension 'python_setup_py'
[0.370s] Level 1:colcon.colcon_core.package_identification:_identify(build) by extensions ['ignore', 'ignore_ament_install']
[0.370s] Level 1:colcon.colcon_core.package_identification:_identify(build) by extension 'ignore'
[0.370s] Level 1:colcon.colcon_core.package_identification:_identify(build) ignored
[0.370s] Level 1:colcon.colcon_core.package_identification:_identify(install) by extensions ['ignore', 'ignore_ament_install']
[0.370s] Level 1:colcon.colcon_core.package_identification:_identify(install) by extension 'ignore'
[0.370s] Level 1:colcon.colcon_core.package_identification:_identify(install) ignored
[0.371s] Level 1:colcon.colcon_core.package_identification:_identify(log) by extensions ['ignore', 'ignore_ament_install']
[0.371s] Level 1:colcon.colcon_core.package_identification:_identify(log) by extension 'ignore'
[0.371s] Level 1:colcon.colcon_core.package_identification:_identify(log) ignored
[0.371s] Level 1:colcon.colcon_core.package_identification:_identify(src) by extensions ['ignore', 'ignore_ament_install']
[0.371s] Level 1:colcon.colcon_core.package_identification:_identify(src) by extension 'ignore'
[0.371s] Level 1:colcon.colcon_core.package_identification:_identify(src) by extension 'ignore_ament_install'
[0.371s] Level 1:colcon.colcon_core.package_identification:_identify(src) by extensions ['colcon_pkg']
[0.371s] Level 1:colcon.colcon_core.package_identification:_identify(src) by extension 'colcon_pkg'
[0.371s] Level 1:colcon.colcon_core.package_identification:_identify(src) by extensions ['colcon_meta']
[0.371s] Level 1:colcon.colcon_core.package_identification:_identify(src) by extension 'colcon_meta'
[0.371s] Level 1:colcon.colcon_core.package_identification:_identify(src) by extensions ['ros']
[0.371s] Level 1:colcon.colcon_core.package_identification:_identify(src) by extension 'ros'
[0.371s] Level 1:colcon.colcon_core.package_identification:_identify(src) by extensions ['cmake', 'python']
[0.371s] Level 1:colcon.colcon_core.package_identification:_identify(src) by extension 'cmake'
[0.371s] Level 1:colcon.colcon_core.package_identification:_identify(src) by extension 'python'
[0.371s] Level 1:colcon.colcon_core.package_identification:_identify(src) by extensions ['python_setup_py']
[0.371s] Level 1:colcon.colcon_core.package_identification:_identify(src) by extension 'python_setup_py'
[0.371s] Level 1:colcon.colcon_core.package_identification:_identify(src/day1_cpp) by extensions ['ignore', 'ignore_ament_install']
[0.372s] Level 1:colcon.colcon_core.package_identification:_identify(src/day1_cpp) by extension 'ignore'
[0.372s] Level 1:colcon.colcon_core.package_identification:_identify(src/day1_cpp) by extension 'ignore_ament_install'
[0.372s] Level 1:colcon.colcon_core.package_identification:_identify(src/day1_cpp) by extensions ['colcon_pkg']
[0.372s] Level 1:colcon.colcon_core.package_identification:_identify(src/day1_cpp) by extension 'colcon_pkg'
[0.372s] Level 1:colcon.colcon_core.package_identification:_identify(src/day1_cpp) by extensions ['colcon_meta']
[0.372s] Level 1:colcon.colcon_core.package_identification:_identify(src/day1_cpp) by extension 'colcon_meta'
[0.372s] Level 1:colcon.colcon_core.package_identification:_identify(src/day1_cpp) by extensions ['ros']
[0.372s] Level 1:colcon.colcon_core.package_identification:_identify(src/day1_cpp) by extension 'ros'
[0.375s] DEBUG:colcon.colcon_core.package_identification:Package 'src/day1_cpp' with type 'ros.ament_cmake' and name 'day1_cpp'
[0.375s] Level 1:colcon.colcon_core.package_identification:_identify(src/day2_cpp) by extensions ['ignore', 'ignore_ament_install']
[0.375s] Level 1:colcon.colcon_core.package_identification:_identify(src/day2_cpp) by extension 'ignore'
[0.375s] Level 1:colcon.colcon_core.package_identification:_identify(src/day2_cpp) by extension 'ignore_ament_install'
[0.375s] Level 1:colcon.colcon_core.package_identification:_identify(src/day2_cpp) by extensions ['colcon_pkg']
[0.375s] Level 1:colcon.colcon_core.package_identification:_identify(src/day2_cpp) by extension 'colcon_pkg'
[0.376s] Level 1:colcon.colcon_core.package_identification:_identify(src/day2_cpp) by extensions ['colcon_meta']
[0.376s] Level 1:colcon.colcon_core.package_identification:_identify(src/day2_cpp) by extension 'colcon_meta'
[0.376s] Level 1:colcon.colcon_core.package_identification:_identify(src/day2_cpp) by extensions ['ros']
[0.376s] Level 1:colcon.colcon_core.package_identification:_identify(src/day2_cpp) by extension 'ros'
[0.376s] DEBUG:colcon.colcon_core.package_identification:Package 'src/day2_cpp' with type 'ros.ament_cmake' and name 'day2_cpp'
[0.376s] Level 1:colcon.colcon_core.package_identification:_identify(src/new_robot_controller) by extensions ['ignore', 'ignore_ament_install']
[0.376s] Level 1:colcon.colcon_core.package_identification:_identify(src/new_robot_controller) by extension 'ignore'
[0.377s] Level 1:colcon.colcon_core.package_identification:_identify(src/new_robot_controller) by extension 'ignore_ament_install'
[0.377s] Level 1:colcon.colcon_core.package_identification:_identify(src/new_robot_controller) by extensions ['colcon_pkg']
[0.377s] Level 1:colcon.colcon_core.package_identification:_identify(src/new_robot_controller) by extension 'colcon_pkg'
[0.377s] Level 1:colcon.colcon_core.package_identification:_identify(src/new_robot_controller) by extensions ['colcon_meta']
[0.377s] Level 1:colcon.colcon_core.package_identification:_identify(src/new_robot_controller) by extension 'colcon_meta'
[0.377s] Level 1:colcon.colcon_core.package_identification:_identify(src/new_robot_controller) by extensions ['ros']
[0.377s] Level 1:colcon.colcon_core.package_identification:_identify(src/new_robot_controller) by extension 'ros'
[0.378s] DEBUG:colcon.colcon_core.package_identification:Package 'src/new_robot_controller' with type 'ros.ament_cmake' and name 'new_robot_controller'
[0.378s] Level 1:colcon.colcon_core.package_identification:_identify(src/new_robot_description) by extensions ['ignore', 'ignore_ament_install']
[0.379s] Level 1:colcon.colcon_core.package_identification:_identify(src/new_robot_description) by extension 'ignore'
[0.379s] Level 1:colcon.colcon_core.package_identification:_identify(src/new_robot_description) by extension 'ignore_ament_install'
[0.379s] Level 1:colcon.colcon_core.package_identification:_identify(src/new_robot_description) by extensions ['colcon_pkg']
[0.379s] Level 1:colcon.colcon_core.package_identification:_identify(src/new_robot_description) by extension 'colcon_pkg'
[0.379s] Level 1:colcon.colcon_core.package_identification:_identify(src/new_robot_description) by extensions ['colcon_meta']
[0.379s] Level 1:colcon.colcon_core.package_identification:_identify(src/new_robot_description) by extension 'colcon_meta'
[0.379s] Level 1:colcon.colcon_core.package_identification:_identify(src/new_robot_description) by extensions ['ros']
[0.379s] Level 1:colcon.colcon_core.package_identification:_identify(src/new_robot_description) by extension 'ros'
[0.380s] DEBUG:colcon.colcon_core.package_identification:Package 'src/new_robot_description' with type 'ros.ament_cmake' and name 'new_robot_description'
[0.380s] Level 1:colcon.colcon_core.package_discovery:discover_packages(recursive) using defaults
[0.380s] Level 1:colcon.colcon_core.package_discovery:discover_packages(ignore) discover
[0.380s] Level 1:colcon.colcon_core.package_discovery:discover_packages(ignore) using defaults
[0.380s] Level 1:colcon.colcon_core.package_discovery:discover_packages(path) discover
[0.380s] Level 1:colcon.colcon_core.package_discovery:discover_packages(path) using defaults
[0.438s] Level 1:colcon.colcon_core.package_discovery:discover_packages(prefix_path) check parameters
[0.438s] Level 1:colcon.colcon_core.package_discovery:discover_packages(prefix_path) discover
[0.441s] DEBUG:colcon.colcon_installed_package_information.package_discovery:Found 4 installed packages in /home/om/pico_ws2/install
[0.442s] DEBUG:colcon.colcon_installed_package_information.package_discovery:Found 16 installed packages in /home/om/turtlebot3_ws/install
[0.443s] DEBUG:colcon.colcon_installed_package_information.package_discovery:Found 16 installed packages in /home/om/pico_ws/install
[0.444s] DEBUG:colcon.colcon_installed_package_information.package_discovery:Found 10 installed packages in /home/om/slambot/install
[0.446s] DEBUG:colcon.colcon_installed_package_information.package_discovery:Found 438 installed packages in /opt/ros/humble
[0.449s] Level 1:colcon.colcon_core.package_discovery:discover_packages(prefix_path) using defaults
[0.516s] Level 5:colcon.colcon_core.verb:set package 'day1_cpp' build argument 'cmake_args' from command line to 'None'
[0.516s] Level 5:colcon.colcon_core.verb:set package 'day1_cpp' build argument 'cmake_target' from command line to 'None'
[0.516s] Level 5:colcon.colcon_core.verb:set package 'day1_cpp' build argument 'cmake_target_skip_unavailable' from command line to 'False'
[0.516s] Level 5:colcon.colcon_core.verb:set package 'day1_cpp' build argument 'cmake_clean_cache' from command line to 'False'
[0.516s] Level 5:colcon.colcon_core.verb:set package 'day1_cpp' build argument 'cmake_clean_first' from command line to 'False'
[0.516s] Level 5:colcon.colcon_core.verb:set package 'day1_cpp' build argument 'cmake_force_configure' from command line to 'False'
[0.516s] Level 5:colcon.colcon_core.verb:set package 'day1_cpp' build argument 'ament_cmake_args' from command line to 'None'
[0.517s] Level 5:colcon.colcon_core.verb:set package 'day1_cpp' build argument 'catkin_cmake_args' from command line to 'None'
[0.517s] Level 5:colcon.colcon_core.verb:set package 'day1_cpp' build argument 'catkin_skip_building_tests' from command line to 'False'
[0.517s] DEBUG:colcon.colcon_core.verb:Building package 'day1_cpp' with the following arguments: {'ament_cmake_args': None, 'build_base': '/home/om/ROS2_Workshop/Day1/build/day1_cpp', 'catkin_cmake_args': None, 'catkin_skip_building_tests': False, 'cmake_args': None, 'cmake_clean_cache': False, 'cmake_clean_first': False, 'cmake_force_configure': False, 'cmake_target': None, 'cmake_target_skip_unavailable': False, 'install_base': '/home/om/ROS2_Workshop/Day1/install/day1_cpp', 'merge_install': False, 'path': '/home/om/ROS2_Workshop/Day1/src/day1_cpp', 'symlink_install': False, 'test_result_base': None}
[0.517s] Level 5:colcon.colcon_core.verb:set package 'day2_cpp' build argument 'cmake_args' from command line to 'None'
[0.517s] Level 5:colcon.colcon_core.verb:set package 'day2_cpp' build argument 'cmake_target' from command line to 'None'
[0.517s] Level 5:colcon.colcon_core.verb:set package 'day2_cpp' build argument 'cmake_target_skip_unavailable' from command line to 'False'
[0.517s] Level 5:colcon.colcon_core.verb:set package 'day2_cpp' build argument 'cmake_clean_cache' from command line to 'False'
[0.517s] Level 5:colcon.colcon_core.verb:set package 'day2_cpp' build argument 'cmake_clean_first' from command line to 'False'
[0.517s] Level 5:colcon.colcon_core.verb:set package 'day2_cpp' build argument 'cmake_force_configure' from command line to 'False'
[0.517s] Level 5:colcon.colcon_core.verb:set package 'day2_cpp' build argument 'ament_cmake_args' from command line to 'None'
[0.517s] Level 5:colcon.colcon_core.verb:set package 'day2_cpp' build argument 'catkin_cmake_args' from command line to 'None'
[0.517s] Level 5:colcon.colcon_core.verb:set package 'day2_cpp' build argument 'catkin_skip_building_tests' from command line to 'False'
[0.517s] DEBUG:colcon.colcon_core.verb:Building package 'day2_cpp' with the following arguments: {'ament_cmake_args': None, 'build_base': '/home/om/ROS2_Workshop/Day1/build/day2_cpp', 'catkin_cmake_args': None, 'catkin_skip_building_tests': False, 'cmake_args': None, 'cmake_clean_cache': False, 'cmake_clean_first': False, 'cmake_force_configure': False, 'cmake_target': None, 'cmake_target_skip_unavailable': False, 'install_base': '/home/om/ROS2_Workshop/Day1/install/day2_cpp', 'merge_install': False, 'path': '/home/om/ROS2_Workshop/Day1/src/day2_cpp', 'symlink_install': False, 'test_result_base': None}
[0.518s] Level 5:colcon.colcon_core.verb:set package 'new_robot_controller' build argument 'cmake_args' from command line to 'None'
[0.518s] Level 5:colcon.colcon_core.verb:set package 'new_robot_controller' build argument 'cmake_target' from command line to 'None'
[0.518s] Level 5:colcon.colcon_core.verb:set package 'new_robot_controller' build argument 'cmake_target_skip_unavailable' from command line to 'False'
[0.518s] Level 5:colcon.colcon_core.verb:set package 'new_robot_controller' build argument 'cmake_clean_cache' from command line to 'False'
[0.518s] Level 5:colcon.colcon_core.verb:set package 'new_robot_controller' build argument 'cmake_clean_first' from command line to 'False'
[0.518s] Level 5:colcon.colcon_core.verb:set package 'new_robot_controller' build argument 'cmake_force_configure' from command line to 'False'
[0.518s] Level 5:colcon.colcon_core.verb:set package 'new_robot_controller' build argument 'ament_cmake_args' from command line to 'None'
[0.518s] Level 5:colcon.colcon_core.verb:set package 'new_robot_controller' build argument 'catkin_cmake_args' from command line to 'None'
[0.518s] Level 5:colcon.colcon_core.verb:set package 'new_robot_controller' build argument 'catkin_skip_building_tests' from command line to 'False'
[0.518s] DEBUG:colcon.colcon_core.verb:Building package 'new_robot_controller' with the following arguments: {'ament_cmake_args': None, 'build_base': '/home/om/ROS2_Workshop/Day1/build/new_robot_controller', 'catkin_cmake_args': None, 'catkin_skip_building_tests': False, 'cmake_args': None, 'cmake_clean_cache': False, 'cmake_clean_first': False, 'cmake_force_configure': False, 'cmake_target': None, 'cmake_target_skip_unavailable': False, 'install_base': '/home/om/ROS2_Workshop/Day1/install/new_robot_controller', 'merge_install': False, 'path': '/home/om/ROS2_Workshop/Day1/src/new_robot_controller', 'symlink_install': False, 'test_result_base': None}
[0.518s] Level 5:colcon.colcon_core.verb:set package 'new_robot_description' build argument 'cmake_args' from command line to 'None'
[0.518s] Level 5:colcon.colcon_core.verb:set package 'new_robot_description' build argument 'cmake_target' from command line to 'None'
[0.518s] Level 5:colcon.colcon_core.verb:set package 'new_robot_description' build argument 'cmake_target_skip_unavailable' from command line to 'False'
[0.518s] Level 5:colcon.colcon_core.verb:set package 'new_robot_description' build argument 'cmake_clean_cache' from command line to 'False'
[0.518s] Level 5:colcon.colcon_core.verb:set package 'new_robot_description' build argument 'cmake_clean_first' from command line to 'False'
[0.518s] Level 5:colcon.colcon_core.verb:set package 'new_robot_description' build argument 'cmake_force_configure' from command line to 'False'
[0.518s] Level 5:colcon.colcon_core.verb:set package 'new_robot_description' build argument 'ament_cmake_args' from command line to 'None'
[0.518s] Level 5:colcon.colcon_core.verb:set package 'new_robot_description' build argument 'catkin_cmake_args' from command line to 'None'
[0.518s] Level 5:colcon.colcon_core.verb:set package 'new_robot_description' build argument 'catkin_skip_building_tests' from command line to 'False'
[0.518s] DEBUG:colcon.colcon_core.verb:Building package 'new_robot_description' with the following arguments: {'ament_cmake_args': None, 'build_base': '/home/om/ROS2_Workshop/Day1/build/new_robot_description', 'catkin_cmake_args': None, 'catkin_skip_building_tests': False, 'cmake_args': None, 'cmake_clean_cache': False, 'cmake_clean_first': False, 'cmake_force_configure': False, 'cmake_target': None, 'cmake_target_skip_unavailable': False, 'install_base': '/home/om/ROS2_Workshop/Day1/install/new_robot_description', 'merge_install': False, 'path': '/home/om/ROS2_Workshop/Day1/src/new_robot_description', 'symlink_install': False, 'test_result_base': None}
[0.519s] INFO:colcon.colcon_core.executor:Executing jobs using 'parallel' executor
[0.520s] DEBUG:colcon.colcon_parallel_executor.executor.parallel:run_until_complete
[0.520s] INFO:colcon.colcon_ros.task.ament_cmake.build:Building ROS package in '/home/om/ROS2_Workshop/Day1/src/day1_cpp' with build type 'ament_cmake'
[0.521s] INFO:colcon.colcon_cmake.task.cmake.build:Building CMake package in '/home/om/ROS2_Workshop/Day1/src/day1_cpp'
[0.524s] INFO:colcon.colcon_core.plugin_system:Skipping extension 'colcon_core.shell.bat': Not used on non-Windows systems
[0.524s] INFO:colcon.colcon_core.shell:Skip shell extension 'powershell' for command environment: Not usable outside of PowerShell
[0.524s] DEBUG:colcon.colcon_core.shell:Skip shell extension 'dsv' for command environment
[0.533s] INFO:colcon.colcon_ros.task.ament_cmake.build:Building ROS package in '/home/om/ROS2_Workshop/Day1/src/day2_cpp' with build type 'ament_cmake'
[0.533s] INFO:colcon.colcon_cmake.task.cmake.build:Building CMake package in '/home/om/ROS2_Workshop/Day1/src/day2_cpp'
[0.533s] INFO:colcon.colcon_core.shell:Skip shell extension 'powershell' for command environment: Not usable outside of PowerShell
[0.533s] DEBUG:colcon.colcon_core.shell:Skip shell extension 'dsv' for command environment
[0.542s] INFO:colcon.colcon_ros.task.ament_cmake.build:Building ROS package in '/home/om/ROS2_Workshop/Day1/src/new_robot_controller' with build type 'ament_cmake'
[0.543s] INFO:colcon.colcon_cmake.task.cmake.build:Building CMake package in '/home/om/ROS2_Workshop/Day1/src/new_robot_controller'
[0.543s] INFO:colcon.colcon_core.shell:Skip shell extension 'powershell' for command environment: Not usable outside of PowerShell
[0.543s] DEBUG:colcon.colcon_core.shell:Skip shell extension 'dsv' for command environment
[0.552s] INFO:colcon.colcon_ros.task.ament_cmake.build:Building ROS package in '/home/om/ROS2_Workshop/Day1/src/new_robot_description' with build type 'ament_cmake'
[0.552s] INFO:colcon.colcon_cmake.task.cmake.build:Building CMake package in '/home/om/ROS2_Workshop/Day1/src/new_robot_description'
[0.553s] INFO:colcon.colcon_core.shell:Skip shell extension 'powershell' for command environment: Not usable outside of PowerShell
[0.553s] DEBUG:colcon.colcon_core.shell:Skip shell extension 'dsv' for command environment
[0.568s] DEBUG:colcon.colcon_core.event_handler.log_command:Invoking command in '/home/om/ROS2_Workshop/Day1/build/day1_cpp': CMAKE_PREFIX_PATH=${CMAKE_PREFIX_PATH}:/home/om/turtlebot3_ws/install/vfh_control:/home/om/turtlebot3_ws/install/turtlebot3_teleop:/home/om/turtlebot3_ws/install/turtlebot3_example:/home/om/pico_ws2/install/crsf_ros2:/home/om/slambot/install/gesture_control:/home/om/slambot/install/ges_control:/opt/ros/humble /usr/bin/cmake --build /home/om/ROS2_Workshop/Day1/build/day1_cpp -- -j8 -l8
[0.576s] DEBUG:colcon.colcon_core.event_handler.log_command:Invoking command in '/home/om/ROS2_Workshop/Day1/build/day2_cpp': CMAKE_PREFIX_PATH=${CMAKE_PREFIX_PATH}:/home/om/turtlebot3_ws/install/vfh_control:/home/om/turtlebot3_ws/install/turtlebot3_teleop:/home/om/turtlebot3_ws/install/turtlebot3_example:/home/om/pico_ws2/install/crsf_ros2:/home/om/slambot/install/gesture_control:/home/om/slambot/install/ges_control:/opt/ros/humble /usr/bin/cmake --build /home/om/ROS2_Workshop/Day1/build/day2_cpp -- -j8 -l8
[0.581s] DEBUG:colcon.colcon_core.event_handler.log_command:Invoking command in '/home/om/ROS2_Workshop/Day1/build/new_robot_controller': CMAKE_PREFIX_PATH=${CMAKE_PREFIX_PATH}:/home/om/turtlebot3_ws/install/vfh_control:/home/om/turtlebot3_ws/install/turtlebot3_teleop:/home/om/turtlebot3_ws/install/turtlebot3_example:/home/om/pico_ws2/install/crsf_ros2:/home/om/slambot/install/gesture_control:/home/om/slambot/install/ges_control:/opt/ros/humble /usr/bin/cmake /home/om/ROS2_Workshop/Day1/src/new_robot_controller -DCMAKE_INSTALL_PREFIX=/home/om/ROS2_Workshop/Day1/install/new_robot_controller
[0.588s] DEBUG:colcon.colcon_core.event_handler.log_command:Invoking command in '/home/om/ROS2_Workshop/Day1/build/new_robot_description': CMAKE_PREFIX_PATH=${CMAKE_PREFIX_PATH}:/home/om/turtlebot3_ws/install/vfh_control:/home/om/turtlebot3_ws/install/turtlebot3_teleop:/home/om/turtlebot3_ws/install/turtlebot3_example:/home/om/pico_ws2/install/crsf_ros2:/home/om/slambot/install/gesture_control:/home/om/slambot/install/ges_control:/opt/ros/humble /usr/bin/cmake --build /home/om/ROS2_Workshop/Day1/build/new_robot_description -- -j8 -l8
[0.638s] DEBUG:colcon.colcon_core.event_handler.log_command:Invoked command in '/home/om/ROS2_Workshop/Day1/build/day2_cpp' returned '0': CMAKE_PREFIX_PATH=${CMAKE_PREFIX_PATH}:/home/om/turtlebot3_ws/install/vfh_control:/home/om/turtlebot3_ws/install/turtlebot3_teleop:/home/om/turtlebot3_ws/install/turtlebot3_example:/home/om/pico_ws2/install/crsf_ros2:/home/om/slambot/install/gesture_control:/home/om/slambot/install/ges_control:/opt/ros/humble /usr/bin/cmake --build /home/om/ROS2_Workshop/Day1/build/day2_cpp -- -j8 -l8
[0.655s] DEBUG:colcon.colcon_core.event_handler.log_command:Invoking command in '/home/om/ROS2_Workshop/Day1/build/day2_cpp': CMAKE_PREFIX_PATH=${CMAKE_PREFIX_PATH}:/home/om/turtlebot3_ws/install/vfh_control:/home/om/turtlebot3_ws/install/turtlebot3_teleop:/home/om/turtlebot3_ws/install/turtlebot3_example:/home/om/pico_ws2/install/crsf_ros2:/home/om/slambot/install/gesture_control:/home/om/slambot/install/ges_control:/opt/ros/humble /usr/bin/cmake --install /home/om/ROS2_Workshop/Day1/build/day2_cpp
[0.659s] DEBUG:colcon.colcon_core.event_handler.log_command:Invoked command in '/home/om/ROS2_Workshop/Day1/build/new_robot_description' returned '0': CMAKE_PREFIX_PATH=${CMAKE_PREFIX_PATH}:/home/om/turtlebot3_ws/install/vfh_control:/home/om/turtlebot3_ws/install/turtlebot3_teleop:/home/om/turtlebot3_ws/install/turtlebot3_example:/home/om/pico_ws2/install/crsf_ros2:/home/om/slambot/install/gesture_control:/home/om/slambot/install/ges_control:/opt/ros/humble /usr/bin/cmake --build /home/om/ROS2_Workshop/Day1/build/new_robot_description -- -j8 -l8
[0.661s] DEBUG:colcon.colcon_core.event_handler.log_command:Invoking command in '/home/om/ROS2_Workshop/Day1/build/new_robot_description': CMAKE_PREFIX_PATH=${CMAKE_PREFIX_PATH}:/home/om/turtlebot3_ws/install/vfh_control:/home/om/turtlebot3_ws/install/turtlebot3_teleop:/home/om/turtlebot3_ws/install/turtlebot3_example:/home/om/pico_ws2/install/crsf_ros2:/home/om/slambot/install/gesture_control:/home/om/slambot/install/ges_control:/opt/ros/humble /usr/bin/cmake --install /home/om/ROS2_Workshop/Day1/build/new_robot_description
[0.673s] Level 1:colcon.colcon_core.environment:create_environment_scripts_only(day2_cpp)
[0.677s] DEBUG:colcon.colcon_core.event_handler.log_command:Invoked command in '/home/om/ROS2_Workshop/Day1/build/day2_cpp' returned '0': CMAKE_PREFIX_PATH=${CMAKE_PREFIX_PATH}:/home/om/turtlebot3_ws/install/vfh_control:/home/om/turtlebot3_ws/install/turtlebot3_teleop:/home/om/turtlebot3_ws/install/turtlebot3_example:/home/om/pico_ws2/install/crsf_ros2:/home/om/slambot/install/gesture_control:/home/om/slambot/install/ges_control:/opt/ros/humble /usr/bin/cmake --install /home/om/ROS2_Workshop/Day1/build/day2_cpp
[0.679s] Level 1:colcon.colcon_core.environment:checking '/home/om/ROS2_Workshop/Day1/install/day2_cpp' for CMake module files
[0.679s] Level 1:colcon.colcon_core.environment:checking '/home/om/ROS2_Workshop/Day1/install/day2_cpp' for CMake config files
[0.680s] Level 1:colcon.colcon_core.shell:create_environment_hook('day2_cpp', 'cmake_prefix_path')
[0.680s] INFO:colcon.colcon_core.shell:Creating environment hook '/home/om/ROS2_Workshop/Day1/install/day2_cpp/share/day2_cpp/hook/cmake_prefix_path.ps1'
[0.681s] INFO:colcon.colcon_core.shell:Creating environment descriptor '/home/om/ROS2_Workshop/Day1/install/day2_cpp/share/day2_cpp/hook/cmake_prefix_path.dsv'
[0.681s] INFO:colcon.colcon_core.shell:Creating environment hook '/home/om/ROS2_Workshop/Day1/install/day2_cpp/share/day2_cpp/hook/cmake_prefix_path.sh'
[0.682s] Level 1:colcon.colcon_core.environment:checking '/home/om/ROS2_Workshop/Day1/install/day2_cpp/bin'
[0.683s] Level 1:colcon.colcon_core.environment:checking '/home/om/ROS2_Workshop/Day1/install/day2_cpp/lib/pkgconfig/day2_cpp.pc'
[0.683s] Level 1:colcon.colcon_core.environment:checking '/home/om/ROS2_Workshop/Day1/install/day2_cpp/lib/python3.10/site-packages'
[0.683s] Level 1:colcon.colcon_core.environment:checking '/home/om/ROS2_Workshop/Day1/install/day2_cpp/bin'
[0.683s] INFO:colcon.colcon_core.shell:Creating package script '/home/om/ROS2_Workshop/Day1/install/day2_cpp/share/day2_cpp/package.ps1'
[0.685s] INFO:colcon.colcon_core.shell:Creating package descriptor '/home/om/ROS2_Workshop/Day1/install/day2_cpp/share/day2_cpp/package.dsv'
[0.685s] INFO:colcon.colcon_core.shell:Creating package script '/home/om/ROS2_Workshop/Day1/install/day2_cpp/share/day2_cpp/package.sh'
[0.687s] INFO:colcon.colcon_core.shell:Creating package script '/home/om/ROS2_Workshop/Day1/install/day2_cpp/share/day2_cpp/package.bash'
[0.687s] INFO:colcon.colcon_core.shell:Creating package script '/home/om/ROS2_Workshop/Day1/install/day2_cpp/share/day2_cpp/package.zsh'
[0.688s] Level 1:colcon.colcon_core.environment:create_file_with_runtime_dependencies(/home/om/ROS2_Workshop/Day1/install/day2_cpp/share/colcon-core/packages/day2_cpp)
[0.689s] Level 1:colcon.colcon_core.environment:create_environment_scripts_only(day2_cpp)
[0.690s] Level 1:colcon.colcon_core.environment:checking '/home/om/ROS2_Workshop/Day1/install/day2_cpp' for CMake module files
[0.690s] Level 1:colcon.colcon_core.environment:checking '/home/om/ROS2_Workshop/Day1/install/day2_cpp' for CMake config files
[0.690s] Level 1:colcon.colcon_core.shell:create_environment_hook('day2_cpp', 'cmake_prefix_path')
[0.691s] INFO:colcon.colcon_core.shell:Creating environment hook '/home/om/ROS2_Workshop/Day1/install/day2_cpp/share/day2_cpp/hook/cmake_prefix_path.ps1'
[0.691s] INFO:colcon.colcon_core.shell:Creating environment descriptor '/home/om/ROS2_Workshop/Day1/install/day2_cpp/share/day2_cpp/hook/cmake_prefix_path.dsv'
[0.692s] INFO:colcon.colcon_core.shell:Creating environment hook '/home/om/ROS2_Workshop/Day1/install/day2_cpp/share/day2_cpp/hook/cmake_prefix_path.sh'
[0.692s] Level 1:colcon.colcon_core.environment:checking '/home/om/ROS2_Workshop/Day1/install/day2_cpp/bin'
[0.692s] Level 1:colcon.colcon_core.environment:checking '/home/om/ROS2_Workshop/Day1/install/day2_cpp/lib/pkgconfig/day2_cpp.pc'
[0.693s] Level 1:colcon.colcon_core.environment:checking '/home/om/ROS2_Workshop/Day1/install/day2_cpp/lib/python3.10/site-packages'
[0.693s] Level 1:colcon.colcon_core.environment:checking '/home/om/ROS2_Workshop/Day1/install/day2_cpp/bin'
[0.693s] INFO:colcon.colcon_core.shell:Creating package script '/home/om/ROS2_Workshop/Day1/install/day2_cpp/share/day2_cpp/package.ps1'
[0.694s] INFO:colcon.colcon_core.shell:Creating package descriptor '/home/om/ROS2_Workshop/Day1/install/day2_cpp/share/day2_cpp/package.dsv'
[0.694s] INFO:colcon.colcon_core.shell:Creating package script '/home/om/ROS2_Workshop/Day1/install/day2_cpp/share/day2_cpp/package.sh'
[0.695s] INFO:colcon.colcon_core.shell:Creating package script '/home/om/ROS2_Workshop/Day1/install/day2_cpp/share/day2_cpp/package.bash'
[0.695s] INFO:colcon.colcon_core.shell:Creating package script '/home/om/ROS2_Workshop/Day1/install/day2_cpp/share/day2_cpp/package.zsh'
[0.696s] Level 1:colcon.colcon_core.environment:create_file_with_runtime_dependencies(/home/om/ROS2_Workshop/Day1/install/day2_cpp/share/colcon-core/packages/day2_cpp)
[0.697s] Level 1:colcon.colcon_core.environment:create_environment_scripts_only(new_robot_description)
[0.698s] Level 1:colcon.colcon_core.environment:checking '/home/om/ROS2_Workshop/Day1/install/new_robot_description' for CMake module files
[0.699s] DEBUG:colcon.colcon_core.event_handler.log_command:Invoked command in '/home/om/ROS2_Workshop/Day1/build/new_robot_description' returned '0': CMAKE_PREFIX_PATH=${CMAKE_PREFIX_PATH}:/home/om/turtlebot3_ws/install/vfh_control:/home/om/turtlebot3_ws/install/turtlebot3_teleop:/home/om/turtlebot3_ws/install/turtlebot3_example:/home/om/pico_ws2/install/crsf_ros2:/home/om/slambot/install/gesture_control:/home/om/slambot/install/ges_control:/opt/ros/humble /usr/bin/cmake --install /home/om/ROS2_Workshop/Day1/build/new_robot_description
[0.699s] Level 1:colcon.colcon_core.environment:checking '/home/om/ROS2_Workshop/Day1/install/new_robot_description' for CMake config files
[0.700s] Level 1:colcon.colcon_core.shell:create_environment_hook('new_robot_description', 'cmake_prefix_path')
[0.700s] INFO:colcon.colcon_core.shell:Creating environment hook '/home/om/ROS2_Workshop/Day1/install/new_robot_description/share/new_robot_description/hook/cmake_prefix_path.ps1'
[0.701s] INFO:colcon.colcon_core.shell:Creating environment descriptor '/home/om/ROS2_Workshop/Day1/install/new_robot_description/share/new_robot_description/hook/cmake_prefix_path.dsv'
[0.701s] INFO:colcon.colcon_core.shell:Creating environment hook '/home/om/ROS2_Workshop/Day1/install/new_robot_description/share/new_robot_description/hook/cmake_prefix_path.sh'
[0.702s] Level 1:colcon.colcon_core.environment:checking '/home/om/ROS2_Workshop/Day1/install/new_robot_description/bin'
[0.702s] Level 1:colcon.colcon_core.environment:checking '/home/om/ROS2_Workshop/Day1/install/new_robot_description/lib/pkgconfig/new_robot_description.pc'
[0.702s] Level 1:colcon.colcon_core.environment:checking '/home/om/ROS2_Workshop/Day1/install/new_robot_description/lib/python3.10/site-packages'
[0.702s] Level 1:colcon.colcon_core.environment:checking '/home/om/ROS2_Workshop/Day1/install/new_robot_description/bin'
[0.703s] INFO:colcon.colcon_core.shell:Creating package script '/home/om/ROS2_Workshop/Day1/install/new_robot_description/share/new_robot_description/package.ps1'
[0.703s] INFO:colcon.colcon_core.shell:Creating package descriptor '/home/om/ROS2_Workshop/Day1/install/new_robot_description/share/new_robot_description/package.dsv'
[0.704s] INFO:colcon.colcon_core.shell:Creating package script '/home/om/ROS2_Workshop/Day1/install/new_robot_description/share/new_robot_description/package.sh'
[0.704s] INFO:colcon.colcon_core.shell:Creating package script '/home/om/ROS2_Workshop/Day1/install/new_robot_description/share/new_robot_description/package.bash'
[0.705s] INFO:colcon.colcon_core.shell:Creating package script '/home/om/ROS2_Workshop/Day1/install/new_robot_description/share/new_robot_description/package.zsh'
[0.705s] Level 1:colcon.colcon_core.environment:create_file_with_runtime_dependencies(/home/om/ROS2_Workshop/Day1/install/new_robot_description/share/colcon-core/packages/new_robot_description)
[0.706s] Level 1:colcon.colcon_core.environment:create_environment_scripts_only(new_robot_description)
[0.706s] Level 1:colcon.colcon_core.environment:checking '/home/om/ROS2_Workshop/Day1/install/new_robot_description' for CMake module files
[0.706s] Level 1:colcon.colcon_core.environment:checking '/home/om/ROS2_Workshop/Day1/install/new_robot_description' for CMake config files
[0.707s] Level 1:colcon.colcon_core.shell:create_environment_hook('new_robot_description', 'cmake_prefix_path')
[0.707s] INFO:colcon.colcon_core.shell:Creating environment hook '/home/om/ROS2_Workshop/Day1/install/new_robot_description/share/new_robot_description/hook/cmake_prefix_path.ps1'
[0.707s] INFO:colcon.colcon_core.shell:Creating environment descriptor '/home/om/ROS2_Workshop/Day1/install/new_robot_description/share/new_robot_description/hook/cmake_prefix_path.dsv'
[0.708s] INFO:colcon.colcon_core.shell:Creating environment hook '/home/om/ROS2_Workshop/Day1/install/new_robot_description/share/new_robot_description/hook/cmake_prefix_path.sh'
[0.709s] Level 1:colcon.colcon_core.environment:checking '/home/om/ROS2_Workshop/Day1/install/new_robot_description/bin'
[0.709s] Level 1:colcon.colcon_core.environment:checking '/home/om/ROS2_Workshop/Day1/install/new_robot_description/lib/pkgconfig/new_robot_description.pc'
[0.709s] Level 1:colcon.colcon_core.environment:checking '/home/om/ROS2_Workshop/Day1/install/new_robot_description/lib/python3.10/site-packages'
[0.709s] Level 1:colcon.colcon_core.environment:checking '/home/om/ROS2_Workshop/Day1/install/new_robot_description/bin'
[0.709s] INFO:colcon.colcon_core.shell:Creating package script '/home/om/ROS2_Workshop/Day1/install/new_robot_description/share/new_robot_description/package.ps1'
[0.710s] INFO:colcon.colcon_core.shell:Creating package descriptor '/home/om/ROS2_Workshop/Day1/install/new_robot_description/share/new_robot_description/package.dsv'
[0.711s] INFO:colcon.colcon_core.shell:Creating package script '/home/om/ROS2_Workshop/Day1/install/new_robot_description/share/new_robot_description/package.sh'
[0.711s] INFO:colcon.colcon_core.shell:Creating package script '/home/om/ROS2_Workshop/Day1/install/new_robot_description/share/new_robot_description/package.bash'
[0.712s] INFO:colcon.colcon_core.shell:Creating package script '/home/om/ROS2_Workshop/Day1/install/new_robot_description/share/new_robot_description/package.zsh'
[0.712s] Level 1:colcon.colcon_core.environment:create_file_with_runtime_dependencies(/home/om/ROS2_Workshop/Day1/install/new_robot_description/share/colcon-core/packages/new_robot_description)
[0.715s] DEBUG:colcon.colcon_core.event_handler.log_command:Invoked command in '/home/om/ROS2_Workshop/Day1/build/day1_cpp' returned '0': CMAKE_PREFIX_PATH=${CMAKE_PREFIX_PATH}:/home/om/turtlebot3_ws/install/vfh_control:/home/om/turtlebot3_ws/install/turtlebot3_teleop:/home/om/turtlebot3_ws/install/turtlebot3_example:/home/om/pico_ws2/install/crsf_ros2:/home/om/slambot/install/gesture_control:/home/om/slambot/install/ges_control:/opt/ros/humble /usr/bin/cmake --build /home/om/ROS2_Workshop/Day1/build/day1_cpp -- -j8 -l8
[0.717s] DEBUG:colcon.colcon_core.event_handler.log_command:Invoking command in '/home/om/ROS2_Workshop/Day1/build/day1_cpp': CMAKE_PREFIX_PATH=${CMAKE_PREFIX_PATH}:/home/om/turtlebot3_ws/install/vfh_control:/home/om/turtlebot3_ws/install/turtlebot3_teleop:/home/om/turtlebot3_ws/install/turtlebot3_example:/home/om/pico_ws2/install/crsf_ros2:/home/om/slambot/install/gesture_control:/home/om/slambot/install/ges_control:/opt/ros/humble /usr/bin/cmake --install /home/om/ROS2_Workshop/Day1/build/day1_cpp
[0.741s] Level 1:colcon.colcon_core.environment:create_environment_scripts_only(day1_cpp)
[0.742s] Level 1:colcon.colcon_core.environment:checking '/home/om/ROS2_Workshop/Day1/install/day1_cpp' for CMake module files
[0.742s] DEBUG:colcon.colcon_core.event_handler.log_command:Invoked command in '/home/om/ROS2_Workshop/Day1/build/day1_cpp' returned '0': CMAKE_PREFIX_PATH=${CMAKE_PREFIX_PATH}:/home/om/turtlebot3_ws/install/vfh_control:/home/om/turtlebot3_ws/install/turtlebot3_teleop:/home/om/turtlebot3_ws/install/turtlebot3_example:/home/om/pico_ws2/install/crsf_ros2:/home/om/slambot/install/gesture_control:/home/om/slambot/install/ges_control:/opt/ros/humble /usr/bin/cmake --install /home/om/ROS2_Workshop/Day1/build/day1_cpp
[0.743s] Level 1:colcon.colcon_core.environment:checking '/home/om/ROS2_Workshop/Day1/install/day1_cpp' for CMake config files
[0.743s] Level 1:colcon.colcon_core.shell:create_environment_hook('day1_cpp', 'cmake_prefix_path')
[0.744s] INFO:colcon.colcon_core.shell:Creating environment hook '/home/om/ROS2_Workshop/Day1/install/day1_cpp/share/day1_cpp/hook/cmake_prefix_path.ps1'
[0.745s] INFO:colcon.colcon_core.shell:Creating environment descriptor '/home/om/ROS2_Workshop/Day1/install/day1_cpp/share/day1_cpp/hook/cmake_prefix_path.dsv'
[0.745s] INFO:colcon.colcon_core.shell:Creating environment hook '/home/om/ROS2_Workshop/Day1/install/day1_cpp/share/day1_cpp/hook/cmake_prefix_path.sh'
[0.745s] Level 1:colcon.colcon_core.environment:checking '/home/om/ROS2_Workshop/Day1/install/day1_cpp/lib'
[0.746s] Level 1:colcon.colcon_core.environment:checking '/home/om/ROS2_Workshop/Day1/install/day1_cpp/bin'
[0.746s] Level 1:colcon.colcon_core.environment:checking '/home/om/ROS2_Workshop/Day1/install/day1_cpp/lib/pkgconfig/day1_cpp.pc'
[0.746s] Level 1:colcon.colcon_core.environment:checking '/home/om/ROS2_Workshop/Day1/install/day1_cpp/lib/python3.10/site-packages'
[0.746s] Level 1:colcon.colcon_core.environment:checking '/home/om/ROS2_Workshop/Day1/install/day1_cpp/bin'
[0.747s] INFO:colcon.colcon_core.shell:Creating package script '/home/om/ROS2_Workshop/Day1/install/day1_cpp/share/day1_cpp/package.ps1'
[0.747s] INFO:colcon.colcon_core.shell:Creating package descriptor '/home/om/ROS2_Workshop/Day1/install/day1_cpp/share/day1_cpp/package.dsv'
[0.748s] INFO:colcon.colcon_core.shell:Creating package script '/home/om/ROS2_Workshop/Day1/install/day1_cpp/share/day1_cpp/package.sh'
[0.748s] INFO:colcon.colcon_core.shell:Creating package script '/home/om/ROS2_Workshop/Day1/install/day1_cpp/share/day1_cpp/package.bash'
[0.749s] INFO:colcon.colcon_core.shell:Creating package script '/home/om/ROS2_Workshop/Day1/install/day1_cpp/share/day1_cpp/package.zsh'
[0.749s] Level 1:colcon.colcon_core.environment:create_file_with_runtime_dependencies(/home/om/ROS2_Workshop/Day1/install/day1_cpp/share/colcon-core/packages/day1_cpp)
[0.750s] Level 1:colcon.colcon_core.environment:create_environment_scripts_only(day1_cpp)
[0.750s] Level 1:colcon.colcon_core.environment:checking '/home/om/ROS2_Workshop/Day1/install/day1_cpp' for CMake module files
[0.751s] Level 1:colcon.colcon_core.environment:checking '/home/om/ROS2_Workshop/Day1/install/day1_cpp' for CMake config files
[0.751s] Level 1:colcon.colcon_core.shell:create_environment_hook('day1_cpp', 'cmake_prefix_path')
[0.751s] INFO:colcon.colcon_core.shell:Creating environment hook '/home/om/ROS2_Workshop/Day1/install/day1_cpp/share/day1_cpp/hook/cmake_prefix_path.ps1'
[0.752s] INFO:colcon.colcon_core.shell:Creating environment descriptor '/home/om/ROS2_Workshop/Day1/install/day1_cpp/share/day1_cpp/hook/cmake_prefix_path.dsv'
[0.752s] INFO:colcon.colcon_core.shell:Creating environment hook '/home/om/ROS2_Workshop/Day1/install/day1_cpp/share/day1_cpp/hook/cmake_prefix_path.sh'
[0.753s] Level 1:colcon.colcon_core.environment:checking '/home/om/ROS2_Workshop/Day1/install/day1_cpp/lib'
[0.753s] Level 1:colcon.colcon_core.environment:checking '/home/om/ROS2_Workshop/Day1/install/day1_cpp/bin'
[0.753s] Level 1:colcon.colcon_core.environment:checking '/home/om/ROS2_Workshop/Day1/install/day1_cpp/lib/pkgconfig/day1_cpp.pc'
[0.753s] Level 1:colcon.colcon_core.environment:checking '/home/om/ROS2_Workshop/Day1/install/day1_cpp/lib/python3.10/site-packages'
[0.754s] Level 1:colcon.colcon_core.environment:checking '/home/om/ROS2_Workshop/Day1/install/day1_cpp/bin'
[0.754s] INFO:colcon.colcon_core.shell:Creating package script '/home/om/ROS2_Workshop/Day1/install/day1_cpp/share/day1_cpp/package.ps1'
[0.755s] INFO:colcon.colcon_core.shell:Creating package descriptor '/home/om/ROS2_Workshop/Day1/install/day1_cpp/share/day1_cpp/package.dsv'
[0.756s] INFO:colcon.colcon_core.shell:Creating package script '/home/om/ROS2_Workshop/Day1/install/day1_cpp/share/day1_cpp/package.sh'
[0.756s] INFO:colcon.colcon_core.shell:Creating package script '/home/om/ROS2_Workshop/Day1/install/day1_cpp/share/day1_cpp/package.bash'
[0.756s] INFO:colcon.colcon_core.shell:Creating package script '/home/om/ROS2_Workshop/Day1/install/day1_cpp/share/day1_cpp/package.zsh'
[0.757s] Level 1:colcon.colcon_core.environment:create_file_with_runtime_dependencies(/home/om/ROS2_Workshop/Day1/install/day1_cpp/share/colcon-core/packages/day1_cpp)
[1.435s] DEBUG:colcon.colcon_core.event_handler.log_command:Invoked command in '/home/om/ROS2_Workshop/Day1/build/new_robot_controller' returned '0': CMAKE_PREFIX_PATH=${CMAKE_PREFIX_PATH}:/home/om/turtlebot3_ws/install/vfh_control:/home/om/turtlebot3_ws/install/turtlebot3_teleop:/home/om/turtlebot3_ws/install/turtlebot3_example:/home/om/pico_ws2/install/crsf_ros2:/home/om/slambot/install/gesture_control:/home/om/slambot/install/ges_control:/opt/ros/humble /usr/bin/cmake /home/om/ROS2_Workshop/Day1/src/new_robot_controller -DCMAKE_INSTALL_PREFIX=/home/om/ROS2_Workshop/Day1/install/new_robot_controller
[1.437s] DEBUG:colcon.colcon_core.event_handler.log_command:Invoking command in '/home/om/ROS2_Workshop/Day1/build/new_robot_controller': CMAKE_PREFIX_PATH=${CMAKE_PREFIX_PATH}:/home/om/turtlebot3_ws/install/vfh_control:/home/om/turtlebot3_ws/install/turtlebot3_teleop:/home/om/turtlebot3_ws/install/turtlebot3_example:/home/om/pico_ws2/install/crsf_ros2:/home/om/slambot/install/gesture_control:/home/om/slambot/install/ges_control:/opt/ros/humble /usr/bin/cmake --build /home/om/ROS2_Workshop/Day1/build/new_robot_controller -- -j8 -l8
[1.541s] DEBUG:colcon.colcon_core.event_handler.log_command:Invoked command in '/home/om/ROS2_Workshop/Day1/build/new_robot_controller' returned '2': CMAKE_PREFIX_PATH=${CMAKE_PREFIX_PATH}:/home/om/turtlebot3_ws/install/vfh_control:/home/om/turtlebot3_ws/install/turtlebot3_teleop:/home/om/turtlebot3_ws/install/turtlebot3_example:/home/om/pico_ws2/install/crsf_ros2:/home/om/slambot/install/gesture_control:/home/om/slambot/install/ges_control:/opt/ros/humble /usr/bin/cmake --build /home/om/ROS2_Workshop/Day1/build/new_robot_controller -- -j8 -l8
[1.542s] Level 1:colcon.colcon_core.environment:create_environment_scripts_only(new_robot_controller)
[1.543s] Level 1:colcon.colcon_core.environment:checking '/home/om/ROS2_Workshop/Day1/install/new_robot_controller' for CMake module files
[1.544s] Level 1:colcon.colcon_core.environment:checking '/home/om/ROS2_Workshop/Day1/install/new_robot_controller' for CMake config files
[1.544s] Level 1:colcon.colcon_core.environment:checking '/home/om/ROS2_Workshop/Day1/install/new_robot_controller/bin'
[1.544s] Level 1:colcon.colcon_core.environment:checking '/home/om/ROS2_Workshop/Day1/install/new_robot_controller/lib/pkgconfig/new_robot_controller.pc'
[1.545s] Level 1:colcon.colcon_core.environment:checking '/home/om/ROS2_Workshop/Day1/install/new_robot_controller/lib/python3.10/site-packages'
[1.545s] Level 1:colcon.colcon_core.environment:checking '/home/om/ROS2_Workshop/Day1/install/new_robot_controller/bin'
[1.545s] INFO:colcon.colcon_core.shell:Creating package script '/home/om/ROS2_Workshop/Day1/install/new_robot_controller/share/new_robot_controller/package.ps1'
[1.546s] INFO:colcon.colcon_core.shell:Creating package descriptor '/home/om/ROS2_Workshop/Day1/install/new_robot_controller/share/new_robot_controller/package.dsv'
[1.546s] INFO:colcon.colcon_core.shell:Creating package script '/home/om/ROS2_Workshop/Day1/install/new_robot_controller/share/new_robot_controller/package.sh'
[1.546s] INFO:colcon.colcon_core.shell:Creating package script '/home/om/ROS2_Workshop/Day1/install/new_robot_controller/share/new_robot_controller/package.bash'
[1.547s] INFO:colcon.colcon_core.shell:Creating package script '/home/om/ROS2_Workshop/Day1/install/new_robot_controller/share/new_robot_controller/package.zsh'
[1.547s] Level 1:colcon.colcon_core.environment:create_file_with_runtime_dependencies(/home/om/ROS2_Workshop/Day1/install/new_robot_controller/share/colcon-core/packages/new_robot_controller)
[1.558s] DEBUG:colcon.colcon_parallel_executor.executor.parallel:closing loop
[1.558s] DEBUG:colcon.colcon_parallel_executor.executor.parallel:loop closed
[1.558s] DEBUG:colcon.colcon_parallel_executor.executor.parallel:run_until_complete finished with '2'
[1.558s] DEBUG:colcon.colcon_core.event_reactor:joining thread
[1.566s] INFO:colcon.colcon_core.plugin_system:Skipping extension 'colcon_notification.desktop_notification.terminal_notifier': Not used on non-Darwin systems
[1.566s] INFO:colcon.colcon_core.plugin_system:Skipping extension 'colcon_notification.desktop_notification.win32': Not used on non-Windows systems
[1.566s] INFO:colcon.colcon_notification.desktop_notification:Sending desktop notification using 'notify2'
[1.582s] DEBUG:colcon.colcon_core.event_reactor:joined thread
[1.583s] INFO:colcon.colcon_core.shell:Creating prefix script '/home/om/ROS2_Workshop/Day1/install/local_setup.ps1'
[1.584s] INFO:colcon.colcon_core.shell:Creating prefix util module '/home/om/ROS2_Workshop/Day1/install/_local_setup_util_ps1.py'
[1.586s] INFO:colcon.colcon_core.shell:Creating prefix chain script '/home/om/ROS2_Workshop/Day1/install/setup.ps1'
[1.589s] INFO:colcon.colcon_core.shell:Creating prefix script '/home/om/ROS2_Workshop/Day1/install/local_setup.sh'
[1.589s] INFO:colcon.colcon_core.shell:Creating prefix util module '/home/om/ROS2_Workshop/Day1/install/_local_setup_util_sh.py'
[1.590s] INFO:colcon.colcon_core.shell:Creating prefix chain script '/home/om/ROS2_Workshop/Day1/install/setup.sh'
[1.593s] INFO:colcon.colcon_core.shell:Creating prefix script '/home/om/ROS2_Workshop/Day1/install/local_setup.bash'
[1.593s] INFO:colcon.colcon_core.shell:Creating prefix chain script '/home/om/ROS2_Workshop/Day1/install/setup.bash'
[1.596s] INFO:colcon.colcon_core.shell:Creating prefix script '/home/om/ROS2_Workshop/Day1/install/local_setup.zsh'
[1.596s] INFO:colcon.colcon_core.shell:Creating prefix chain script '/home/om/ROS2_Workshop/Day1/install/setup.zsh'
