[0.026s] Invoking command in '/home/om/ROS2_Workshop/Day1/build/day2_cpp': CMAKE_PREFIX_PATH=${CMAKE_PREFIX_PATH}:/home/om/slambot/install/gesture_control:/home/om/slambot/install/ges_control:/opt/ros/humble /usr/bin/cmake /home/om/ROS2_Workshop/Day1/src/day2_cpp -DCMAKE_INSTALL_PREFIX=/home/om/ROS2_Workshop/Day1/install/day2_cpp
[0.100s] -- The C compiler identification is GNU 11.4.0
[0.169s] -- The CXX compiler identification is GNU 11.4.0
[0.179s] -- Detecting C compiler ABI info
[0.275s] -- Detecting C compiler ABI info - done
[0.285s] -- Check for working C compiler: /usr/bin/cc - skipped
[0.285s] -- Detecting C compile features
[0.285s] -- Detecting C compile features - done
[0.289s] -- Detecting CXX compiler ABI info
[0.399s] -- Detecting CXX compiler ABI info - done
[0.409s] -- Check for working CXX compiler: /usr/bin/c++ - skipped
[0.409s] -- Detecting CXX compile features
[0.410s] -- Detecting CXX compile features - done
[0.415s] -- Found ament_cmake: 1.3.10 (/opt/ros/humble/share/ament_cmake/cmake)
[0.636s] -- Found Python3: /usr/bin/python3 (found version "3.10.12") found components: Interpreter 
[0.799s] -- Found ament_lint_auto: 0.12.11 (/opt/ros/humble/share/ament_lint_auto/cmake)
[0.928s] -- Added test 'lint_cmake' to check CMake code style
[0.930s] -- Added test 'xmllint' to check XML markup files
[0.933s] -- Configuring done
[0.937s] -- Generating done
[0.937s] -- Build files have been written to: /home/om/ROS2_Workshop/Day1/build/day2_cpp
[0.945s] Invoked command in '/home/om/ROS2_Workshop/Day1/build/day2_cpp' returned '0': CMAKE_PREFIX_PATH=${CMAKE_PREFIX_PATH}:/home/om/slambot/install/gesture_control:/home/om/slambot/install/ges_control:/opt/ros/humble /usr/bin/cmake /home/om/ROS2_Workshop/Day1/src/day2_cpp -DCMAKE_INSTALL_PREFIX=/home/om/ROS2_Workshop/Day1/install/day2_cpp
[0.949s] Invoking command in '/home/om/ROS2_Workshop/Day1/build/day2_cpp': CMAKE_PREFIX_PATH=${CMAKE_PREFIX_PATH}:/home/om/slambot/install/gesture_control:/home/om/slambot/install/ges_control:/opt/ros/humble /usr/bin/cmake --build /home/om/ROS2_Workshop/Day1/build/day2_cpp -- -j8 -l8
[1.003s] Invoked command in '/home/om/ROS2_Workshop/Day1/build/day2_cpp' returned '0': CMAKE_PREFIX_PATH=${CMAKE_PREFIX_PATH}:/home/om/slambot/install/gesture_control:/home/om/slambot/install/ges_control:/opt/ros/humble /usr/bin/cmake --build /home/om/ROS2_Workshop/Day1/build/day2_cpp -- -j8 -l8
[1.052s] Invoking command in '/home/om/ROS2_Workshop/Day1/build/day2_cpp': CMAKE_PREFIX_PATH=${CMAKE_PREFIX_PATH}:/home/om/slambot/install/gesture_control:/home/om/slambot/install/ges_control:/opt/ros/humble /usr/bin/cmake --install /home/om/ROS2_Workshop/Day1/build/day2_cpp
[1.062s] -- Install configuration: ""
[1.062s] -- Installing: /home/om/ROS2_Workshop/Day1/install/day2_cpp/share/ament_index/resource_index/package_run_dependencies/day2_cpp
[1.063s] -- Installing: /home/om/ROS2_Workshop/Day1/install/day2_cpp/share/ament_index/resource_index/parent_prefix_path/day2_cpp
[1.063s] -- Installing: /home/om/ROS2_Workshop/Day1/install/day2_cpp/share/day2_cpp/environment/ament_prefix_path.sh
[1.063s] -- Installing: /home/om/ROS2_Workshop/Day1/install/day2_cpp/share/day2_cpp/environment/ament_prefix_path.dsv
[1.063s] -- Installing: /home/om/ROS2_Workshop/Day1/install/day2_cpp/share/day2_cpp/environment/path.sh
[1.063s] -- Installing: /home/om/ROS2_Workshop/Day1/install/day2_cpp/share/day2_cpp/environment/path.dsv
[1.064s] -- Installing: /home/om/ROS2_Workshop/Day1/install/day2_cpp/share/day2_cpp/local_setup.bash
[1.064s] -- Installing: /home/om/ROS2_Workshop/Day1/install/day2_cpp/share/day2_cpp/local_setup.sh
[1.064s] -- Installing: /home/om/ROS2_Workshop/Day1/install/day2_cpp/share/day2_cpp/local_setup.zsh
[1.064s] -- Installing: /home/om/ROS2_Workshop/Day1/install/day2_cpp/share/day2_cpp/local_setup.dsv
[1.064s] -- Installing: /home/om/ROS2_Workshop/Day1/install/day2_cpp/share/day2_cpp/package.dsv
[1.064s] -- Installing: /home/om/ROS2_Workshop/Day1/install/day2_cpp/share/ament_index/resource_index/packages/day2_cpp
[1.064s] -- Installing: /home/om/ROS2_Workshop/Day1/install/day2_cpp/share/day2_cpp/cmake/day2_cppConfig.cmake
[1.064s] -- Installing: /home/om/ROS2_Workshop/Day1/install/day2_cpp/share/day2_cpp/cmake/day2_cppConfig-version.cmake
[1.064s] -- Installing: /home/om/ROS2_Workshop/Day1/install/day2_cpp/share/day2_cpp/package.xml
[1.069s] Invoked command in '/home/om/ROS2_Workshop/Day1/build/day2_cpp' returned '0': CMAKE_PREFIX_PATH=${CMAKE_PREFIX_PATH}:/home/om/slambot/install/gesture_control:/home/om/slambot/install/ges_control:/opt/ros/humble /usr/bin/cmake --install /home/om/ROS2_Workshop/Day1/build/day2_cpp
