[0.130s] DEBUG:colcon:Command line arguments: ['/usr/bin/colcon', 'build']
[0.130s] DEBUG:colcon:Parsed command line arguments: Namespace(log_base=None, log_level=None, verb_name='build', build_base='build', install_base='install', merge_install=False, symlink_install=False, test_result_base=None, continue_on_error=False, executor='parallel', parallel_workers=8, event_handlers=None, ignore_user_meta=False, metas=['./colcon.meta'], base_paths=['.'], packages_ignore=None, packages_ignore_regex=None, paths=None, packages_up_to=None, packages_up_to_regex=None, packages_above=None, packages_above_and_dependencies=None, packages_above_depth=None, packages_select_by_dep=None, packages_skip_by_dep=None, packages_skip_up_to=None, packages_select_build_failed=False, packages_skip_build_finished=False, packages_select_test_failures=False, packages_skip_test_passed=False, packages_select=None, packages_skip=None, packages_select_regex=None, packages_skip_regex=None, packages_start=None, packages_end=None, allow_overriding=[], cmake_args=None, cmake_target=None, cmake_target_skip_unavailable=False, cmake_clean_cache=False, cmake_clean_first=False, cmake_force_configure=False, ament_cmake_args=None, catkin_cmake_args=None, catkin_skip_building_tests=False, verb_parser=<colcon_defaults.argument_parser.defaults.DefaultArgumentsDecorator object at 0x72ccfebe6440>, verb_extension=<colcon_core.verb.build.BuildVerb object at 0x72ccfeb7c9d0>, main=<bound method BuildVerb.main of <colcon_core.verb.build.BuildVerb object at 0x72ccfeb7c9d0>>)
[0.341s] Level 1:colcon.colcon_core.package_discovery:discover_packages(colcon_meta) check parameters
[0.341s] Level 1:colcon.colcon_core.package_discovery:discover_packages(recursive) check parameters
[0.341s] Level 1:colcon.colcon_core.package_discovery:discover_packages(ignore) check parameters
[0.341s] Level 1:colcon.colcon_core.package_discovery:discover_packages(path) check parameters
[0.341s] Level 1:colcon.colcon_core.package_discovery:discover_packages(colcon_meta) discover
[0.341s] Level 1:colcon.colcon_core.package_discovery:discover_packages(recursive) discover
[0.341s] INFO:colcon.colcon_core.package_discovery:Crawling recursively for packages in '/home/om/ROS2_Workshop/Day1'
[0.342s] Level 1:colcon.colcon_core.package_identification:_identify(.) by extensions ['ignore', 'ignore_ament_install']
[0.342s] Level 1:colcon.colcon_core.package_identification:_identify(.) by extension 'ignore'
[0.342s] Level 1:colcon.colcon_core.package_identification:_identify(.) by extension 'ignore_ament_install'
[0.342s] Level 1:colcon.colcon_core.package_identification:_identify(.) by extensions ['colcon_pkg']
[0.342s] Level 1:colcon.colcon_core.package_identification:_identify(.) by extension 'colcon_pkg'
[0.342s] Level 1:colcon.colcon_core.package_identification:_identify(.) by extensions ['colcon_meta']
[0.342s] Level 1:colcon.colcon_core.package_identification:_identify(.) by extension 'colcon_meta'
[0.342s] Level 1:colcon.colcon_core.package_identification:_identify(.) by extensions ['ros']
[0.342s] Level 1:colcon.colcon_core.package_identification:_identify(.) by extension 'ros'
[0.355s] Level 1:colcon.colcon_core.package_identification:_identify(.) by extensions ['cmake', 'python']
[0.355s] Level 1:colcon.colcon_core.package_identification:_identify(.) by extension 'cmake'
[0.355s] Level 1:colcon.colcon_core.package_identification:_identify(.) by extension 'python'
[0.355s] Level 1:colcon.colcon_core.package_identification:_identify(.) by extensions ['python_setup_py']
[0.355s] Level 1:colcon.colcon_core.package_identification:_identify(.) by extension 'python_setup_py'
[0.355s] Level 1:colcon.colcon_core.package_identification:_identify(build) by extensions ['ignore', 'ignore_ament_install']
[0.355s] Level 1:colcon.colcon_core.package_identification:_identify(build) by extension 'ignore'
[0.355s] Level 1:colcon.colcon_core.package_identification:_identify(build) ignored
[0.356s] Level 1:colcon.colcon_core.package_identification:_identify(install) by extensions ['ignore', 'ignore_ament_install']
[0.356s] Level 1:colcon.colcon_core.package_identification:_identify(install) by extension 'ignore'
[0.356s] Level 1:colcon.colcon_core.package_identification:_identify(install) ignored
[0.356s] Level 1:colcon.colcon_core.package_identification:_identify(log) by extensions ['ignore', 'ignore_ament_install']
[0.356s] Level 1:colcon.colcon_core.package_identification:_identify(log) by extension 'ignore'
[0.356s] Level 1:colcon.colcon_core.package_identification:_identify(log) ignored
[0.356s] Level 1:colcon.colcon_core.package_identification:_identify(src) by extensions ['ignore', 'ignore_ament_install']
[0.356s] Level 1:colcon.colcon_core.package_identification:_identify(src) by extension 'ignore'
[0.356s] Level 1:colcon.colcon_core.package_identification:_identify(src) by extension 'ignore_ament_install'
[0.356s] Level 1:colcon.colcon_core.package_identification:_identify(src) by extensions ['colcon_pkg']
[0.356s] Level 1:colcon.colcon_core.package_identification:_identify(src) by extension 'colcon_pkg'
[0.356s] Level 1:colcon.colcon_core.package_identification:_identify(src) by extensions ['colcon_meta']
[0.356s] Level 1:colcon.colcon_core.package_identification:_identify(src) by extension 'colcon_meta'
[0.356s] Level 1:colcon.colcon_core.package_identification:_identify(src) by extensions ['ros']
[0.356s] Level 1:colcon.colcon_core.package_identification:_identify(src) by extension 'ros'
[0.356s] Level 1:colcon.colcon_core.package_identification:_identify(src) by extensions ['cmake', 'python']
[0.357s] Level 1:colcon.colcon_core.package_identification:_identify(src) by extension 'cmake'
[0.357s] Level 1:colcon.colcon_core.package_identification:_identify(src) by extension 'python'
[0.357s] Level 1:colcon.colcon_core.package_identification:_identify(src) by extensions ['python_setup_py']
[0.357s] Level 1:colcon.colcon_core.package_identification:_identify(src) by extension 'python_setup_py'
[0.357s] Level 1:colcon.colcon_core.package_identification:_identify(src/day1_cpp) by extensions ['ignore', 'ignore_ament_install']
[0.357s] Level 1:colcon.colcon_core.package_identification:_identify(src/day1_cpp) by extension 'ignore'
[0.357s] Level 1:colcon.colcon_core.package_identification:_identify(src/day1_cpp) by extension 'ignore_ament_install'
[0.357s] Level 1:colcon.colcon_core.package_identification:_identify(src/day1_cpp) by extensions ['colcon_pkg']
[0.357s] Level 1:colcon.colcon_core.package_identification:_identify(src/day1_cpp) by extension 'colcon_pkg'
[0.357s] Level 1:colcon.colcon_core.package_identification:_identify(src/day1_cpp) by extensions ['colcon_meta']
[0.357s] Level 1:colcon.colcon_core.package_identification:_identify(src/day1_cpp) by extension 'colcon_meta'
[0.357s] Level 1:colcon.colcon_core.package_identification:_identify(src/day1_cpp) by extensions ['ros']
[0.357s] Level 1:colcon.colcon_core.package_identification:_identify(src/day1_cpp) by extension 'ros'
[0.360s] DEBUG:colcon.colcon_core.package_identification:Package 'src/day1_cpp' with type 'ros.ament_cmake' and name 'day1_cpp'
[0.360s] Level 1:colcon.colcon_core.package_identification:_identify(src/new_robot_controller) by extensions ['ignore', 'ignore_ament_install']
[0.361s] Level 1:colcon.colcon_core.package_identification:_identify(src/new_robot_controller) by extension 'ignore'
[0.361s] Level 1:colcon.colcon_core.package_identification:_identify(src/new_robot_controller) by extension 'ignore_ament_install'
[0.361s] Level 1:colcon.colcon_core.package_identification:_identify(src/new_robot_controller) by extensions ['colcon_pkg']
[0.361s] Level 1:colcon.colcon_core.package_identification:_identify(src/new_robot_controller) by extension 'colcon_pkg'
[0.361s] Level 1:colcon.colcon_core.package_identification:_identify(src/new_robot_controller) by extensions ['colcon_meta']
[0.361s] Level 1:colcon.colcon_core.package_identification:_identify(src/new_robot_controller) by extension 'colcon_meta'
[0.361s] Level 1:colcon.colcon_core.package_identification:_identify(src/new_robot_controller) by extensions ['ros']
[0.361s] Level 1:colcon.colcon_core.package_identification:_identify(src/new_robot_controller) by extension 'ros'
[0.363s] DEBUG:colcon.colcon_core.package_identification:Package 'src/new_robot_controller' with type 'ros.ament_cmake' and name 'new_robot_controller'
[0.363s] Level 1:colcon.colcon_core.package_identification:_identify(src/new_robot_description) by extensions ['ignore', 'ignore_ament_install']
[0.363s] Level 1:colcon.colcon_core.package_identification:_identify(src/new_robot_description) by extension 'ignore'
[0.363s] Level 1:colcon.colcon_core.package_identification:_identify(src/new_robot_description) by extension 'ignore_ament_install'
[0.363s] Level 1:colcon.colcon_core.package_identification:_identify(src/new_robot_description) by extensions ['colcon_pkg']
[0.363s] Level 1:colcon.colcon_core.package_identification:_identify(src/new_robot_description) by extension 'colcon_pkg'
[0.363s] Level 1:colcon.colcon_core.package_identification:_identify(src/new_robot_description) by extensions ['colcon_meta']
[0.363s] Level 1:colcon.colcon_core.package_identification:_identify(src/new_robot_description) by extension 'colcon_meta'
[0.363s] Level 1:colcon.colcon_core.package_identification:_identify(src/new_robot_description) by extensions ['ros']
[0.363s] Level 1:colcon.colcon_core.package_identification:_identify(src/new_robot_description) by extension 'ros'
[0.364s] DEBUG:colcon.colcon_core.package_identification:Package 'src/new_robot_description' with type 'ros.ament_cmake' and name 'new_robot_description'
[0.364s] Level 1:colcon.colcon_core.package_discovery:discover_packages(recursive) using defaults
[0.364s] Level 1:colcon.colcon_core.package_discovery:discover_packages(ignore) discover
[0.364s] Level 1:colcon.colcon_core.package_discovery:discover_packages(ignore) using defaults
[0.364s] Level 1:colcon.colcon_core.package_discovery:discover_packages(path) discover
[0.364s] Level 1:colcon.colcon_core.package_discovery:discover_packages(path) using defaults
[0.411s] Level 1:colcon.colcon_core.package_discovery:discover_packages(prefix_path) check parameters
[0.411s] Level 1:colcon.colcon_core.package_discovery:discover_packages(prefix_path) discover
[0.414s] DEBUG:colcon.colcon_installed_package_information.package_discovery:Found 4 installed packages in /home/om/pico_ws2/install
[0.415s] DEBUG:colcon.colcon_installed_package_information.package_discovery:Found 16 installed packages in /home/om/turtlebot3_ws/install
[0.416s] DEBUG:colcon.colcon_installed_package_information.package_discovery:Found 16 installed packages in /home/om/pico_ws/install
[0.417s] DEBUG:colcon.colcon_installed_package_information.package_discovery:Found 10 installed packages in /home/om/slambot/install
[0.419s] DEBUG:colcon.colcon_installed_package_information.package_discovery:Found 438 installed packages in /opt/ros/humble
[0.422s] Level 1:colcon.colcon_core.package_discovery:discover_packages(prefix_path) using defaults
[0.486s] Level 5:colcon.colcon_core.verb:set package 'day1_cpp' build argument 'cmake_args' from command line to 'None'
[0.486s] Level 5:colcon.colcon_core.verb:set package 'day1_cpp' build argument 'cmake_target' from command line to 'None'
[0.486s] Level 5:colcon.colcon_core.verb:set package 'day1_cpp' build argument 'cmake_target_skip_unavailable' from command line to 'False'
[0.486s] Level 5:colcon.colcon_core.verb:set package 'day1_cpp' build argument 'cmake_clean_cache' from command line to 'False'
[0.486s] Level 5:colcon.colcon_core.verb:set package 'day1_cpp' build argument 'cmake_clean_first' from command line to 'False'
[0.486s] Level 5:colcon.colcon_core.verb:set package 'day1_cpp' build argument 'cmake_force_configure' from command line to 'False'
[0.486s] Level 5:colcon.colcon_core.verb:set package 'day1_cpp' build argument 'ament_cmake_args' from command line to 'None'
[0.486s] Level 5:colcon.colcon_core.verb:set package 'day1_cpp' build argument 'catkin_cmake_args' from command line to 'None'
[0.486s] Level 5:colcon.colcon_core.verb:set package 'day1_cpp' build argument 'catkin_skip_building_tests' from command line to 'False'
[0.486s] DEBUG:colcon.colcon_core.verb:Building package 'day1_cpp' with the following arguments: {'ament_cmake_args': None, 'build_base': '/home/om/ROS2_Workshop/Day1/build/day1_cpp', 'catkin_cmake_args': None, 'catkin_skip_building_tests': False, 'cmake_args': None, 'cmake_clean_cache': False, 'cmake_clean_first': False, 'cmake_force_configure': False, 'cmake_target': None, 'cmake_target_skip_unavailable': False, 'install_base': '/home/om/ROS2_Workshop/Day1/install/day1_cpp', 'merge_install': False, 'path': '/home/om/ROS2_Workshop/Day1/src/day1_cpp', 'symlink_install': False, 'test_result_base': None}
[0.487s] Level 5:colcon.colcon_core.verb:set package 'new_robot_controller' build argument 'cmake_args' from command line to 'None'
[0.487s] Level 5:colcon.colcon_core.verb:set package 'new_robot_controller' build argument 'cmake_target' from command line to 'None'
[0.487s] Level 5:colcon.colcon_core.verb:set package 'new_robot_controller' build argument 'cmake_target_skip_unavailable' from command line to 'False'
[0.487s] Level 5:colcon.colcon_core.verb:set package 'new_robot_controller' build argument 'cmake_clean_cache' from command line to 'False'
[0.487s] Level 5:colcon.colcon_core.verb:set package 'new_robot_controller' build argument 'cmake_clean_first' from command line to 'False'
[0.487s] Level 5:colcon.colcon_core.verb:set package 'new_robot_controller' build argument 'cmake_force_configure' from command line to 'False'
[0.487s] Level 5:colcon.colcon_core.verb:set package 'new_robot_controller' build argument 'ament_cmake_args' from command line to 'None'
[0.487s] Level 5:colcon.colcon_core.verb:set package 'new_robot_controller' build argument 'catkin_cmake_args' from command line to 'None'
[0.487s] Level 5:colcon.colcon_core.verb:set package 'new_robot_controller' build argument 'catkin_skip_building_tests' from command line to 'False'
[0.487s] DEBUG:colcon.colcon_core.verb:Building package 'new_robot_controller' with the following arguments: {'ament_cmake_args': None, 'build_base': '/home/om/ROS2_Workshop/Day1/build/new_robot_controller', 'catkin_cmake_args': None, 'catkin_skip_building_tests': False, 'cmake_args': None, 'cmake_clean_cache': False, 'cmake_clean_first': False, 'cmake_force_configure': False, 'cmake_target': None, 'cmake_target_skip_unavailable': False, 'install_base': '/home/om/ROS2_Workshop/Day1/install/new_robot_controller', 'merge_install': False, 'path': '/home/om/ROS2_Workshop/Day1/src/new_robot_controller', 'symlink_install': False, 'test_result_base': None}
[0.488s] Level 5:colcon.colcon_core.verb:set package 'new_robot_description' build argument 'cmake_args' from command line to 'None'
[0.488s] Level 5:colcon.colcon_core.verb:set package 'new_robot_description' build argument 'cmake_target' from command line to 'None'
[0.488s] Level 5:colcon.colcon_core.verb:set package 'new_robot_description' build argument 'cmake_target_skip_unavailable' from command line to 'False'
[0.488s] Level 5:colcon.colcon_core.verb:set package 'new_robot_description' build argument 'cmake_clean_cache' from command line to 'False'
[0.488s] Level 5:colcon.colcon_core.verb:set package 'new_robot_description' build argument 'cmake_clean_first' from command line to 'False'
[0.488s] Level 5:colcon.colcon_core.verb:set package 'new_robot_description' build argument 'cmake_force_configure' from command line to 'False'
[0.488s] Level 5:colcon.colcon_core.verb:set package 'new_robot_description' build argument 'ament_cmake_args' from command line to 'None'
[0.488s] Level 5:colcon.colcon_core.verb:set package 'new_robot_description' build argument 'catkin_cmake_args' from command line to 'None'
[0.488s] Level 5:colcon.colcon_core.verb:set package 'new_robot_description' build argument 'catkin_skip_building_tests' from command line to 'False'
[0.488s] DEBUG:colcon.colcon_core.verb:Building package 'new_robot_description' with the following arguments: {'ament_cmake_args': None, 'build_base': '/home/om/ROS2_Workshop/Day1/build/new_robot_description', 'catkin_cmake_args': None, 'catkin_skip_building_tests': False, 'cmake_args': None, 'cmake_clean_cache': False, 'cmake_clean_first': False, 'cmake_force_configure': False, 'cmake_target': None, 'cmake_target_skip_unavailable': False, 'install_base': '/home/om/ROS2_Workshop/Day1/install/new_robot_description', 'merge_install': False, 'path': '/home/om/ROS2_Workshop/Day1/src/new_robot_description', 'symlink_install': False, 'test_result_base': None}
[0.488s] INFO:colcon.colcon_core.executor:Executing jobs using 'parallel' executor
[0.490s] DEBUG:colcon.colcon_parallel_executor.executor.parallel:run_until_complete
[0.490s] INFO:colcon.colcon_ros.task.ament_cmake.build:Building ROS package in '/home/om/ROS2_Workshop/Day1/src/day1_cpp' with build type 'ament_cmake'
[0.490s] INFO:colcon.colcon_cmake.task.cmake.build:Building CMake package in '/home/om/ROS2_Workshop/Day1/src/day1_cpp'
[0.493s] INFO:colcon.colcon_core.plugin_system:Skipping extension 'colcon_core.shell.bat': Not used on non-Windows systems
[0.493s] INFO:colcon.colcon_core.shell:Skip shell extension 'powershell' for command environment: Not usable outside of PowerShell
[0.493s] DEBUG:colcon.colcon_core.shell:Skip shell extension 'dsv' for command environment
[0.502s] INFO:colcon.colcon_ros.task.ament_cmake.build:Building ROS package in '/home/om/ROS2_Workshop/Day1/src/new_robot_controller' with build type 'ament_cmake'
[0.502s] INFO:colcon.colcon_cmake.task.cmake.build:Building CMake package in '/home/om/ROS2_Workshop/Day1/src/new_robot_controller'
[0.502s] INFO:colcon.colcon_core.shell:Skip shell extension 'powershell' for command environment: Not usable outside of PowerShell
[0.502s] DEBUG:colcon.colcon_core.shell:Skip shell extension 'dsv' for command environment
[0.510s] INFO:colcon.colcon_ros.task.ament_cmake.build:Building ROS package in '/home/om/ROS2_Workshop/Day1/src/new_robot_description' with build type 'ament_cmake'
[0.511s] INFO:colcon.colcon_cmake.task.cmake.build:Building CMake package in '/home/om/ROS2_Workshop/Day1/src/new_robot_description'
[0.511s] INFO:colcon.colcon_core.shell:Skip shell extension 'powershell' for command environment: Not usable outside of PowerShell
[0.511s] DEBUG:colcon.colcon_core.shell:Skip shell extension 'dsv' for command environment
[0.529s] DEBUG:colcon.colcon_core.event_handler.log_command:Invoking command in '/home/om/ROS2_Workshop/Day1/build/day1_cpp': CMAKE_PREFIX_PATH=${CMAKE_PREFIX_PATH}:/home/om/turtlebot3_ws/install/vfh_control:/home/om/turtlebot3_ws/install/turtlebot3_teleop:/home/om/turtlebot3_ws/install/turtlebot3_example:/home/om/pico_ws2/install/crsf_ros2:/home/om/slambot/install/gesture_control:/home/om/slambot/install/ges_control:/opt/ros/humble /usr/bin/cmake --build /home/om/ROS2_Workshop/Day1/build/day1_cpp -- -j8 -l8
[0.535s] DEBUG:colcon.colcon_core.event_handler.log_command:Invoking command in '/home/om/ROS2_Workshop/Day1/build/new_robot_controller': CMAKE_PREFIX_PATH=${CMAKE_PREFIX_PATH}:/home/om/turtlebot3_ws/install/vfh_control:/home/om/turtlebot3_ws/install/turtlebot3_teleop:/home/om/turtlebot3_ws/install/turtlebot3_example:/home/om/pico_ws2/install/crsf_ros2:/home/om/slambot/install/gesture_control:/home/om/slambot/install/ges_control:/opt/ros/humble /usr/bin/cmake --build /home/om/ROS2_Workshop/Day1/build/new_robot_controller -- -j8 -l8
[0.542s] DEBUG:colcon.colcon_core.event_handler.log_command:Invoking command in '/home/om/ROS2_Workshop/Day1/build/new_robot_description': CMAKE_PREFIX_PATH=${CMAKE_PREFIX_PATH}:/home/om/turtlebot3_ws/install/vfh_control:/home/om/turtlebot3_ws/install/turtlebot3_teleop:/home/om/turtlebot3_ws/install/turtlebot3_example:/home/om/pico_ws2/install/crsf_ros2:/home/om/slambot/install/gesture_control:/home/om/slambot/install/ges_control:/opt/ros/humble /usr/bin/cmake --build /home/om/ROS2_Workshop/Day1/build/new_robot_description -- -j8 -l8
[0.601s] DEBUG:colcon.colcon_core.event_handler.log_command:Invoked command in '/home/om/ROS2_Workshop/Day1/build/new_robot_description' returned '0': CMAKE_PREFIX_PATH=${CMAKE_PREFIX_PATH}:/home/om/turtlebot3_ws/install/vfh_control:/home/om/turtlebot3_ws/install/turtlebot3_teleop:/home/om/turtlebot3_ws/install/turtlebot3_example:/home/om/pico_ws2/install/crsf_ros2:/home/om/slambot/install/gesture_control:/home/om/slambot/install/ges_control:/opt/ros/humble /usr/bin/cmake --build /home/om/ROS2_Workshop/Day1/build/new_robot_description -- -j8 -l8
[0.618s] DEBUG:colcon.colcon_core.event_handler.log_command:Invoking command in '/home/om/ROS2_Workshop/Day1/build/new_robot_description': CMAKE_PREFIX_PATH=${CMAKE_PREFIX_PATH}:/home/om/turtlebot3_ws/install/vfh_control:/home/om/turtlebot3_ws/install/turtlebot3_teleop:/home/om/turtlebot3_ws/install/turtlebot3_example:/home/om/pico_ws2/install/crsf_ros2:/home/om/slambot/install/gesture_control:/home/om/slambot/install/ges_control:/opt/ros/humble /usr/bin/cmake --install /home/om/ROS2_Workshop/Day1/build/new_robot_description
[0.633s] Level 1:colcon.colcon_core.environment:create_environment_scripts_only(new_robot_description)
[0.634s] DEBUG:colcon.colcon_core.event_handler.log_command:Invoked command in '/home/om/ROS2_Workshop/Day1/build/new_robot_description' returned '0': CMAKE_PREFIX_PATH=${CMAKE_PREFIX_PATH}:/home/om/turtlebot3_ws/install/vfh_control:/home/om/turtlebot3_ws/install/turtlebot3_teleop:/home/om/turtlebot3_ws/install/turtlebot3_example:/home/om/pico_ws2/install/crsf_ros2:/home/om/slambot/install/gesture_control:/home/om/slambot/install/ges_control:/opt/ros/humble /usr/bin/cmake --install /home/om/ROS2_Workshop/Day1/build/new_robot_description
[0.637s] Level 1:colcon.colcon_core.environment:checking '/home/om/ROS2_Workshop/Day1/install/new_robot_description' for CMake module files
[0.638s] Level 1:colcon.colcon_core.environment:checking '/home/om/ROS2_Workshop/Day1/install/new_robot_description' for CMake config files
[0.638s] Level 1:colcon.colcon_core.shell:create_environment_hook('new_robot_description', 'cmake_prefix_path')
[0.639s] INFO:colcon.colcon_core.shell:Creating environment hook '/home/om/ROS2_Workshop/Day1/install/new_robot_description/share/new_robot_description/hook/cmake_prefix_path.ps1'
[0.639s] INFO:colcon.colcon_core.shell:Creating environment descriptor '/home/om/ROS2_Workshop/Day1/install/new_robot_description/share/new_robot_description/hook/cmake_prefix_path.dsv'
[0.640s] INFO:colcon.colcon_core.shell:Creating environment hook '/home/om/ROS2_Workshop/Day1/install/new_robot_description/share/new_robot_description/hook/cmake_prefix_path.sh'
[0.641s] Level 1:colcon.colcon_core.environment:checking '/home/om/ROS2_Workshop/Day1/install/new_robot_description/bin'
[0.641s] Level 1:colcon.colcon_core.environment:checking '/home/om/ROS2_Workshop/Day1/install/new_robot_description/lib/pkgconfig/new_robot_description.pc'
[0.641s] Level 1:colcon.colcon_core.environment:checking '/home/om/ROS2_Workshop/Day1/install/new_robot_description/lib/python3.10/site-packages'
[0.642s] Level 1:colcon.colcon_core.environment:checking '/home/om/ROS2_Workshop/Day1/install/new_robot_description/bin'
[0.642s] INFO:colcon.colcon_core.shell:Creating package script '/home/om/ROS2_Workshop/Day1/install/new_robot_description/share/new_robot_description/package.ps1'
[0.643s] INFO:colcon.colcon_core.shell:Creating package descriptor '/home/om/ROS2_Workshop/Day1/install/new_robot_description/share/new_robot_description/package.dsv'
[0.644s] INFO:colcon.colcon_core.shell:Creating package script '/home/om/ROS2_Workshop/Day1/install/new_robot_description/share/new_robot_description/package.sh'
[0.645s] INFO:colcon.colcon_core.shell:Creating package script '/home/om/ROS2_Workshop/Day1/install/new_robot_description/share/new_robot_description/package.bash'
[0.646s] INFO:colcon.colcon_core.shell:Creating package script '/home/om/ROS2_Workshop/Day1/install/new_robot_description/share/new_robot_description/package.zsh'
[0.646s] Level 1:colcon.colcon_core.environment:create_file_with_runtime_dependencies(/home/om/ROS2_Workshop/Day1/install/new_robot_description/share/colcon-core/packages/new_robot_description)
[0.647s] Level 1:colcon.colcon_core.environment:create_environment_scripts_only(new_robot_description)
[0.647s] Level 1:colcon.colcon_core.environment:checking '/home/om/ROS2_Workshop/Day1/install/new_robot_description' for CMake module files
[0.648s] Level 1:colcon.colcon_core.environment:checking '/home/om/ROS2_Workshop/Day1/install/new_robot_description' for CMake config files
[0.648s] Level 1:colcon.colcon_core.shell:create_environment_hook('new_robot_description', 'cmake_prefix_path')
[0.648s] INFO:colcon.colcon_core.shell:Creating environment hook '/home/om/ROS2_Workshop/Day1/install/new_robot_description/share/new_robot_description/hook/cmake_prefix_path.ps1'
[0.649s] INFO:colcon.colcon_core.shell:Creating environment descriptor '/home/om/ROS2_Workshop/Day1/install/new_robot_description/share/new_robot_description/hook/cmake_prefix_path.dsv'
[0.649s] INFO:colcon.colcon_core.shell:Creating environment hook '/home/om/ROS2_Workshop/Day1/install/new_robot_description/share/new_robot_description/hook/cmake_prefix_path.sh'
[0.650s] Level 1:colcon.colcon_core.environment:checking '/home/om/ROS2_Workshop/Day1/install/new_robot_description/bin'
[0.650s] Level 1:colcon.colcon_core.environment:checking '/home/om/ROS2_Workshop/Day1/install/new_robot_description/lib/pkgconfig/new_robot_description.pc'
[0.650s] Level 1:colcon.colcon_core.environment:checking '/home/om/ROS2_Workshop/Day1/install/new_robot_description/lib/python3.10/site-packages'
[0.650s] Level 1:colcon.colcon_core.environment:checking '/home/om/ROS2_Workshop/Day1/install/new_robot_description/bin'
[0.651s] INFO:colcon.colcon_core.shell:Creating package script '/home/om/ROS2_Workshop/Day1/install/new_robot_description/share/new_robot_description/package.ps1'
[0.651s] INFO:colcon.colcon_core.shell:Creating package descriptor '/home/om/ROS2_Workshop/Day1/install/new_robot_description/share/new_robot_description/package.dsv'
[0.652s] INFO:colcon.colcon_core.shell:Creating package script '/home/om/ROS2_Workshop/Day1/install/new_robot_description/share/new_robot_description/package.sh'
[0.652s] INFO:colcon.colcon_core.shell:Creating package script '/home/om/ROS2_Workshop/Day1/install/new_robot_description/share/new_robot_description/package.bash'
[0.653s] INFO:colcon.colcon_core.shell:Creating package script '/home/om/ROS2_Workshop/Day1/install/new_robot_description/share/new_robot_description/package.zsh'
[0.653s] Level 1:colcon.colcon_core.environment:create_file_with_runtime_dependencies(/home/om/ROS2_Workshop/Day1/install/new_robot_description/share/colcon-core/packages/new_robot_description)
[0.656s] DEBUG:colcon.colcon_core.event_handler.log_command:Invoked command in '/home/om/ROS2_Workshop/Day1/build/new_robot_controller' returned '0': CMAKE_PREFIX_PATH=${CMAKE_PREFIX_PATH}:/home/om/turtlebot3_ws/install/vfh_control:/home/om/turtlebot3_ws/install/turtlebot3_teleop:/home/om/turtlebot3_ws/install/turtlebot3_example:/home/om/pico_ws2/install/crsf_ros2:/home/om/slambot/install/gesture_control:/home/om/slambot/install/ges_control:/opt/ros/humble /usr/bin/cmake --build /home/om/ROS2_Workshop/Day1/build/new_robot_controller -- -j8 -l8
[0.659s] DEBUG:colcon.colcon_core.event_handler.log_command:Invoking command in '/home/om/ROS2_Workshop/Day1/build/new_robot_controller': CMAKE_PREFIX_PATH=${CMAKE_PREFIX_PATH}:/home/om/turtlebot3_ws/install/vfh_control:/home/om/turtlebot3_ws/install/turtlebot3_teleop:/home/om/turtlebot3_ws/install/turtlebot3_example:/home/om/pico_ws2/install/crsf_ros2:/home/om/slambot/install/gesture_control:/home/om/slambot/install/ges_control:/opt/ros/humble /usr/bin/cmake --install /home/om/ROS2_Workshop/Day1/build/new_robot_controller
[0.674s] Level 1:colcon.colcon_core.environment:create_environment_scripts_only(new_robot_controller)
[0.675s] Level 1:colcon.colcon_core.environment:checking '/home/om/ROS2_Workshop/Day1/install/new_robot_controller' for CMake module files
[0.675s] DEBUG:colcon.colcon_core.event_handler.log_command:Invoked command in '/home/om/ROS2_Workshop/Day1/build/new_robot_controller' returned '0': CMAKE_PREFIX_PATH=${CMAKE_PREFIX_PATH}:/home/om/turtlebot3_ws/install/vfh_control:/home/om/turtlebot3_ws/install/turtlebot3_teleop:/home/om/turtlebot3_ws/install/turtlebot3_example:/home/om/pico_ws2/install/crsf_ros2:/home/om/slambot/install/gesture_control:/home/om/slambot/install/ges_control:/opt/ros/humble /usr/bin/cmake --install /home/om/ROS2_Workshop/Day1/build/new_robot_controller
[0.676s] Level 1:colcon.colcon_core.environment:checking '/home/om/ROS2_Workshop/Day1/install/new_robot_controller' for CMake config files
[0.676s] Level 1:colcon.colcon_core.shell:create_environment_hook('new_robot_controller', 'cmake_prefix_path')
[0.676s] INFO:colcon.colcon_core.shell:Creating environment hook '/home/om/ROS2_Workshop/Day1/install/new_robot_controller/share/new_robot_controller/hook/cmake_prefix_path.ps1'
[0.677s] INFO:colcon.colcon_core.shell:Creating environment descriptor '/home/om/ROS2_Workshop/Day1/install/new_robot_controller/share/new_robot_controller/hook/cmake_prefix_path.dsv'
[0.677s] INFO:colcon.colcon_core.shell:Creating environment hook '/home/om/ROS2_Workshop/Day1/install/new_robot_controller/share/new_robot_controller/hook/cmake_prefix_path.sh'
[0.678s] Level 1:colcon.colcon_core.environment:checking '/home/om/ROS2_Workshop/Day1/install/new_robot_controller/lib'
[0.678s] Level 1:colcon.colcon_core.environment:checking '/home/om/ROS2_Workshop/Day1/install/new_robot_controller/bin'
[0.678s] Level 1:colcon.colcon_core.environment:checking '/home/om/ROS2_Workshop/Day1/install/new_robot_controller/lib/pkgconfig/new_robot_controller.pc'
[0.679s] Level 1:colcon.colcon_core.environment:checking '/home/om/ROS2_Workshop/Day1/install/new_robot_controller/lib/python3.10/site-packages'
[0.679s] Level 1:colcon.colcon_core.environment:checking '/home/om/ROS2_Workshop/Day1/install/new_robot_controller/bin'
[0.679s] INFO:colcon.colcon_core.shell:Creating package script '/home/om/ROS2_Workshop/Day1/install/new_robot_controller/share/new_robot_controller/package.ps1'
[0.680s] INFO:colcon.colcon_core.shell:Creating package descriptor '/home/om/ROS2_Workshop/Day1/install/new_robot_controller/share/new_robot_controller/package.dsv'
[0.680s] INFO:colcon.colcon_core.shell:Creating package script '/home/om/ROS2_Workshop/Day1/install/new_robot_controller/share/new_robot_controller/package.sh'
[0.681s] INFO:colcon.colcon_core.shell:Creating package script '/home/om/ROS2_Workshop/Day1/install/new_robot_controller/share/new_robot_controller/package.bash'
[0.682s] INFO:colcon.colcon_core.shell:Creating package script '/home/om/ROS2_Workshop/Day1/install/new_robot_controller/share/new_robot_controller/package.zsh'
[0.682s] Level 1:colcon.colcon_core.environment:create_file_with_runtime_dependencies(/home/om/ROS2_Workshop/Day1/install/new_robot_controller/share/colcon-core/packages/new_robot_controller)
[0.683s] Level 1:colcon.colcon_core.environment:create_environment_scripts_only(new_robot_controller)
[0.683s] Level 1:colcon.colcon_core.environment:checking '/home/om/ROS2_Workshop/Day1/install/new_robot_controller' for CMake module files
[0.684s] Level 1:colcon.colcon_core.environment:checking '/home/om/ROS2_Workshop/Day1/install/new_robot_controller' for CMake config files
[0.684s] Level 1:colcon.colcon_core.shell:create_environment_hook('new_robot_controller', 'cmake_prefix_path')
[0.684s] INFO:colcon.colcon_core.shell:Creating environment hook '/home/om/ROS2_Workshop/Day1/install/new_robot_controller/share/new_robot_controller/hook/cmake_prefix_path.ps1'
[0.684s] INFO:colcon.colcon_core.shell:Creating environment descriptor '/home/om/ROS2_Workshop/Day1/install/new_robot_controller/share/new_robot_controller/hook/cmake_prefix_path.dsv'
[0.685s] INFO:colcon.colcon_core.shell:Creating environment hook '/home/om/ROS2_Workshop/Day1/install/new_robot_controller/share/new_robot_controller/hook/cmake_prefix_path.sh'
[0.685s] Level 1:colcon.colcon_core.environment:checking '/home/om/ROS2_Workshop/Day1/install/new_robot_controller/lib'
[0.685s] Level 1:colcon.colcon_core.environment:checking '/home/om/ROS2_Workshop/Day1/install/new_robot_controller/bin'
[0.686s] Level 1:colcon.colcon_core.environment:checking '/home/om/ROS2_Workshop/Day1/install/new_robot_controller/lib/pkgconfig/new_robot_controller.pc'
[0.686s] Level 1:colcon.colcon_core.environment:checking '/home/om/ROS2_Workshop/Day1/install/new_robot_controller/lib/python3.10/site-packages'
[0.686s] Level 1:colcon.colcon_core.environment:checking '/home/om/ROS2_Workshop/Day1/install/new_robot_controller/bin'
[0.686s] INFO:colcon.colcon_core.shell:Creating package script '/home/om/ROS2_Workshop/Day1/install/new_robot_controller/share/new_robot_controller/package.ps1'
[0.687s] INFO:colcon.colcon_core.shell:Creating package descriptor '/home/om/ROS2_Workshop/Day1/install/new_robot_controller/share/new_robot_controller/package.dsv'
[0.688s] INFO:colcon.colcon_core.shell:Creating package script '/home/om/ROS2_Workshop/Day1/install/new_robot_controller/share/new_robot_controller/package.sh'
[0.688s] INFO:colcon.colcon_core.shell:Creating package script '/home/om/ROS2_Workshop/Day1/install/new_robot_controller/share/new_robot_controller/package.bash'
[0.688s] INFO:colcon.colcon_core.shell:Creating package script '/home/om/ROS2_Workshop/Day1/install/new_robot_controller/share/new_robot_controller/package.zsh'
[0.689s] Level 1:colcon.colcon_core.environment:create_file_with_runtime_dependencies(/home/om/ROS2_Workshop/Day1/install/new_robot_controller/share/colcon-core/packages/new_robot_controller)
[10.603s] DEBUG:colcon.colcon_core.event_handler.log_command:Invoked command in '/home/om/ROS2_Workshop/Day1/build/day1_cpp' returned '0': CMAKE_PREFIX_PATH=${CMAKE_PREFIX_PATH}:/home/om/turtlebot3_ws/install/vfh_control:/home/om/turtlebot3_ws/install/turtlebot3_teleop:/home/om/turtlebot3_ws/install/turtlebot3_example:/home/om/pico_ws2/install/crsf_ros2:/home/om/slambot/install/gesture_control:/home/om/slambot/install/ges_control:/opt/ros/humble /usr/bin/cmake --build /home/om/ROS2_Workshop/Day1/build/day1_cpp -- -j8 -l8
[10.605s] DEBUG:colcon.colcon_core.event_handler.log_command:Invoking command in '/home/om/ROS2_Workshop/Day1/build/day1_cpp': CMAKE_PREFIX_PATH=${CMAKE_PREFIX_PATH}:/home/om/turtlebot3_ws/install/vfh_control:/home/om/turtlebot3_ws/install/turtlebot3_teleop:/home/om/turtlebot3_ws/install/turtlebot3_example:/home/om/pico_ws2/install/crsf_ros2:/home/om/slambot/install/gesture_control:/home/om/slambot/install/ges_control:/opt/ros/humble /usr/bin/cmake --install /home/om/ROS2_Workshop/Day1/build/day1_cpp
[10.619s] Level 1:colcon.colcon_core.environment:create_environment_scripts_only(day1_cpp)
[10.619s] Level 1:colcon.colcon_core.environment:checking '/home/om/ROS2_Workshop/Day1/install/day1_cpp' for CMake module files
[10.620s] DEBUG:colcon.colcon_core.event_handler.log_command:Invoked command in '/home/om/ROS2_Workshop/Day1/build/day1_cpp' returned '0': CMAKE_PREFIX_PATH=${CMAKE_PREFIX_PATH}:/home/om/turtlebot3_ws/install/vfh_control:/home/om/turtlebot3_ws/install/turtlebot3_teleop:/home/om/turtlebot3_ws/install/turtlebot3_example:/home/om/pico_ws2/install/crsf_ros2:/home/om/slambot/install/gesture_control:/home/om/slambot/install/ges_control:/opt/ros/humble /usr/bin/cmake --install /home/om/ROS2_Workshop/Day1/build/day1_cpp
[10.620s] Level 1:colcon.colcon_core.environment:checking '/home/om/ROS2_Workshop/Day1/install/day1_cpp' for CMake config files
[10.620s] Level 1:colcon.colcon_core.shell:create_environment_hook('day1_cpp', 'cmake_prefix_path')
[10.620s] INFO:colcon.colcon_core.shell:Creating environment hook '/home/om/ROS2_Workshop/Day1/install/day1_cpp/share/day1_cpp/hook/cmake_prefix_path.ps1'
[10.621s] INFO:colcon.colcon_core.shell:Creating environment descriptor '/home/om/ROS2_Workshop/Day1/install/day1_cpp/share/day1_cpp/hook/cmake_prefix_path.dsv'
[10.621s] INFO:colcon.colcon_core.shell:Creating environment hook '/home/om/ROS2_Workshop/Day1/install/day1_cpp/share/day1_cpp/hook/cmake_prefix_path.sh'
[10.621s] Level 1:colcon.colcon_core.environment:checking '/home/om/ROS2_Workshop/Day1/install/day1_cpp/lib'
[10.621s] Level 1:colcon.colcon_core.environment:checking '/home/om/ROS2_Workshop/Day1/install/day1_cpp/bin'
[10.622s] Level 1:colcon.colcon_core.environment:checking '/home/om/ROS2_Workshop/Day1/install/day1_cpp/lib/pkgconfig/day1_cpp.pc'
[10.622s] Level 1:colcon.colcon_core.environment:checking '/home/om/ROS2_Workshop/Day1/install/day1_cpp/lib/python3.10/site-packages'
[10.622s] Level 1:colcon.colcon_core.environment:checking '/home/om/ROS2_Workshop/Day1/install/day1_cpp/bin'
[10.622s] INFO:colcon.colcon_core.shell:Creating package script '/home/om/ROS2_Workshop/Day1/install/day1_cpp/share/day1_cpp/package.ps1'
[10.622s] INFO:colcon.colcon_core.shell:Creating package descriptor '/home/om/ROS2_Workshop/Day1/install/day1_cpp/share/day1_cpp/package.dsv'
[10.623s] INFO:colcon.colcon_core.shell:Creating package script '/home/om/ROS2_Workshop/Day1/install/day1_cpp/share/day1_cpp/package.sh'
[10.623s] INFO:colcon.colcon_core.shell:Creating package script '/home/om/ROS2_Workshop/Day1/install/day1_cpp/share/day1_cpp/package.bash'
[10.623s] INFO:colcon.colcon_core.shell:Creating package script '/home/om/ROS2_Workshop/Day1/install/day1_cpp/share/day1_cpp/package.zsh'
[10.623s] Level 1:colcon.colcon_core.environment:create_file_with_runtime_dependencies(/home/om/ROS2_Workshop/Day1/install/day1_cpp/share/colcon-core/packages/day1_cpp)
[10.624s] Level 1:colcon.colcon_core.environment:create_environment_scripts_only(day1_cpp)
[10.624s] Level 1:colcon.colcon_core.environment:checking '/home/om/ROS2_Workshop/Day1/install/day1_cpp' for CMake module files
[10.624s] Level 1:colcon.colcon_core.environment:checking '/home/om/ROS2_Workshop/Day1/install/day1_cpp' for CMake config files
[10.624s] Level 1:colcon.colcon_core.shell:create_environment_hook('day1_cpp', 'cmake_prefix_path')
[10.625s] INFO:colcon.colcon_core.shell:Creating environment hook '/home/om/ROS2_Workshop/Day1/install/day1_cpp/share/day1_cpp/hook/cmake_prefix_path.ps1'
[10.625s] INFO:colcon.colcon_core.shell:Creating environment descriptor '/home/om/ROS2_Workshop/Day1/install/day1_cpp/share/day1_cpp/hook/cmake_prefix_path.dsv'
[10.625s] INFO:colcon.colcon_core.shell:Creating environment hook '/home/om/ROS2_Workshop/Day1/install/day1_cpp/share/day1_cpp/hook/cmake_prefix_path.sh'
[10.626s] Level 1:colcon.colcon_core.environment:checking '/home/om/ROS2_Workshop/Day1/install/day1_cpp/lib'
[10.626s] Level 1:colcon.colcon_core.environment:checking '/home/om/ROS2_Workshop/Day1/install/day1_cpp/bin'
[10.626s] Level 1:colcon.colcon_core.environment:checking '/home/om/ROS2_Workshop/Day1/install/day1_cpp/lib/pkgconfig/day1_cpp.pc'
[10.626s] Level 1:colcon.colcon_core.environment:checking '/home/om/ROS2_Workshop/Day1/install/day1_cpp/lib/python3.10/site-packages'
[10.626s] Level 1:colcon.colcon_core.environment:checking '/home/om/ROS2_Workshop/Day1/install/day1_cpp/bin'
[10.626s] INFO:colcon.colcon_core.shell:Creating package script '/home/om/ROS2_Workshop/Day1/install/day1_cpp/share/day1_cpp/package.ps1'
[10.627s] INFO:colcon.colcon_core.shell:Creating package descriptor '/home/om/ROS2_Workshop/Day1/install/day1_cpp/share/day1_cpp/package.dsv'
[10.627s] INFO:colcon.colcon_core.shell:Creating package script '/home/om/ROS2_Workshop/Day1/install/day1_cpp/share/day1_cpp/package.sh'
[10.627s] INFO:colcon.colcon_core.shell:Creating package script '/home/om/ROS2_Workshop/Day1/install/day1_cpp/share/day1_cpp/package.bash'
[10.628s] INFO:colcon.colcon_core.shell:Creating package script '/home/om/ROS2_Workshop/Day1/install/day1_cpp/share/day1_cpp/package.zsh'
[10.628s] Level 1:colcon.colcon_core.environment:create_file_with_runtime_dependencies(/home/om/ROS2_Workshop/Day1/install/day1_cpp/share/colcon-core/packages/day1_cpp)
[10.628s] DEBUG:colcon.colcon_parallel_executor.executor.parallel:closing loop
[10.628s] DEBUG:colcon.colcon_parallel_executor.executor.parallel:loop closed
[10.628s] DEBUG:colcon.colcon_parallel_executor.executor.parallel:run_until_complete finished with '0'
[10.628s] DEBUG:colcon.colcon_core.event_reactor:joining thread
[10.633s] INFO:colcon.colcon_core.plugin_system:Skipping extension 'colcon_notification.desktop_notification.terminal_notifier': Not used on non-Darwin systems
[10.633s] INFO:colcon.colcon_core.plugin_system:Skipping extension 'colcon_notification.desktop_notification.win32': Not used on non-Windows systems
[10.633s] INFO:colcon.colcon_notification.desktop_notification:Sending desktop notification using 'notify2'
[10.644s] DEBUG:colcon.colcon_core.event_reactor:joined thread
[10.645s] INFO:colcon.colcon_core.shell:Creating prefix script '/home/om/ROS2_Workshop/Day1/install/local_setup.ps1'
[10.646s] INFO:colcon.colcon_core.shell:Creating prefix util module '/home/om/ROS2_Workshop/Day1/install/_local_setup_util_ps1.py'
[10.647s] INFO:colcon.colcon_core.shell:Creating prefix chain script '/home/om/ROS2_Workshop/Day1/install/setup.ps1'
[10.649s] INFO:colcon.colcon_core.shell:Creating prefix script '/home/om/ROS2_Workshop/Day1/install/local_setup.sh'
[10.650s] INFO:colcon.colcon_core.shell:Creating prefix util module '/home/om/ROS2_Workshop/Day1/install/_local_setup_util_sh.py'
[10.650s] INFO:colcon.colcon_core.shell:Creating prefix chain script '/home/om/ROS2_Workshop/Day1/install/setup.sh'
[10.653s] INFO:colcon.colcon_core.shell:Creating prefix script '/home/om/ROS2_Workshop/Day1/install/local_setup.bash'
[10.653s] INFO:colcon.colcon_core.shell:Creating prefix chain script '/home/om/ROS2_Workshop/Day1/install/setup.bash'
[10.655s] INFO:colcon.colcon_core.shell:Creating prefix script '/home/om/ROS2_Workshop/Day1/install/local_setup.zsh'
[10.655s] INFO:colcon.colcon_core.shell:Creating prefix chain script '/home/om/ROS2_Workshop/Day1/install/setup.zsh'
