[0.023s] Invoking command in '/home/om/ROS2_Workshop/Day1/build/day1_cpp': CMAKE_PREFIX_PATH=${CMAKE_PREFIX_PATH}:/home/om/dobot_ws/install/servo_action:/home/om/dobot_ws/install/dobot_moveit:/home/om/dobot_ws/install/dobot_demo:/opt/ros/humble /usr/bin/cmake --build /home/om/ROS2_Workshop/Day1/build/day1_cpp -- -j8 -l8
[0.053s] -- Found ament_cmake: 1.3.11 (/opt/ros/humble/share/ament_cmake/cmake)
[0.207s] -- Found rclcpp: 16.0.12 (/opt/ros/humble/share/rclcpp/cmake)
[0.243s] -- Found rosidl_generator_c: 3.1.6 (/opt/ros/humble/share/rosidl_generator_c/cmake)
[0.246s] -- Found rosidl_adapter: 3.1.6 (/opt/ros/humble/share/rosidl_adapter/cmake)
[0.254s] -- Found rosidl_generator_cpp: 3.1.6 (/opt/ros/humble/share/rosidl_generator_cpp/cmake)
[0.268s] -- Using all available rosidl_typesupport_c: rosidl_typesupport_fastrtps_c;rosidl_typesupport_introspection_c
[0.285s] -- Using all available rosidl_typesupport_cpp: rosidl_typesupport_fastrtps_cpp;rosidl_typesupport_introspection_cpp
[0.324s] -- Found rmw_implementation_cmake: 6.1.2 (/opt/ros/humble/share/rmw_implementation_cmake/cmake)
[0.326s] -- Found rmw_fastrtps_cpp: 6.2.7 (/opt/ros/humble/share/rmw_fastrtps_cpp/cmake)
[0.467s] -- Using RMW implementation 'rmw_fastrtps_cpp' as default
[0.525s] -- Found geometry_msgs: 4.8.0 (/opt/ros/humble/share/geometry_msgs/cmake)
[0.539s] -- Found turtlesim: 1.4.2 (/opt/ros/humble/share/turtlesim/cmake)
[0.674s] -- Configuring done
[0.700s] -- Generating done
[0.712s] -- Build files have been written to: /home/om/ROS2_Workshop/Day1/build/day1_cpp
[0.747s] [35m[1mConsolidate compiler generated dependencies of target simple_publisher[0m
[0.748s] [35m[1mConsolidate compiler generated dependencies of target simple_subscriber[0m
[0.749s] [35m[1mConsolidate compiler generated dependencies of target task2[0m
[0.749s] [35m[1mConsolidate compiler generated dependencies of target task1[0m
[0.761s] [ 10%] [32mBuilding CXX object CMakeFiles/task2_2.dir/src/task2_2.cpp.o[0m
[0.771s] [ 70%] Built target simple_publisher
[0.771s] [ 70%] Built target task1
[0.771s] [ 70%] Built target simple_subscriber
[0.772s] [ 90%] Built target task2
[9.814s] [100%] [32m[1mLinking CXX executable task2_2[0m
[10.252s] [100%] Built target task2_2
[10.264s] Invoked command in '/home/om/ROS2_Workshop/Day1/build/day1_cpp' returned '0': CMAKE_PREFIX_PATH=${CMAKE_PREFIX_PATH}:/home/om/dobot_ws/install/servo_action:/home/om/dobot_ws/install/dobot_moveit:/home/om/dobot_ws/install/dobot_demo:/opt/ros/humble /usr/bin/cmake --build /home/om/ROS2_Workshop/Day1/build/day1_cpp -- -j8 -l8
[10.266s] Invoking command in '/home/om/ROS2_Workshop/Day1/build/day1_cpp': CMAKE_PREFIX_PATH=${CMAKE_PREFIX_PATH}:/home/om/dobot_ws/install/servo_action:/home/om/dobot_ws/install/dobot_moveit:/home/om/dobot_ws/install/dobot_demo:/opt/ros/humble /usr/bin/cmake --install /home/om/ROS2_Workshop/Day1/build/day1_cpp
[10.273s] -- Install configuration: ""
[10.273s] -- Up-to-date: /home/om/ROS2_Workshop/Day1/install/day1_cpp/lib/day1_cpp/simple_publisher
[10.273s] -- Up-to-date: /home/om/ROS2_Workshop/Day1/install/day1_cpp/lib/day1_cpp/simple_subscriber
[10.273s] -- Up-to-date: /home/om/ROS2_Workshop/Day1/install/day1_cpp/lib/day1_cpp/task1
[10.273s] -- Up-to-date: /home/om/ROS2_Workshop/Day1/install/day1_cpp/lib/day1_cpp/task2
[10.273s] -- Installing: /home/om/ROS2_Workshop/Day1/install/day1_cpp/lib/day1_cpp/task2_2
[10.276s] -- Set runtime path of "/home/om/ROS2_Workshop/Day1/install/day1_cpp/lib/day1_cpp/task2_2" to ""
[10.276s] -- Up-to-date: /home/om/ROS2_Workshop/Day1/install/day1_cpp/share/ament_index/resource_index/package_run_dependencies/day1_cpp
[10.276s] -- Installing: /home/om/ROS2_Workshop/Day1/install/day1_cpp/share/ament_index/resource_index/parent_prefix_path/day1_cpp
[10.276s] -- Up-to-date: /home/om/ROS2_Workshop/Day1/install/day1_cpp/share/day1_cpp/environment/ament_prefix_path.sh
[10.276s] -- Installing: /home/om/ROS2_Workshop/Day1/install/day1_cpp/share/day1_cpp/environment/ament_prefix_path.dsv
[10.276s] -- Up-to-date: /home/om/ROS2_Workshop/Day1/install/day1_cpp/share/day1_cpp/environment/path.sh
[10.276s] -- Installing: /home/om/ROS2_Workshop/Day1/install/day1_cpp/share/day1_cpp/environment/path.dsv
[10.276s] -- Up-to-date: /home/om/ROS2_Workshop/Day1/install/day1_cpp/share/day1_cpp/local_setup.bash
[10.276s] -- Up-to-date: /home/om/ROS2_Workshop/Day1/install/day1_cpp/share/day1_cpp/local_setup.sh
[10.276s] -- Up-to-date: /home/om/ROS2_Workshop/Day1/install/day1_cpp/share/day1_cpp/local_setup.zsh
[10.277s] -- Installing: /home/om/ROS2_Workshop/Day1/install/day1_cpp/share/day1_cpp/local_setup.dsv
[10.277s] -- Installing: /home/om/ROS2_Workshop/Day1/install/day1_cpp/share/day1_cpp/package.dsv
[10.277s] -- Up-to-date: /home/om/ROS2_Workshop/Day1/install/day1_cpp/share/ament_index/resource_index/packages/day1_cpp
[10.277s] -- Up-to-date: /home/om/ROS2_Workshop/Day1/install/day1_cpp/share/day1_cpp/cmake/day1_cppConfig.cmake
[10.277s] -- Up-to-date: /home/om/ROS2_Workshop/Day1/install/day1_cpp/share/day1_cpp/cmake/day1_cppConfig-version.cmake
[10.277s] -- Up-to-date: /home/om/ROS2_Workshop/Day1/install/day1_cpp/share/day1_cpp/package.xml
[10.279s] Invoked command in '/home/om/ROS2_Workshop/Day1/build/day1_cpp' returned '0': CMAKE_PREFIX_PATH=${CMAKE_PREFIX_PATH}:/home/om/dobot_ws/install/servo_action:/home/om/dobot_ws/install/dobot_moveit:/home/om/dobot_ws/install/dobot_demo:/opt/ros/humble /usr/bin/cmake --install /home/om/ROS2_Workshop/Day1/build/day1_cpp
