[0.145s] DEBUG:colcon:Command line arguments: ['/usr/bin/colcon', 'build']
[0.145s] DEBUG:colcon:Parsed command line arguments: Namespace(log_base=None, log_level=None, verb_name='build', build_base='build', install_base='install', merge_install=False, symlink_install=False, test_result_base=None, continue_on_error=False, executor='parallel', parallel_workers=8, event_handlers=None, ignore_user_meta=False, metas=['./colcon.meta'], base_paths=['.'], packages_ignore=None, packages_ignore_regex=None, paths=None, packages_up_to=None, packages_up_to_regex=None, packages_above=None, packages_above_and_dependencies=None, packages_above_depth=None, packages_select_by_dep=None, packages_skip_by_dep=None, packages_skip_up_to=None, packages_select_build_failed=False, packages_skip_build_finished=False, packages_select_test_failures=False, packages_skip_test_passed=False, packages_select=None, packages_skip=None, packages_select_regex=None, packages_skip_regex=None, packages_start=None, packages_end=None, allow_overriding=[], cmake_args=None, cmake_target=None, cmake_target_skip_unavailable=False, cmake_clean_cache=False, cmake_clean_first=False, cmake_force_configure=False, ament_cmake_args=None, catkin_cmake_args=None, catkin_skip_building_tests=False, verb_parser=<colcon_defaults.argument_parser.defaults.DefaultArgumentsDecorator object at 0x74f01afe6410>, verb_extension=<colcon_core.verb.build.BuildVerb object at 0x74f01af809a0>, main=<bound method BuildVerb.main of <colcon_core.verb.build.BuildVerb object at 0x74f01af809a0>>)
[0.384s] Level 1:colcon.colcon_core.package_discovery:discover_packages(colcon_meta) check parameters
[0.384s] Level 1:colcon.colcon_core.package_discovery:discover_packages(recursive) check parameters
[0.384s] Level 1:colcon.colcon_core.package_discovery:discover_packages(ignore) check parameters
[0.384s] Level 1:colcon.colcon_core.package_discovery:discover_packages(path) check parameters
[0.384s] Level 1:colcon.colcon_core.package_discovery:discover_packages(colcon_meta) discover
[0.384s] Level 1:colcon.colcon_core.package_discovery:discover_packages(recursive) discover
[0.384s] INFO:colcon.colcon_core.package_discovery:Crawling recursively for packages in '/home/om/ROS2_Workshop/Day1'
[0.385s] Level 1:colcon.colcon_core.package_identification:_identify(.) by extensions ['ignore', 'ignore_ament_install']
[0.385s] Level 1:colcon.colcon_core.package_identification:_identify(.) by extension 'ignore'
[0.385s] Level 1:colcon.colcon_core.package_identification:_identify(.) by extension 'ignore_ament_install'
[0.385s] Level 1:colcon.colcon_core.package_identification:_identify(.) by extensions ['colcon_pkg']
[0.385s] Level 1:colcon.colcon_core.package_identification:_identify(.) by extension 'colcon_pkg'
[0.385s] Level 1:colcon.colcon_core.package_identification:_identify(.) by extensions ['colcon_meta']
[0.385s] Level 1:colcon.colcon_core.package_identification:_identify(.) by extension 'colcon_meta'
[0.385s] Level 1:colcon.colcon_core.package_identification:_identify(.) by extensions ['ros']
[0.385s] Level 1:colcon.colcon_core.package_identification:_identify(.) by extension 'ros'
[0.399s] Level 1:colcon.colcon_core.package_identification:_identify(.) by extensions ['cmake', 'python']
[0.399s] Level 1:colcon.colcon_core.package_identification:_identify(.) by extension 'cmake'
[0.399s] Level 1:colcon.colcon_core.package_identification:_identify(.) by extension 'python'
[0.399s] Level 1:colcon.colcon_core.package_identification:_identify(.) by extensions ['python_setup_py']
[0.399s] Level 1:colcon.colcon_core.package_identification:_identify(.) by extension 'python_setup_py'
[0.399s] Level 1:colcon.colcon_core.package_identification:_identify(build) by extensions ['ignore', 'ignore_ament_install']
[0.399s] Level 1:colcon.colcon_core.package_identification:_identify(build) by extension 'ignore'
[0.399s] Level 1:colcon.colcon_core.package_identification:_identify(build) ignored
[0.400s] Level 1:colcon.colcon_core.package_identification:_identify(install) by extensions ['ignore', 'ignore_ament_install']
[0.400s] Level 1:colcon.colcon_core.package_identification:_identify(install) by extension 'ignore'
[0.400s] Level 1:colcon.colcon_core.package_identification:_identify(install) ignored
[0.400s] Level 1:colcon.colcon_core.package_identification:_identify(log) by extensions ['ignore', 'ignore_ament_install']
[0.400s] Level 1:colcon.colcon_core.package_identification:_identify(log) by extension 'ignore'
[0.400s] Level 1:colcon.colcon_core.package_identification:_identify(log) ignored
[0.400s] Level 1:colcon.colcon_core.package_identification:_identify(src) by extensions ['ignore', 'ignore_ament_install']
[0.400s] Level 1:colcon.colcon_core.package_identification:_identify(src) by extension 'ignore'
[0.400s] Level 1:colcon.colcon_core.package_identification:_identify(src) by extension 'ignore_ament_install'
[0.400s] Level 1:colcon.colcon_core.package_identification:_identify(src) by extensions ['colcon_pkg']
[0.400s] Level 1:colcon.colcon_core.package_identification:_identify(src) by extension 'colcon_pkg'
[0.400s] Level 1:colcon.colcon_core.package_identification:_identify(src) by extensions ['colcon_meta']
[0.400s] Level 1:colcon.colcon_core.package_identification:_identify(src) by extension 'colcon_meta'
[0.401s] Level 1:colcon.colcon_core.package_identification:_identify(src) by extensions ['ros']
[0.401s] Level 1:colcon.colcon_core.package_identification:_identify(src) by extension 'ros'
[0.401s] Level 1:colcon.colcon_core.package_identification:_identify(src) by extensions ['cmake', 'python']
[0.401s] Level 1:colcon.colcon_core.package_identification:_identify(src) by extension 'cmake'
[0.401s] Level 1:colcon.colcon_core.package_identification:_identify(src) by extension 'python'
[0.401s] Level 1:colcon.colcon_core.package_identification:_identify(src) by extensions ['python_setup_py']
[0.401s] Level 1:colcon.colcon_core.package_identification:_identify(src) by extension 'python_setup_py'
[0.401s] Level 1:colcon.colcon_core.package_identification:_identify(src/day1_cpp) by extensions ['ignore', 'ignore_ament_install']
[0.401s] Level 1:colcon.colcon_core.package_identification:_identify(src/day1_cpp) by extension 'ignore'
[0.401s] Level 1:colcon.colcon_core.package_identification:_identify(src/day1_cpp) by extension 'ignore_ament_install'
[0.401s] Level 1:colcon.colcon_core.package_identification:_identify(src/day1_cpp) by extensions ['colcon_pkg']
[0.401s] Level 1:colcon.colcon_core.package_identification:_identify(src/day1_cpp) by extension 'colcon_pkg'
[0.401s] Level 1:colcon.colcon_core.package_identification:_identify(src/day1_cpp) by extensions ['colcon_meta']
[0.401s] Level 1:colcon.colcon_core.package_identification:_identify(src/day1_cpp) by extension 'colcon_meta'
[0.401s] Level 1:colcon.colcon_core.package_identification:_identify(src/day1_cpp) by extensions ['ros']
[0.401s] Level 1:colcon.colcon_core.package_identification:_identify(src/day1_cpp) by extension 'ros'
[0.404s] DEBUG:colcon.colcon_core.package_identification:Package 'src/day1_cpp' with type 'ros.ament_cmake' and name 'day1_cpp'
[0.405s] Level 1:colcon.colcon_core.package_identification:_identify(src/day2_cpp) by extensions ['ignore', 'ignore_ament_install']
[0.405s] Level 1:colcon.colcon_core.package_identification:_identify(src/day2_cpp) by extension 'ignore'
[0.405s] Level 1:colcon.colcon_core.package_identification:_identify(src/day2_cpp) by extension 'ignore_ament_install'
[0.405s] Level 1:colcon.colcon_core.package_identification:_identify(src/day2_cpp) by extensions ['colcon_pkg']
[0.405s] Level 1:colcon.colcon_core.package_identification:_identify(src/day2_cpp) by extension 'colcon_pkg'
[0.405s] Level 1:colcon.colcon_core.package_identification:_identify(src/day2_cpp) by extensions ['colcon_meta']
[0.405s] Level 1:colcon.colcon_core.package_identification:_identify(src/day2_cpp) by extension 'colcon_meta'
[0.405s] Level 1:colcon.colcon_core.package_identification:_identify(src/day2_cpp) by extensions ['ros']
[0.405s] Level 1:colcon.colcon_core.package_identification:_identify(src/day2_cpp) by extension 'ros'
[0.406s] DEBUG:colcon.colcon_core.package_identification:Package 'src/day2_cpp' with type 'ros.ament_cmake' and name 'day2_cpp'
[0.406s] Level 1:colcon.colcon_core.package_identification:_identify(src/new_robot_controller) by extensions ['ignore', 'ignore_ament_install']
[0.406s] Level 1:colcon.colcon_core.package_identification:_identify(src/new_robot_controller) by extension 'ignore'
[0.406s] Level 1:colcon.colcon_core.package_identification:_identify(src/new_robot_controller) by extension 'ignore_ament_install'
[0.406s] Level 1:colcon.colcon_core.package_identification:_identify(src/new_robot_controller) by extensions ['colcon_pkg']
[0.406s] Level 1:colcon.colcon_core.package_identification:_identify(src/new_robot_controller) by extension 'colcon_pkg'
[0.406s] Level 1:colcon.colcon_core.package_identification:_identify(src/new_robot_controller) by extensions ['colcon_meta']
[0.406s] Level 1:colcon.colcon_core.package_identification:_identify(src/new_robot_controller) by extension 'colcon_meta'
[0.406s] Level 1:colcon.colcon_core.package_identification:_identify(src/new_robot_controller) by extensions ['ros']
[0.406s] Level 1:colcon.colcon_core.package_identification:_identify(src/new_robot_controller) by extension 'ros'
[0.408s] DEBUG:colcon.colcon_core.package_identification:Package 'src/new_robot_controller' with type 'ros.ament_cmake' and name 'new_robot_controller'
[0.408s] Level 1:colcon.colcon_core.package_identification:_identify(src/new_robot_description) by extensions ['ignore', 'ignore_ament_install']
[0.408s] Level 1:colcon.colcon_core.package_identification:_identify(src/new_robot_description) by extension 'ignore'
[0.408s] Level 1:colcon.colcon_core.package_identification:_identify(src/new_robot_description) by extension 'ignore_ament_install'
[0.408s] Level 1:colcon.colcon_core.package_identification:_identify(src/new_robot_description) by extensions ['colcon_pkg']
[0.408s] Level 1:colcon.colcon_core.package_identification:_identify(src/new_robot_description) by extension 'colcon_pkg'
[0.408s] Level 1:colcon.colcon_core.package_identification:_identify(src/new_robot_description) by extensions ['colcon_meta']
[0.408s] Level 1:colcon.colcon_core.package_identification:_identify(src/new_robot_description) by extension 'colcon_meta'
[0.408s] Level 1:colcon.colcon_core.package_identification:_identify(src/new_robot_description) by extensions ['ros']
[0.408s] Level 1:colcon.colcon_core.package_identification:_identify(src/new_robot_description) by extension 'ros'
[0.409s] DEBUG:colcon.colcon_core.package_identification:Package 'src/new_robot_description' with type 'ros.ament_cmake' and name 'new_robot_description'
[0.409s] Level 1:colcon.colcon_core.package_discovery:discover_packages(recursive) using defaults
[0.409s] Level 1:colcon.colcon_core.package_discovery:discover_packages(ignore) discover
[0.409s] Level 1:colcon.colcon_core.package_discovery:discover_packages(ignore) using defaults
[0.409s] Level 1:colcon.colcon_core.package_discovery:discover_packages(path) discover
[0.409s] Level 1:colcon.colcon_core.package_discovery:discover_packages(path) using defaults
[0.470s] Level 1:colcon.colcon_core.package_discovery:discover_packages(prefix_path) check parameters
[0.470s] Level 1:colcon.colcon_core.package_discovery:discover_packages(prefix_path) discover
[0.474s] DEBUG:colcon.colcon_installed_package_information.package_discovery:Found 4 installed packages in /home/om/pico_ws2/install
[0.474s] DEBUG:colcon.colcon_installed_package_information.package_discovery:Found 16 installed packages in /home/om/turtlebot3_ws/install
[0.475s] DEBUG:colcon.colcon_installed_package_information.package_discovery:Found 16 installed packages in /home/om/pico_ws/install
[0.476s] DEBUG:colcon.colcon_installed_package_information.package_discovery:Found 10 installed packages in /home/om/slambot/install
[0.478s] DEBUG:colcon.colcon_installed_package_information.package_discovery:Found 438 installed packages in /opt/ros/humble
[0.481s] Level 1:colcon.colcon_core.package_discovery:discover_packages(prefix_path) using defaults
[0.549s] Level 5:colcon.colcon_core.verb:set package 'day1_cpp' build argument 'cmake_args' from command line to 'None'
[0.550s] Level 5:colcon.colcon_core.verb:set package 'day1_cpp' build argument 'cmake_target' from command line to 'None'
[0.550s] Level 5:colcon.colcon_core.verb:set package 'day1_cpp' build argument 'cmake_target_skip_unavailable' from command line to 'False'
[0.550s] Level 5:colcon.colcon_core.verb:set package 'day1_cpp' build argument 'cmake_clean_cache' from command line to 'False'
[0.550s] Level 5:colcon.colcon_core.verb:set package 'day1_cpp' build argument 'cmake_clean_first' from command line to 'False'
[0.550s] Level 5:colcon.colcon_core.verb:set package 'day1_cpp' build argument 'cmake_force_configure' from command line to 'False'
[0.550s] Level 5:colcon.colcon_core.verb:set package 'day1_cpp' build argument 'ament_cmake_args' from command line to 'None'
[0.550s] Level 5:colcon.colcon_core.verb:set package 'day1_cpp' build argument 'catkin_cmake_args' from command line to 'None'
[0.550s] Level 5:colcon.colcon_core.verb:set package 'day1_cpp' build argument 'catkin_skip_building_tests' from command line to 'False'
[0.550s] DEBUG:colcon.colcon_core.verb:Building package 'day1_cpp' with the following arguments: {'ament_cmake_args': None, 'build_base': '/home/om/ROS2_Workshop/Day1/build/day1_cpp', 'catkin_cmake_args': None, 'catkin_skip_building_tests': False, 'cmake_args': None, 'cmake_clean_cache': False, 'cmake_clean_first': False, 'cmake_force_configure': False, 'cmake_target': None, 'cmake_target_skip_unavailable': False, 'install_base': '/home/om/ROS2_Workshop/Day1/install/day1_cpp', 'merge_install': False, 'path': '/home/om/ROS2_Workshop/Day1/src/day1_cpp', 'symlink_install': False, 'test_result_base': None}
[0.550s] Level 5:colcon.colcon_core.verb:set package 'day2_cpp' build argument 'cmake_args' from command line to 'None'
[0.550s] Level 5:colcon.colcon_core.verb:set package 'day2_cpp' build argument 'cmake_target' from command line to 'None'
[0.550s] Level 5:colcon.colcon_core.verb:set package 'day2_cpp' build argument 'cmake_target_skip_unavailable' from command line to 'False'
[0.550s] Level 5:colcon.colcon_core.verb:set package 'day2_cpp' build argument 'cmake_clean_cache' from command line to 'False'
[0.550s] Level 5:colcon.colcon_core.verb:set package 'day2_cpp' build argument 'cmake_clean_first' from command line to 'False'
[0.550s] Level 5:colcon.colcon_core.verb:set package 'day2_cpp' build argument 'cmake_force_configure' from command line to 'False'
[0.550s] Level 5:colcon.colcon_core.verb:set package 'day2_cpp' build argument 'ament_cmake_args' from command line to 'None'
[0.550s] Level 5:colcon.colcon_core.verb:set package 'day2_cpp' build argument 'catkin_cmake_args' from command line to 'None'
[0.550s] Level 5:colcon.colcon_core.verb:set package 'day2_cpp' build argument 'catkin_skip_building_tests' from command line to 'False'
[0.551s] DEBUG:colcon.colcon_core.verb:Building package 'day2_cpp' with the following arguments: {'ament_cmake_args': None, 'build_base': '/home/om/ROS2_Workshop/Day1/build/day2_cpp', 'catkin_cmake_args': None, 'catkin_skip_building_tests': False, 'cmake_args': None, 'cmake_clean_cache': False, 'cmake_clean_first': False, 'cmake_force_configure': False, 'cmake_target': None, 'cmake_target_skip_unavailable': False, 'install_base': '/home/om/ROS2_Workshop/Day1/install/day2_cpp', 'merge_install': False, 'path': '/home/om/ROS2_Workshop/Day1/src/day2_cpp', 'symlink_install': False, 'test_result_base': None}
[0.551s] Level 5:colcon.colcon_core.verb:set package 'new_robot_controller' build argument 'cmake_args' from command line to 'None'
[0.551s] Level 5:colcon.colcon_core.verb:set package 'new_robot_controller' build argument 'cmake_target' from command line to 'None'
[0.551s] Level 5:colcon.colcon_core.verb:set package 'new_robot_controller' build argument 'cmake_target_skip_unavailable' from command line to 'False'
[0.551s] Level 5:colcon.colcon_core.verb:set package 'new_robot_controller' build argument 'cmake_clean_cache' from command line to 'False'
[0.551s] Level 5:colcon.colcon_core.verb:set package 'new_robot_controller' build argument 'cmake_clean_first' from command line to 'False'
[0.551s] Level 5:colcon.colcon_core.verb:set package 'new_robot_controller' build argument 'cmake_force_configure' from command line to 'False'
[0.551s] Level 5:colcon.colcon_core.verb:set package 'new_robot_controller' build argument 'ament_cmake_args' from command line to 'None'
[0.551s] Level 5:colcon.colcon_core.verb:set package 'new_robot_controller' build argument 'catkin_cmake_args' from command line to 'None'
[0.551s] Level 5:colcon.colcon_core.verb:set package 'new_robot_controller' build argument 'catkin_skip_building_tests' from command line to 'False'
[0.551s] DEBUG:colcon.colcon_core.verb:Building package 'new_robot_controller' with the following arguments: {'ament_cmake_args': None, 'build_base': '/home/om/ROS2_Workshop/Day1/build/new_robot_controller', 'catkin_cmake_args': None, 'catkin_skip_building_tests': False, 'cmake_args': None, 'cmake_clean_cache': False, 'cmake_clean_first': False, 'cmake_force_configure': False, 'cmake_target': None, 'cmake_target_skip_unavailable': False, 'install_base': '/home/om/ROS2_Workshop/Day1/install/new_robot_controller', 'merge_install': False, 'path': '/home/om/ROS2_Workshop/Day1/src/new_robot_controller', 'symlink_install': False, 'test_result_base': None}
[0.552s] Level 5:colcon.colcon_core.verb:set package 'new_robot_description' build argument 'cmake_args' from command line to 'None'
[0.552s] Level 5:colcon.colcon_core.verb:set package 'new_robot_description' build argument 'cmake_target' from command line to 'None'
[0.552s] Level 5:colcon.colcon_core.verb:set package 'new_robot_description' build argument 'cmake_target_skip_unavailable' from command line to 'False'
[0.552s] Level 5:colcon.colcon_core.verb:set package 'new_robot_description' build argument 'cmake_clean_cache' from command line to 'False'
[0.552s] Level 5:colcon.colcon_core.verb:set package 'new_robot_description' build argument 'cmake_clean_first' from command line to 'False'
[0.552s] Level 5:colcon.colcon_core.verb:set package 'new_robot_description' build argument 'cmake_force_configure' from command line to 'False'
[0.552s] Level 5:colcon.colcon_core.verb:set package 'new_robot_description' build argument 'ament_cmake_args' from command line to 'None'
[0.552s] Level 5:colcon.colcon_core.verb:set package 'new_robot_description' build argument 'catkin_cmake_args' from command line to 'None'
[0.552s] Level 5:colcon.colcon_core.verb:set package 'new_robot_description' build argument 'catkin_skip_building_tests' from command line to 'False'
[0.552s] DEBUG:colcon.colcon_core.verb:Building package 'new_robot_description' with the following arguments: {'ament_cmake_args': None, 'build_base': '/home/om/ROS2_Workshop/Day1/build/new_robot_description', 'catkin_cmake_args': None, 'catkin_skip_building_tests': False, 'cmake_args': None, 'cmake_clean_cache': False, 'cmake_clean_first': False, 'cmake_force_configure': False, 'cmake_target': None, 'cmake_target_skip_unavailable': False, 'install_base': '/home/om/ROS2_Workshop/Day1/install/new_robot_description', 'merge_install': False, 'path': '/home/om/ROS2_Workshop/Day1/src/new_robot_description', 'symlink_install': False, 'test_result_base': None}
[0.552s] INFO:colcon.colcon_core.executor:Executing jobs using 'parallel' executor
[0.553s] DEBUG:colcon.colcon_parallel_executor.executor.parallel:run_until_complete
[0.554s] INFO:colcon.colcon_ros.task.ament_cmake.build:Building ROS package in '/home/om/ROS2_Workshop/Day1/src/day1_cpp' with build type 'ament_cmake'
[0.554s] INFO:colcon.colcon_cmake.task.cmake.build:Building CMake package in '/home/om/ROS2_Workshop/Day1/src/day1_cpp'
[0.557s] INFO:colcon.colcon_core.plugin_system:Skipping extension 'colcon_core.shell.bat': Not used on non-Windows systems
[0.557s] INFO:colcon.colcon_core.shell:Skip shell extension 'powershell' for command environment: Not usable outside of PowerShell
[0.557s] DEBUG:colcon.colcon_core.shell:Skip shell extension 'dsv' for command environment
[0.566s] INFO:colcon.colcon_ros.task.ament_cmake.build:Building ROS package in '/home/om/ROS2_Workshop/Day1/src/day2_cpp' with build type 'ament_cmake'
[0.566s] INFO:colcon.colcon_cmake.task.cmake.build:Building CMake package in '/home/om/ROS2_Workshop/Day1/src/day2_cpp'
[0.567s] INFO:colcon.colcon_core.shell:Skip shell extension 'powershell' for command environment: Not usable outside of PowerShell
[0.567s] DEBUG:colcon.colcon_core.shell:Skip shell extension 'dsv' for command environment
[0.576s] INFO:colcon.colcon_ros.task.ament_cmake.build:Building ROS package in '/home/om/ROS2_Workshop/Day1/src/new_robot_controller' with build type 'ament_cmake'
[0.576s] INFO:colcon.colcon_cmake.task.cmake.build:Building CMake package in '/home/om/ROS2_Workshop/Day1/src/new_robot_controller'
[0.576s] INFO:colcon.colcon_core.shell:Skip shell extension 'powershell' for command environment: Not usable outside of PowerShell
[0.576s] DEBUG:colcon.colcon_core.shell:Skip shell extension 'dsv' for command environment
[0.585s] INFO:colcon.colcon_ros.task.ament_cmake.build:Building ROS package in '/home/om/ROS2_Workshop/Day1/src/new_robot_description' with build type 'ament_cmake'
[0.585s] INFO:colcon.colcon_cmake.task.cmake.build:Building CMake package in '/home/om/ROS2_Workshop/Day1/src/new_robot_description'
[0.586s] INFO:colcon.colcon_core.shell:Skip shell extension 'powershell' for command environment: Not usable outside of PowerShell
[0.586s] DEBUG:colcon.colcon_core.shell:Skip shell extension 'dsv' for command environment
[0.601s] DEBUG:colcon.colcon_core.event_handler.log_command:Invoking command in '/home/om/ROS2_Workshop/Day1/build/day1_cpp': CMAKE_PREFIX_PATH=${CMAKE_PREFIX_PATH}:/home/om/turtlebot3_ws/install/vfh_control:/home/om/turtlebot3_ws/install/turtlebot3_teleop:/home/om/turtlebot3_ws/install/turtlebot3_example:/home/om/pico_ws2/install/crsf_ros2:/home/om/slambot/install/gesture_control:/home/om/slambot/install/ges_control:/opt/ros/humble /usr/bin/cmake --build /home/om/ROS2_Workshop/Day1/build/day1_cpp -- -j8 -l8
[0.610s] DEBUG:colcon.colcon_core.event_handler.log_command:Invoking command in '/home/om/ROS2_Workshop/Day1/build/day2_cpp': CMAKE_PREFIX_PATH=${CMAKE_PREFIX_PATH}:/home/om/turtlebot3_ws/install/vfh_control:/home/om/turtlebot3_ws/install/turtlebot3_teleop:/home/om/turtlebot3_ws/install/turtlebot3_example:/home/om/pico_ws2/install/crsf_ros2:/home/om/slambot/install/gesture_control:/home/om/slambot/install/ges_control:/opt/ros/humble /usr/bin/cmake --build /home/om/ROS2_Workshop/Day1/build/day2_cpp -- -j8 -l8
[0.617s] DEBUG:colcon.colcon_core.event_handler.log_command:Invoking command in '/home/om/ROS2_Workshop/Day1/build/new_robot_controller': CMAKE_PREFIX_PATH=${CMAKE_PREFIX_PATH}:/home/om/turtlebot3_ws/install/vfh_control:/home/om/turtlebot3_ws/install/turtlebot3_teleop:/home/om/turtlebot3_ws/install/turtlebot3_example:/home/om/pico_ws2/install/crsf_ros2:/home/om/slambot/install/gesture_control:/home/om/slambot/install/ges_control:/opt/ros/humble /usr/bin/cmake --build /home/om/ROS2_Workshop/Day1/build/new_robot_controller -- -j8 -l8
[0.625s] DEBUG:colcon.colcon_core.event_handler.log_command:Invoking command in '/home/om/ROS2_Workshop/Day1/build/new_robot_description': CMAKE_PREFIX_PATH=${CMAKE_PREFIX_PATH}:/home/om/turtlebot3_ws/install/vfh_control:/home/om/turtlebot3_ws/install/turtlebot3_teleop:/home/om/turtlebot3_ws/install/turtlebot3_example:/home/om/pico_ws2/install/crsf_ros2:/home/om/slambot/install/gesture_control:/home/om/slambot/install/ges_control:/opt/ros/humble /usr/bin/cmake --build /home/om/ROS2_Workshop/Day1/build/new_robot_description -- -j8 -l8
[0.679s] DEBUG:colcon.colcon_core.event_handler.log_command:Invoked command in '/home/om/ROS2_Workshop/Day1/build/day2_cpp' returned '0': CMAKE_PREFIX_PATH=${CMAKE_PREFIX_PATH}:/home/om/turtlebot3_ws/install/vfh_control:/home/om/turtlebot3_ws/install/turtlebot3_teleop:/home/om/turtlebot3_ws/install/turtlebot3_example:/home/om/pico_ws2/install/crsf_ros2:/home/om/slambot/install/gesture_control:/home/om/slambot/install/ges_control:/opt/ros/humble /usr/bin/cmake --build /home/om/ROS2_Workshop/Day1/build/day2_cpp -- -j8 -l8
[0.700s] DEBUG:colcon.colcon_core.event_handler.log_command:Invoking command in '/home/om/ROS2_Workshop/Day1/build/day2_cpp': CMAKE_PREFIX_PATH=${CMAKE_PREFIX_PATH}:/home/om/turtlebot3_ws/install/vfh_control:/home/om/turtlebot3_ws/install/turtlebot3_teleop:/home/om/turtlebot3_ws/install/turtlebot3_example:/home/om/pico_ws2/install/crsf_ros2:/home/om/slambot/install/gesture_control:/home/om/slambot/install/ges_control:/opt/ros/humble /usr/bin/cmake --install /home/om/ROS2_Workshop/Day1/build/day2_cpp
[0.702s] DEBUG:colcon.colcon_core.event_handler.log_command:Invoked command in '/home/om/ROS2_Workshop/Day1/build/new_robot_description' returned '0': CMAKE_PREFIX_PATH=${CMAKE_PREFIX_PATH}:/home/om/turtlebot3_ws/install/vfh_control:/home/om/turtlebot3_ws/install/turtlebot3_teleop:/home/om/turtlebot3_ws/install/turtlebot3_example:/home/om/pico_ws2/install/crsf_ros2:/home/om/slambot/install/gesture_control:/home/om/slambot/install/ges_control:/opt/ros/humble /usr/bin/cmake --build /home/om/ROS2_Workshop/Day1/build/new_robot_description -- -j8 -l8
[0.704s] DEBUG:colcon.colcon_core.event_handler.log_command:Invoking command in '/home/om/ROS2_Workshop/Day1/build/new_robot_description': CMAKE_PREFIX_PATH=${CMAKE_PREFIX_PATH}:/home/om/turtlebot3_ws/install/vfh_control:/home/om/turtlebot3_ws/install/turtlebot3_teleop:/home/om/turtlebot3_ws/install/turtlebot3_example:/home/om/pico_ws2/install/crsf_ros2:/home/om/slambot/install/gesture_control:/home/om/slambot/install/ges_control:/opt/ros/humble /usr/bin/cmake --install /home/om/ROS2_Workshop/Day1/build/new_robot_description
[0.716s] Level 1:colcon.colcon_core.environment:create_environment_scripts_only(day2_cpp)
[0.718s] DEBUG:colcon.colcon_core.event_handler.log_command:Invoked command in '/home/om/ROS2_Workshop/Day1/build/day2_cpp' returned '0': CMAKE_PREFIX_PATH=${CMAKE_PREFIX_PATH}:/home/om/turtlebot3_ws/install/vfh_control:/home/om/turtlebot3_ws/install/turtlebot3_teleop:/home/om/turtlebot3_ws/install/turtlebot3_example:/home/om/pico_ws2/install/crsf_ros2:/home/om/slambot/install/gesture_control:/home/om/slambot/install/ges_control:/opt/ros/humble /usr/bin/cmake --install /home/om/ROS2_Workshop/Day1/build/day2_cpp
[0.725s] Level 1:colcon.colcon_core.environment:checking '/home/om/ROS2_Workshop/Day1/install/day2_cpp' for CMake module files
[0.725s] Level 1:colcon.colcon_core.environment:checking '/home/om/ROS2_Workshop/Day1/install/day2_cpp' for CMake config files
[0.725s] Level 1:colcon.colcon_core.shell:create_environment_hook('day2_cpp', 'cmake_prefix_path')
[0.726s] INFO:colcon.colcon_core.shell:Creating environment hook '/home/om/ROS2_Workshop/Day1/install/day2_cpp/share/day2_cpp/hook/cmake_prefix_path.ps1'
[0.727s] INFO:colcon.colcon_core.shell:Creating environment descriptor '/home/om/ROS2_Workshop/Day1/install/day2_cpp/share/day2_cpp/hook/cmake_prefix_path.dsv'
[0.728s] INFO:colcon.colcon_core.shell:Creating environment hook '/home/om/ROS2_Workshop/Day1/install/day2_cpp/share/day2_cpp/hook/cmake_prefix_path.sh'
[0.730s] Level 1:colcon.colcon_core.environment:checking '/home/om/ROS2_Workshop/Day1/install/day2_cpp/bin'
[0.730s] Level 1:colcon.colcon_core.environment:checking '/home/om/ROS2_Workshop/Day1/install/day2_cpp/lib/pkgconfig/day2_cpp.pc'
[0.730s] Level 1:colcon.colcon_core.environment:checking '/home/om/ROS2_Workshop/Day1/install/day2_cpp/lib/python3.10/site-packages'
[0.730s] Level 1:colcon.colcon_core.environment:checking '/home/om/ROS2_Workshop/Day1/install/day2_cpp/bin'
[0.731s] INFO:colcon.colcon_core.shell:Creating package script '/home/om/ROS2_Workshop/Day1/install/day2_cpp/share/day2_cpp/package.ps1'
[0.732s] INFO:colcon.colcon_core.shell:Creating package descriptor '/home/om/ROS2_Workshop/Day1/install/day2_cpp/share/day2_cpp/package.dsv'
[0.734s] INFO:colcon.colcon_core.shell:Creating package script '/home/om/ROS2_Workshop/Day1/install/day2_cpp/share/day2_cpp/package.sh'
[0.735s] INFO:colcon.colcon_core.shell:Creating package script '/home/om/ROS2_Workshop/Day1/install/day2_cpp/share/day2_cpp/package.bash'
[0.736s] INFO:colcon.colcon_core.shell:Creating package script '/home/om/ROS2_Workshop/Day1/install/day2_cpp/share/day2_cpp/package.zsh'
[0.737s] Level 1:colcon.colcon_core.environment:create_file_with_runtime_dependencies(/home/om/ROS2_Workshop/Day1/install/day2_cpp/share/colcon-core/packages/day2_cpp)
[0.738s] Level 1:colcon.colcon_core.environment:create_environment_scripts_only(day2_cpp)
[0.738s] Level 1:colcon.colcon_core.environment:checking '/home/om/ROS2_Workshop/Day1/install/day2_cpp' for CMake module files
[0.738s] Level 1:colcon.colcon_core.environment:checking '/home/om/ROS2_Workshop/Day1/install/day2_cpp' for CMake config files
[0.738s] Level 1:colcon.colcon_core.shell:create_environment_hook('day2_cpp', 'cmake_prefix_path')
[0.739s] INFO:colcon.colcon_core.shell:Creating environment hook '/home/om/ROS2_Workshop/Day1/install/day2_cpp/share/day2_cpp/hook/cmake_prefix_path.ps1'
[0.739s] INFO:colcon.colcon_core.shell:Creating environment descriptor '/home/om/ROS2_Workshop/Day1/install/day2_cpp/share/day2_cpp/hook/cmake_prefix_path.dsv'
[0.740s] INFO:colcon.colcon_core.shell:Creating environment hook '/home/om/ROS2_Workshop/Day1/install/day2_cpp/share/day2_cpp/hook/cmake_prefix_path.sh'
[0.740s] Level 1:colcon.colcon_core.environment:checking '/home/om/ROS2_Workshop/Day1/install/day2_cpp/bin'
[0.740s] Level 1:colcon.colcon_core.environment:checking '/home/om/ROS2_Workshop/Day1/install/day2_cpp/lib/pkgconfig/day2_cpp.pc'
[0.741s] Level 1:colcon.colcon_core.environment:checking '/home/om/ROS2_Workshop/Day1/install/day2_cpp/lib/python3.10/site-packages'
[0.741s] Level 1:colcon.colcon_core.environment:checking '/home/om/ROS2_Workshop/Day1/install/day2_cpp/bin'
[0.741s] INFO:colcon.colcon_core.shell:Creating package script '/home/om/ROS2_Workshop/Day1/install/day2_cpp/share/day2_cpp/package.ps1'
[0.742s] INFO:colcon.colcon_core.shell:Creating package descriptor '/home/om/ROS2_Workshop/Day1/install/day2_cpp/share/day2_cpp/package.dsv'
[0.742s] INFO:colcon.colcon_core.shell:Creating package script '/home/om/ROS2_Workshop/Day1/install/day2_cpp/share/day2_cpp/package.sh'
[0.743s] INFO:colcon.colcon_core.shell:Creating package script '/home/om/ROS2_Workshop/Day1/install/day2_cpp/share/day2_cpp/package.bash'
[0.743s] INFO:colcon.colcon_core.shell:Creating package script '/home/om/ROS2_Workshop/Day1/install/day2_cpp/share/day2_cpp/package.zsh'
[0.744s] Level 1:colcon.colcon_core.environment:create_file_with_runtime_dependencies(/home/om/ROS2_Workshop/Day1/install/day2_cpp/share/colcon-core/packages/day2_cpp)
[0.746s] Level 1:colcon.colcon_core.environment:create_environment_scripts_only(new_robot_description)
[0.746s] Level 1:colcon.colcon_core.environment:checking '/home/om/ROS2_Workshop/Day1/install/new_robot_description' for CMake module files
[0.747s] DEBUG:colcon.colcon_core.event_handler.log_command:Invoked command in '/home/om/ROS2_Workshop/Day1/build/new_robot_description' returned '0': CMAKE_PREFIX_PATH=${CMAKE_PREFIX_PATH}:/home/om/turtlebot3_ws/install/vfh_control:/home/om/turtlebot3_ws/install/turtlebot3_teleop:/home/om/turtlebot3_ws/install/turtlebot3_example:/home/om/pico_ws2/install/crsf_ros2:/home/om/slambot/install/gesture_control:/home/om/slambot/install/ges_control:/opt/ros/humble /usr/bin/cmake --install /home/om/ROS2_Workshop/Day1/build/new_robot_description
[0.748s] Level 1:colcon.colcon_core.environment:checking '/home/om/ROS2_Workshop/Day1/install/new_robot_description' for CMake config files
[0.749s] Level 1:colcon.colcon_core.shell:create_environment_hook('new_robot_description', 'cmake_prefix_path')
[0.749s] INFO:colcon.colcon_core.shell:Creating environment hook '/home/om/ROS2_Workshop/Day1/install/new_robot_description/share/new_robot_description/hook/cmake_prefix_path.ps1'
[0.750s] INFO:colcon.colcon_core.shell:Creating environment descriptor '/home/om/ROS2_Workshop/Day1/install/new_robot_description/share/new_robot_description/hook/cmake_prefix_path.dsv'
[0.750s] INFO:colcon.colcon_core.shell:Creating environment hook '/home/om/ROS2_Workshop/Day1/install/new_robot_description/share/new_robot_description/hook/cmake_prefix_path.sh'
[0.751s] Level 1:colcon.colcon_core.environment:checking '/home/om/ROS2_Workshop/Day1/install/new_robot_description/bin'
[0.751s] Level 1:colcon.colcon_core.environment:checking '/home/om/ROS2_Workshop/Day1/install/new_robot_description/lib/pkgconfig/new_robot_description.pc'
[0.751s] Level 1:colcon.colcon_core.environment:checking '/home/om/ROS2_Workshop/Day1/install/new_robot_description/lib/python3.10/site-packages'
[0.751s] Level 1:colcon.colcon_core.environment:checking '/home/om/ROS2_Workshop/Day1/install/new_robot_description/bin'
[0.752s] INFO:colcon.colcon_core.shell:Creating package script '/home/om/ROS2_Workshop/Day1/install/new_robot_description/share/new_robot_description/package.ps1'
[0.752s] INFO:colcon.colcon_core.shell:Creating package descriptor '/home/om/ROS2_Workshop/Day1/install/new_robot_description/share/new_robot_description/package.dsv'
[0.753s] INFO:colcon.colcon_core.shell:Creating package script '/home/om/ROS2_Workshop/Day1/install/new_robot_description/share/new_robot_description/package.sh'
[0.753s] INFO:colcon.colcon_core.shell:Creating package script '/home/om/ROS2_Workshop/Day1/install/new_robot_description/share/new_robot_description/package.bash'
[0.754s] INFO:colcon.colcon_core.shell:Creating package script '/home/om/ROS2_Workshop/Day1/install/new_robot_description/share/new_robot_description/package.zsh'
[0.754s] Level 1:colcon.colcon_core.environment:create_file_with_runtime_dependencies(/home/om/ROS2_Workshop/Day1/install/new_robot_description/share/colcon-core/packages/new_robot_description)
[0.755s] Level 1:colcon.colcon_core.environment:create_environment_scripts_only(new_robot_description)
[0.755s] Level 1:colcon.colcon_core.environment:checking '/home/om/ROS2_Workshop/Day1/install/new_robot_description' for CMake module files
[0.756s] Level 1:colcon.colcon_core.environment:checking '/home/om/ROS2_Workshop/Day1/install/new_robot_description' for CMake config files
[0.756s] Level 1:colcon.colcon_core.shell:create_environment_hook('new_robot_description', 'cmake_prefix_path')
[0.756s] INFO:colcon.colcon_core.shell:Creating environment hook '/home/om/ROS2_Workshop/Day1/install/new_robot_description/share/new_robot_description/hook/cmake_prefix_path.ps1'
[0.757s] INFO:colcon.colcon_core.shell:Creating environment descriptor '/home/om/ROS2_Workshop/Day1/install/new_robot_description/share/new_robot_description/hook/cmake_prefix_path.dsv'
[0.757s] INFO:colcon.colcon_core.shell:Creating environment hook '/home/om/ROS2_Workshop/Day1/install/new_robot_description/share/new_robot_description/hook/cmake_prefix_path.sh'
[0.758s] Level 1:colcon.colcon_core.environment:checking '/home/om/ROS2_Workshop/Day1/install/new_robot_description/bin'
[0.758s] Level 1:colcon.colcon_core.environment:checking '/home/om/ROS2_Workshop/Day1/install/new_robot_description/lib/pkgconfig/new_robot_description.pc'
[0.759s] Level 1:colcon.colcon_core.environment:checking '/home/om/ROS2_Workshop/Day1/install/new_robot_description/lib/python3.10/site-packages'
[0.760s] Level 1:colcon.colcon_core.environment:checking '/home/om/ROS2_Workshop/Day1/install/new_robot_description/bin'
[0.760s] INFO:colcon.colcon_core.shell:Creating package script '/home/om/ROS2_Workshop/Day1/install/new_robot_description/share/new_robot_description/package.ps1'
[0.761s] INFO:colcon.colcon_core.shell:Creating package descriptor '/home/om/ROS2_Workshop/Day1/install/new_robot_description/share/new_robot_description/package.dsv'
[0.762s] INFO:colcon.colcon_core.shell:Creating package script '/home/om/ROS2_Workshop/Day1/install/new_robot_description/share/new_robot_description/package.sh'
[0.762s] INFO:colcon.colcon_core.shell:Creating package script '/home/om/ROS2_Workshop/Day1/install/new_robot_description/share/new_robot_description/package.bash'
[0.763s] INFO:colcon.colcon_core.shell:Creating package script '/home/om/ROS2_Workshop/Day1/install/new_robot_description/share/new_robot_description/package.zsh'
[0.763s] Level 1:colcon.colcon_core.environment:create_file_with_runtime_dependencies(/home/om/ROS2_Workshop/Day1/install/new_robot_description/share/colcon-core/packages/new_robot_description)
[0.767s] DEBUG:colcon.colcon_core.event_handler.log_command:Invoked command in '/home/om/ROS2_Workshop/Day1/build/day1_cpp' returned '0': CMAKE_PREFIX_PATH=${CMAKE_PREFIX_PATH}:/home/om/turtlebot3_ws/install/vfh_control:/home/om/turtlebot3_ws/install/turtlebot3_teleop:/home/om/turtlebot3_ws/install/turtlebot3_example:/home/om/pico_ws2/install/crsf_ros2:/home/om/slambot/install/gesture_control:/home/om/slambot/install/ges_control:/opt/ros/humble /usr/bin/cmake --build /home/om/ROS2_Workshop/Day1/build/day1_cpp -- -j8 -l8
[0.768s] DEBUG:colcon.colcon_core.event_handler.log_command:Invoking command in '/home/om/ROS2_Workshop/Day1/build/day1_cpp': CMAKE_PREFIX_PATH=${CMAKE_PREFIX_PATH}:/home/om/turtlebot3_ws/install/vfh_control:/home/om/turtlebot3_ws/install/turtlebot3_teleop:/home/om/turtlebot3_ws/install/turtlebot3_example:/home/om/pico_ws2/install/crsf_ros2:/home/om/slambot/install/gesture_control:/home/om/slambot/install/ges_control:/opt/ros/humble /usr/bin/cmake --install /home/om/ROS2_Workshop/Day1/build/day1_cpp
[0.785s] Level 1:colcon.colcon_core.environment:create_environment_scripts_only(day1_cpp)
[0.786s] DEBUG:colcon.colcon_core.event_handler.log_command:Invoked command in '/home/om/ROS2_Workshop/Day1/build/day1_cpp' returned '0': CMAKE_PREFIX_PATH=${CMAKE_PREFIX_PATH}:/home/om/turtlebot3_ws/install/vfh_control:/home/om/turtlebot3_ws/install/turtlebot3_teleop:/home/om/turtlebot3_ws/install/turtlebot3_example:/home/om/pico_ws2/install/crsf_ros2:/home/om/slambot/install/gesture_control:/home/om/slambot/install/ges_control:/opt/ros/humble /usr/bin/cmake --install /home/om/ROS2_Workshop/Day1/build/day1_cpp
[0.787s] Level 1:colcon.colcon_core.environment:checking '/home/om/ROS2_Workshop/Day1/install/day1_cpp' for CMake module files
[0.788s] Level 1:colcon.colcon_core.environment:checking '/home/om/ROS2_Workshop/Day1/install/day1_cpp' for CMake config files
[0.788s] Level 1:colcon.colcon_core.shell:create_environment_hook('day1_cpp', 'cmake_prefix_path')
[0.788s] INFO:colcon.colcon_core.shell:Creating environment hook '/home/om/ROS2_Workshop/Day1/install/day1_cpp/share/day1_cpp/hook/cmake_prefix_path.ps1'
[0.789s] INFO:colcon.colcon_core.shell:Creating environment descriptor '/home/om/ROS2_Workshop/Day1/install/day1_cpp/share/day1_cpp/hook/cmake_prefix_path.dsv'
[0.789s] INFO:colcon.colcon_core.shell:Creating environment hook '/home/om/ROS2_Workshop/Day1/install/day1_cpp/share/day1_cpp/hook/cmake_prefix_path.sh'
[0.790s] Level 1:colcon.colcon_core.environment:checking '/home/om/ROS2_Workshop/Day1/install/day1_cpp/lib'
[0.790s] Level 1:colcon.colcon_core.environment:checking '/home/om/ROS2_Workshop/Day1/install/day1_cpp/bin'
[0.790s] Level 1:colcon.colcon_core.environment:checking '/home/om/ROS2_Workshop/Day1/install/day1_cpp/lib/pkgconfig/day1_cpp.pc'
[0.790s] Level 1:colcon.colcon_core.environment:checking '/home/om/ROS2_Workshop/Day1/install/day1_cpp/lib/python3.10/site-packages'
[0.791s] Level 1:colcon.colcon_core.environment:checking '/home/om/ROS2_Workshop/Day1/install/day1_cpp/bin'
[0.791s] INFO:colcon.colcon_core.shell:Creating package script '/home/om/ROS2_Workshop/Day1/install/day1_cpp/share/day1_cpp/package.ps1'
[0.792s] INFO:colcon.colcon_core.shell:Creating package descriptor '/home/om/ROS2_Workshop/Day1/install/day1_cpp/share/day1_cpp/package.dsv'
[0.792s] INFO:colcon.colcon_core.shell:Creating package script '/home/om/ROS2_Workshop/Day1/install/day1_cpp/share/day1_cpp/package.sh'
[0.793s] INFO:colcon.colcon_core.shell:Creating package script '/home/om/ROS2_Workshop/Day1/install/day1_cpp/share/day1_cpp/package.bash'
[0.793s] INFO:colcon.colcon_core.shell:Creating package script '/home/om/ROS2_Workshop/Day1/install/day1_cpp/share/day1_cpp/package.zsh'
[0.794s] Level 1:colcon.colcon_core.environment:create_file_with_runtime_dependencies(/home/om/ROS2_Workshop/Day1/install/day1_cpp/share/colcon-core/packages/day1_cpp)
[0.795s] Level 1:colcon.colcon_core.environment:create_environment_scripts_only(day1_cpp)
[0.796s] Level 1:colcon.colcon_core.environment:checking '/home/om/ROS2_Workshop/Day1/install/day1_cpp' for CMake module files
[0.796s] Level 1:colcon.colcon_core.environment:checking '/home/om/ROS2_Workshop/Day1/install/day1_cpp' for CMake config files
[0.796s] Level 1:colcon.colcon_core.shell:create_environment_hook('day1_cpp', 'cmake_prefix_path')
[0.797s] INFO:colcon.colcon_core.shell:Creating environment hook '/home/om/ROS2_Workshop/Day1/install/day1_cpp/share/day1_cpp/hook/cmake_prefix_path.ps1'
[0.797s] INFO:colcon.colcon_core.shell:Creating environment descriptor '/home/om/ROS2_Workshop/Day1/install/day1_cpp/share/day1_cpp/hook/cmake_prefix_path.dsv'
[0.798s] INFO:colcon.colcon_core.shell:Creating environment hook '/home/om/ROS2_Workshop/Day1/install/day1_cpp/share/day1_cpp/hook/cmake_prefix_path.sh'
[0.799s] Level 1:colcon.colcon_core.environment:checking '/home/om/ROS2_Workshop/Day1/install/day1_cpp/lib'
[0.799s] Level 1:colcon.colcon_core.environment:checking '/home/om/ROS2_Workshop/Day1/install/day1_cpp/bin'
[0.799s] Level 1:colcon.colcon_core.environment:checking '/home/om/ROS2_Workshop/Day1/install/day1_cpp/lib/pkgconfig/day1_cpp.pc'
[0.799s] Level 1:colcon.colcon_core.environment:checking '/home/om/ROS2_Workshop/Day1/install/day1_cpp/lib/python3.10/site-packages'
[0.799s] Level 1:colcon.colcon_core.environment:checking '/home/om/ROS2_Workshop/Day1/install/day1_cpp/bin'
[0.800s] INFO:colcon.colcon_core.shell:Creating package script '/home/om/ROS2_Workshop/Day1/install/day1_cpp/share/day1_cpp/package.ps1'
[0.800s] INFO:colcon.colcon_core.shell:Creating package descriptor '/home/om/ROS2_Workshop/Day1/install/day1_cpp/share/day1_cpp/package.dsv'
[0.801s] INFO:colcon.colcon_core.shell:Creating package script '/home/om/ROS2_Workshop/Day1/install/day1_cpp/share/day1_cpp/package.sh'
[0.801s] INFO:colcon.colcon_core.shell:Creating package script '/home/om/ROS2_Workshop/Day1/install/day1_cpp/share/day1_cpp/package.bash'
[0.802s] INFO:colcon.colcon_core.shell:Creating package script '/home/om/ROS2_Workshop/Day1/install/day1_cpp/share/day1_cpp/package.zsh'
[0.802s] Level 1:colcon.colcon_core.environment:create_file_with_runtime_dependencies(/home/om/ROS2_Workshop/Day1/install/day1_cpp/share/colcon-core/packages/day1_cpp)
[11.664s] DEBUG:colcon.colcon_core.event_handler.log_command:Invoked command in '/home/om/ROS2_Workshop/Day1/build/new_robot_controller' returned '0': CMAKE_PREFIX_PATH=${CMAKE_PREFIX_PATH}:/home/om/turtlebot3_ws/install/vfh_control:/home/om/turtlebot3_ws/install/turtlebot3_teleop:/home/om/turtlebot3_ws/install/turtlebot3_example:/home/om/pico_ws2/install/crsf_ros2:/home/om/slambot/install/gesture_control:/home/om/slambot/install/ges_control:/opt/ros/humble /usr/bin/cmake --build /home/om/ROS2_Workshop/Day1/build/new_robot_controller -- -j8 -l8
[11.667s] DEBUG:colcon.colcon_core.event_handler.log_command:Invoking command in '/home/om/ROS2_Workshop/Day1/build/new_robot_controller': CMAKE_PREFIX_PATH=${CMAKE_PREFIX_PATH}:/home/om/turtlebot3_ws/install/vfh_control:/home/om/turtlebot3_ws/install/turtlebot3_teleop:/home/om/turtlebot3_ws/install/turtlebot3_example:/home/om/pico_ws2/install/crsf_ros2:/home/om/slambot/install/gesture_control:/home/om/slambot/install/ges_control:/opt/ros/humble /usr/bin/cmake --install /home/om/ROS2_Workshop/Day1/build/new_robot_controller
[11.680s] Level 1:colcon.colcon_core.environment:create_environment_scripts_only(new_robot_controller)
[11.680s] Level 1:colcon.colcon_core.environment:checking '/home/om/ROS2_Workshop/Day1/install/new_robot_controller' for CMake module files
[11.681s] DEBUG:colcon.colcon_core.event_handler.log_command:Invoked command in '/home/om/ROS2_Workshop/Day1/build/new_robot_controller' returned '0': CMAKE_PREFIX_PATH=${CMAKE_PREFIX_PATH}:/home/om/turtlebot3_ws/install/vfh_control:/home/om/turtlebot3_ws/install/turtlebot3_teleop:/home/om/turtlebot3_ws/install/turtlebot3_example:/home/om/pico_ws2/install/crsf_ros2:/home/om/slambot/install/gesture_control:/home/om/slambot/install/ges_control:/opt/ros/humble /usr/bin/cmake --install /home/om/ROS2_Workshop/Day1/build/new_robot_controller
[11.681s] Level 1:colcon.colcon_core.environment:checking '/home/om/ROS2_Workshop/Day1/install/new_robot_controller' for CMake config files
[11.682s] Level 1:colcon.colcon_core.shell:create_environment_hook('new_robot_controller', 'cmake_prefix_path')
[11.682s] INFO:colcon.colcon_core.shell:Creating environment hook '/home/om/ROS2_Workshop/Day1/install/new_robot_controller/share/new_robot_controller/hook/cmake_prefix_path.ps1'
[11.683s] INFO:colcon.colcon_core.shell:Creating environment descriptor '/home/om/ROS2_Workshop/Day1/install/new_robot_controller/share/new_robot_controller/hook/cmake_prefix_path.dsv'
[11.683s] INFO:colcon.colcon_core.shell:Creating environment hook '/home/om/ROS2_Workshop/Day1/install/new_robot_controller/share/new_robot_controller/hook/cmake_prefix_path.sh'
[11.684s] Level 1:colcon.colcon_core.environment:checking '/home/om/ROS2_Workshop/Day1/install/new_robot_controller/lib'
[11.684s] Level 1:colcon.colcon_core.environment:checking '/home/om/ROS2_Workshop/Day1/install/new_robot_controller/bin'
[11.684s] Level 1:colcon.colcon_core.environment:checking '/home/om/ROS2_Workshop/Day1/install/new_robot_controller/lib/pkgconfig/new_robot_controller.pc'
[11.684s] Level 1:colcon.colcon_core.environment:checking '/home/om/ROS2_Workshop/Day1/install/new_robot_controller/lib/python3.10/site-packages'
[11.684s] Level 1:colcon.colcon_core.environment:checking '/home/om/ROS2_Workshop/Day1/install/new_robot_controller/bin'
[11.685s] INFO:colcon.colcon_core.shell:Creating package script '/home/om/ROS2_Workshop/Day1/install/new_robot_controller/share/new_robot_controller/package.ps1'
[11.685s] INFO:colcon.colcon_core.shell:Creating package descriptor '/home/om/ROS2_Workshop/Day1/install/new_robot_controller/share/new_robot_controller/package.dsv'
[11.685s] INFO:colcon.colcon_core.shell:Creating package script '/home/om/ROS2_Workshop/Day1/install/new_robot_controller/share/new_robot_controller/package.sh'
[11.686s] INFO:colcon.colcon_core.shell:Creating package script '/home/om/ROS2_Workshop/Day1/install/new_robot_controller/share/new_robot_controller/package.bash'
[11.686s] INFO:colcon.colcon_core.shell:Creating package script '/home/om/ROS2_Workshop/Day1/install/new_robot_controller/share/new_robot_controller/package.zsh'
[11.686s] Level 1:colcon.colcon_core.environment:create_file_with_runtime_dependencies(/home/om/ROS2_Workshop/Day1/install/new_robot_controller/share/colcon-core/packages/new_robot_controller)
[11.687s] Level 1:colcon.colcon_core.environment:create_environment_scripts_only(new_robot_controller)
[11.687s] Level 1:colcon.colcon_core.environment:checking '/home/om/ROS2_Workshop/Day1/install/new_robot_controller' for CMake module files
[11.687s] Level 1:colcon.colcon_core.environment:checking '/home/om/ROS2_Workshop/Day1/install/new_robot_controller' for CMake config files
[11.687s] Level 1:colcon.colcon_core.shell:create_environment_hook('new_robot_controller', 'cmake_prefix_path')
[11.687s] INFO:colcon.colcon_core.shell:Creating environment hook '/home/om/ROS2_Workshop/Day1/install/new_robot_controller/share/new_robot_controller/hook/cmake_prefix_path.ps1'
[11.688s] INFO:colcon.colcon_core.shell:Creating environment descriptor '/home/om/ROS2_Workshop/Day1/install/new_robot_controller/share/new_robot_controller/hook/cmake_prefix_path.dsv'
[11.688s] INFO:colcon.colcon_core.shell:Creating environment hook '/home/om/ROS2_Workshop/Day1/install/new_robot_controller/share/new_robot_controller/hook/cmake_prefix_path.sh'
[11.688s] Level 1:colcon.colcon_core.environment:checking '/home/om/ROS2_Workshop/Day1/install/new_robot_controller/lib'
[11.688s] Level 1:colcon.colcon_core.environment:checking '/home/om/ROS2_Workshop/Day1/install/new_robot_controller/bin'
[11.688s] Level 1:colcon.colcon_core.environment:checking '/home/om/ROS2_Workshop/Day1/install/new_robot_controller/lib/pkgconfig/new_robot_controller.pc'
[11.688s] Level 1:colcon.colcon_core.environment:checking '/home/om/ROS2_Workshop/Day1/install/new_robot_controller/lib/python3.10/site-packages'
[11.689s] Level 1:colcon.colcon_core.environment:checking '/home/om/ROS2_Workshop/Day1/install/new_robot_controller/bin'
[11.689s] INFO:colcon.colcon_core.shell:Creating package script '/home/om/ROS2_Workshop/Day1/install/new_robot_controller/share/new_robot_controller/package.ps1'
[11.689s] INFO:colcon.colcon_core.shell:Creating package descriptor '/home/om/ROS2_Workshop/Day1/install/new_robot_controller/share/new_robot_controller/package.dsv'
[11.690s] INFO:colcon.colcon_core.shell:Creating package script '/home/om/ROS2_Workshop/Day1/install/new_robot_controller/share/new_robot_controller/package.sh'
[11.690s] INFO:colcon.colcon_core.shell:Creating package script '/home/om/ROS2_Workshop/Day1/install/new_robot_controller/share/new_robot_controller/package.bash'
[11.690s] INFO:colcon.colcon_core.shell:Creating package script '/home/om/ROS2_Workshop/Day1/install/new_robot_controller/share/new_robot_controller/package.zsh'
[11.690s] Level 1:colcon.colcon_core.environment:create_file_with_runtime_dependencies(/home/om/ROS2_Workshop/Day1/install/new_robot_controller/share/colcon-core/packages/new_robot_controller)
[11.691s] DEBUG:colcon.colcon_parallel_executor.executor.parallel:closing loop
[11.691s] DEBUG:colcon.colcon_parallel_executor.executor.parallel:loop closed
[11.691s] DEBUG:colcon.colcon_parallel_executor.executor.parallel:run_until_complete finished with '0'
[11.691s] DEBUG:colcon.colcon_core.event_reactor:joining thread
[11.699s] INFO:colcon.colcon_core.plugin_system:Skipping extension 'colcon_notification.desktop_notification.terminal_notifier': Not used on non-Darwin systems
[11.699s] INFO:colcon.colcon_core.plugin_system:Skipping extension 'colcon_notification.desktop_notification.win32': Not used on non-Windows systems
[11.700s] INFO:colcon.colcon_notification.desktop_notification:Sending desktop notification using 'notify2'
[11.710s] DEBUG:colcon.colcon_core.event_reactor:joined thread
[11.711s] INFO:colcon.colcon_core.shell:Creating prefix script '/home/om/ROS2_Workshop/Day1/install/local_setup.ps1'
[11.713s] INFO:colcon.colcon_core.shell:Creating prefix util module '/home/om/ROS2_Workshop/Day1/install/_local_setup_util_ps1.py'
[11.714s] INFO:colcon.colcon_core.shell:Creating prefix chain script '/home/om/ROS2_Workshop/Day1/install/setup.ps1'
[11.720s] INFO:colcon.colcon_core.shell:Creating prefix script '/home/om/ROS2_Workshop/Day1/install/local_setup.sh'
[11.720s] INFO:colcon.colcon_core.shell:Creating prefix util module '/home/om/ROS2_Workshop/Day1/install/_local_setup_util_sh.py'
[11.721s] INFO:colcon.colcon_core.shell:Creating prefix chain script '/home/om/ROS2_Workshop/Day1/install/setup.sh'
[11.722s] INFO:colcon.colcon_core.shell:Creating prefix script '/home/om/ROS2_Workshop/Day1/install/local_setup.bash'
[11.723s] INFO:colcon.colcon_core.shell:Creating prefix chain script '/home/om/ROS2_Workshop/Day1/install/setup.bash'
[11.725s] INFO:colcon.colcon_core.shell:Creating prefix script '/home/om/ROS2_Workshop/Day1/install/local_setup.zsh'
[11.725s] INFO:colcon.colcon_core.shell:Creating prefix chain script '/home/om/ROS2_Workshop/Day1/install/setup.zsh'
