[0.038s] Invoking command in '/home/om/ROS2_Workshop/Day1/build/day1_cpp': CMAKE_PREFIX_PATH=${CMAKE_PREFIX_PATH}:/home/om/turtlebot3_ws/install/vfh_control:/home/om/turtlebot3_ws/install/turtlebot3_teleop:/home/om/turtlebot3_ws/install/turtlebot3_example:/home/om/pico_ws2/install/crsf_ros2:/home/om/slambot/install/gesture_control:/home/om/slambot/install/ges_control:/opt/ros/humble /usr/bin/cmake --build /home/om/ROS2_Workshop/Day1/build/day1_cpp -- -j8 -l8
[0.112s] [35m[1mConsolidate compiler generated dependencies of target task2[0m
[0.135s] [ 50%] Built target task1
[0.135s] [ 50%] Built target simple_subscriber
[0.140s] [ 75%] Built target simple_publisher
[0.141s] [ 87%] [32mBuilding CXX object CMakeFiles/task2.dir/src/task2.cpp.o[0m
[8.806s] [100%] [32m[1mLinking CXX executable task2[0m
[9.247s] [100%] Built target task2
[9.260s] Invoked command in '/home/om/ROS2_Workshop/Day1/build/day1_cpp' returned '0': CMAKE_PREFIX_PATH=${CMAKE_PREFIX_PATH}:/home/om/turtlebot3_ws/install/vfh_control:/home/om/turtlebot3_ws/install/turtlebot3_teleop:/home/om/turtlebot3_ws/install/turtlebot3_example:/home/om/pico_ws2/install/crsf_ros2:/home/om/slambot/install/gesture_control:/home/om/slambot/install/ges_control:/opt/ros/humble /usr/bin/cmake --build /home/om/ROS2_Workshop/Day1/build/day1_cpp -- -j8 -l8
[9.261s] Invoking command in '/home/om/ROS2_Workshop/Day1/build/day1_cpp': CMAKE_PREFIX_PATH=${CMAKE_PREFIX_PATH}:/home/om/turtlebot3_ws/install/vfh_control:/home/om/turtlebot3_ws/install/turtlebot3_teleop:/home/om/turtlebot3_ws/install/turtlebot3_example:/home/om/pico_ws2/install/crsf_ros2:/home/om/slambot/install/gesture_control:/home/om/slambot/install/ges_control:/opt/ros/humble /usr/bin/cmake --install /home/om/ROS2_Workshop/Day1/build/day1_cpp
[9.271s] -- Install configuration: ""
[9.271s] -- Up-to-date: /home/om/ROS2_Workshop/Day1/install/day1_cpp/lib/day1_cpp/simple_publisher
[9.271s] -- Up-to-date: /home/om/ROS2_Workshop/Day1/install/day1_cpp/lib/day1_cpp/simple_subscriber
[9.271s] -- Up-to-date: /home/om/ROS2_Workshop/Day1/install/day1_cpp/lib/day1_cpp/task1
[9.271s] -- Installing: /home/om/ROS2_Workshop/Day1/install/day1_cpp/lib/day1_cpp/task2
[9.275s] -- Set runtime path of "/home/om/ROS2_Workshop/Day1/install/day1_cpp/lib/day1_cpp/task2" to ""
[9.275s] -- Up-to-date: /home/om/ROS2_Workshop/Day1/install/day1_cpp/share/ament_index/resource_index/package_run_dependencies/day1_cpp
[9.275s] -- Up-to-date: /home/om/ROS2_Workshop/Day1/install/day1_cpp/share/ament_index/resource_index/parent_prefix_path/day1_cpp
[9.275s] -- Up-to-date: /home/om/ROS2_Workshop/Day1/install/day1_cpp/share/day1_cpp/environment/ament_prefix_path.sh
[9.275s] -- Up-to-date: /home/om/ROS2_Workshop/Day1/install/day1_cpp/share/day1_cpp/environment/ament_prefix_path.dsv
[9.275s] -- Up-to-date: /home/om/ROS2_Workshop/Day1/install/day1_cpp/share/day1_cpp/environment/path.sh
[9.275s] -- Up-to-date: /home/om/ROS2_Workshop/Day1/install/day1_cpp/share/day1_cpp/environment/path.dsv
[9.276s] -- Up-to-date: /home/om/ROS2_Workshop/Day1/install/day1_cpp/share/day1_cpp/local_setup.bash
[9.276s] -- Up-to-date: /home/om/ROS2_Workshop/Day1/install/day1_cpp/share/day1_cpp/local_setup.sh
[9.276s] -- Up-to-date: /home/om/ROS2_Workshop/Day1/install/day1_cpp/share/day1_cpp/local_setup.zsh
[9.276s] -- Up-to-date: /home/om/ROS2_Workshop/Day1/install/day1_cpp/share/day1_cpp/local_setup.dsv
[9.276s] -- Installing: /home/om/ROS2_Workshop/Day1/install/day1_cpp/share/day1_cpp/package.dsv
[9.276s] -- Up-to-date: /home/om/ROS2_Workshop/Day1/install/day1_cpp/share/ament_index/resource_index/packages/day1_cpp
[9.276s] -- Up-to-date: /home/om/ROS2_Workshop/Day1/install/day1_cpp/share/day1_cpp/cmake/day1_cppConfig.cmake
[9.276s] -- Up-to-date: /home/om/ROS2_Workshop/Day1/install/day1_cpp/share/day1_cpp/cmake/day1_cppConfig-version.cmake
[9.276s] -- Up-to-date: /home/om/ROS2_Workshop/Day1/install/day1_cpp/share/day1_cpp/package.xml
[9.277s] Invoked command in '/home/om/ROS2_Workshop/Day1/build/day1_cpp' returned '0': CMAKE_PREFIX_PATH=${CMAKE_PREFIX_PATH}:/home/om/turtlebot3_ws/install/vfh_control:/home/om/turtlebot3_ws/install/turtlebot3_teleop:/home/om/turtlebot3_ws/install/turtlebot3_example:/home/om/pico_ws2/install/crsf_ros2:/home/om/slambot/install/gesture_control:/home/om/slambot/install/ges_control:/opt/ros/humble /usr/bin/cmake --install /home/om/ROS2_Workshop/Day1/build/day1_cpp
