[0.033s] Invoking command in '/home/om/ROS2_Workshop/Day1/build/new_robot_description': CMAKE_PREFIX_PATH=${CMAKE_PREFIX_PATH}:/home/om/turtlebot3_ws/install/vfh_control:/home/om/turtlebot3_ws/install/turtlebot3_teleop:/home/om/turtlebot3_ws/install/turtlebot3_example:/home/om/pico_ws2/install/crsf_ros2:/home/om/slambot/install/gesture_control:/home/om/slambot/install/ges_control:/opt/ros/humble /usr/bin/cmake /home/om/ROS2_Workshop/Day1/src/new_robot_description -DCMAKE_INSTALL_PREFIX=/home/om/ROS2_Workshop/Day1/install/new_robot_description
[0.117s] -- The C compiler identification is GNU 11.4.0
[0.199s] -- The CXX compiler identification is GNU 11.4.0
[0.210s] -- Detecting C compiler ABI info
[0.344s] -- Detecting C compiler ABI info - done
[0.355s] -- Check for working C compiler: /usr/bin/cc - skipped
[0.357s] -- Detecting C compile features
[0.361s] -- Detecting C compile features - done
[0.367s] -- Detecting CXX compiler ABI info
[0.493s] -- Detecting CXX compiler ABI info - done
[0.503s] -- Check for working CXX compiler: /usr/bin/c++ - skipped
[0.504s] -- Detecting CXX compile features
[0.505s] -- Detecting CXX compile features - done
[0.511s] -- Found ament_cmake: 1.3.11 (/opt/ros/humble/share/ament_cmake/cmake)
[0.763s] -- Found Python3: /usr/bin/python3 (found version "3.10.12") found components: Interpreter 
[1.038s] -- Configuring done
[1.041s] -- Generating done
[1.043s] -- Build files have been written to: /home/om/ROS2_Workshop/Day1/build/new_robot_description
[1.050s] Invoked command in '/home/om/ROS2_Workshop/Day1/build/new_robot_description' returned '0': CMAKE_PREFIX_PATH=${CMAKE_PREFIX_PATH}:/home/om/turtlebot3_ws/install/vfh_control:/home/om/turtlebot3_ws/install/turtlebot3_teleop:/home/om/turtlebot3_ws/install/turtlebot3_example:/home/om/pico_ws2/install/crsf_ros2:/home/om/slambot/install/gesture_control:/home/om/slambot/install/ges_control:/opt/ros/humble /usr/bin/cmake /home/om/ROS2_Workshop/Day1/src/new_robot_description -DCMAKE_INSTALL_PREFIX=/home/om/ROS2_Workshop/Day1/install/new_robot_description
[1.052s] Invoking command in '/home/om/ROS2_Workshop/Day1/build/new_robot_description': CMAKE_PREFIX_PATH=${CMAKE_PREFIX_PATH}:/home/om/turtlebot3_ws/install/vfh_control:/home/om/turtlebot3_ws/install/turtlebot3_teleop:/home/om/turtlebot3_ws/install/turtlebot3_example:/home/om/pico_ws2/install/crsf_ros2:/home/om/slambot/install/gesture_control:/home/om/slambot/install/ges_control:/opt/ros/humble /usr/bin/cmake --build /home/om/ROS2_Workshop/Day1/build/new_robot_description -- -j8 -l8
[1.113s] Invoked command in '/home/om/ROS2_Workshop/Day1/build/new_robot_description' returned '0': CMAKE_PREFIX_PATH=${CMAKE_PREFIX_PATH}:/home/om/turtlebot3_ws/install/vfh_control:/home/om/turtlebot3_ws/install/turtlebot3_teleop:/home/om/turtlebot3_ws/install/turtlebot3_example:/home/om/pico_ws2/install/crsf_ros2:/home/om/slambot/install/gesture_control:/home/om/slambot/install/ges_control:/opt/ros/humble /usr/bin/cmake --build /home/om/ROS2_Workshop/Day1/build/new_robot_description -- -j8 -l8
[1.129s] Invoking command in '/home/om/ROS2_Workshop/Day1/build/new_robot_description': CMAKE_PREFIX_PATH=${CMAKE_PREFIX_PATH}:/home/om/turtlebot3_ws/install/vfh_control:/home/om/turtlebot3_ws/install/turtlebot3_teleop:/home/om/turtlebot3_ws/install/turtlebot3_example:/home/om/pico_ws2/install/crsf_ros2:/home/om/slambot/install/gesture_control:/home/om/slambot/install/ges_control:/opt/ros/humble /usr/bin/cmake --install /home/om/ROS2_Workshop/Day1/build/new_robot_description
[1.141s] -- Install configuration: ""
[1.141s] -- Installing: /home/om/ROS2_Workshop/Day1/install/new_robot_description/share/new_robot_description//urdf
[1.141s] -- Installing: /home/om/ROS2_Workshop/Day1/install/new_robot_description/share/new_robot_description//urdf/camera.xacro
[1.141s] -- Installing: /home/om/ROS2_Workshop/Day1/install/new_robot_description/share/new_robot_description//urdf/base_robot.xacro
[1.141s] -- Installing: /home/om/ROS2_Workshop/Day1/install/new_robot_description/share/new_robot_description//urdf/common_properties.xacro
[1.142s] -- Installing: /home/om/ROS2_Workshop/Day1/install/new_robot_description/share/new_robot_description//urdf/base_robot_gazebo.xacro
[1.142s] -- Installing: /home/om/ROS2_Workshop/Day1/install/new_robot_description/share/new_robot_description//urdf/my_robot.urdf.xacro
[1.142s] -- Installing: /home/om/ROS2_Workshop/Day1/install/new_robot_description/share/new_robot_description//urdf/ros2_control.xacro
[1.142s] -- Installing: /home/om/ROS2_Workshop/Day1/install/new_robot_description/share/new_robot_description//urdf/laser.xacro
[1.143s] -- Installing: /home/om/ROS2_Workshop/Day1/install/new_robot_description/share/new_robot_description//launch
[1.143s] -- Installing: /home/om/ROS2_Workshop/Day1/install/new_robot_description/share/new_robot_description//launch/gazebo.launch.py
[1.143s] -- Installing: /home/om/ROS2_Workshop/Day1/install/new_robot_description/share/new_robot_description//launch/display.launch.py
[1.143s] -- Installing: /home/om/ROS2_Workshop/Day1/install/new_robot_description/share/new_robot_description//launch/my_robot.launch.xml
[1.144s] -- Installing: /home/om/ROS2_Workshop/Day1/install/new_robot_description/share/new_robot_description//rviz
[1.144s] -- Installing: /home/om/ROS2_Workshop/Day1/install/new_robot_description/share/new_robot_description//rviz/urdf_config.rviz
[1.144s] -- Installing: /home/om/ROS2_Workshop/Day1/install/new_robot_description/share/new_robot_description//rviz/display.rviz
[1.144s] -- Installing: /home/om/ROS2_Workshop/Day1/install/new_robot_description/share/ament_index/resource_index/package_run_dependencies/new_robot_description
[1.144s] -- Installing: /home/om/ROS2_Workshop/Day1/install/new_robot_description/share/ament_index/resource_index/parent_prefix_path/new_robot_description
[1.145s] -- Installing: /home/om/ROS2_Workshop/Day1/install/new_robot_description/share/new_robot_description/environment/ament_prefix_path.sh
[1.145s] -- Installing: /home/om/ROS2_Workshop/Day1/install/new_robot_description/share/new_robot_description/environment/ament_prefix_path.dsv
[1.145s] -- Installing: /home/om/ROS2_Workshop/Day1/install/new_robot_description/share/new_robot_description/environment/path.sh
[1.145s] -- Installing: /home/om/ROS2_Workshop/Day1/install/new_robot_description/share/new_robot_description/environment/path.dsv
[1.145s] -- Installing: /home/om/ROS2_Workshop/Day1/install/new_robot_description/share/new_robot_description/local_setup.bash
[1.145s] -- Installing: /home/om/ROS2_Workshop/Day1/install/new_robot_description/share/new_robot_description/local_setup.sh
[1.145s] -- Installing: /home/om/ROS2_Workshop/Day1/install/new_robot_description/share/new_robot_description/local_setup.zsh
[1.145s] -- Installing: /home/om/ROS2_Workshop/Day1/install/new_robot_description/share/new_robot_description/local_setup.dsv
[1.146s] -- Installing: /home/om/ROS2_Workshop/Day1/install/new_robot_description/share/new_robot_description/package.dsv
[1.146s] -- Installing: /home/om/ROS2_Workshop/Day1/install/new_robot_description/share/ament_index/resource_index/packages/new_robot_description
[1.146s] -- Installing: /home/om/ROS2_Workshop/Day1/install/new_robot_description/share/new_robot_description/cmake/new_robot_descriptionConfig.cmake
[1.146s] -- Installing: /home/om/ROS2_Workshop/Day1/install/new_robot_description/share/new_robot_description/cmake/new_robot_descriptionConfig-version.cmake
[1.146s] -- Installing: /home/om/ROS2_Workshop/Day1/install/new_robot_description/share/new_robot_description/package.xml
[1.149s] Invoked command in '/home/om/ROS2_Workshop/Day1/build/new_robot_description' returned '0': CMAKE_PREFIX_PATH=${CMAKE_PREFIX_PATH}:/home/om/turtlebot3_ws/install/vfh_control:/home/om/turtlebot3_ws/install/turtlebot3_teleop:/home/om/turtlebot3_ws/install/turtlebot3_example:/home/om/pico_ws2/install/crsf_ros2:/home/om/slambot/install/gesture_control:/home/om/slambot/install/ges_control:/opt/ros/humble /usr/bin/cmake --install /home/om/ROS2_Workshop/Day1/build/new_robot_description
