[0.017s] Invoking command in '/home/om/ROS2_Workshop/Day2/build/new_robot_description': CMAKE_PREFIX_PATH=${CMAKE_PREFIX_PATH}:/home/om/dobot_ws/install/servo_action:/home/om/dobot_ws/install/dobot_moveit:/home/om/dobot_ws/install/dobot_demo:/opt/ros/humble /usr/bin/cmake /home/om/ROS2_Workshop/Day2/src/new_robot_description -DCMAKE_INSTALL_PREFIX=/home/om/ROS2_Workshop/Day2/install/new_robot_description
[0.084s] -- The C compiler identification is GNU 11.4.0
[0.155s] -- The CXX compiler identification is GNU 11.4.0
[0.165s] -- Detecting C compiler ABI info
[0.253s] -- Detecting C compiler ABI info - done
[0.263s] -- Check for working C compiler: /usr/bin/cc - skipped
[0.263s] -- Detecting C compile features
[0.264s] -- Detecting C compile features - done
[0.267s] -- Detecting CXX compiler ABI info
[0.369s] -- Detecting CXX compiler ABI info - done
[0.378s] -- Check for working CXX compiler: /usr/bin/c++ - skipped
[0.379s] -- Detecting CXX compile features
[0.379s] -- Detecting CXX compile features - done
[0.387s] -- Found ament_cmake: 1.3.11 (/opt/ros/humble/share/ament_cmake/cmake)
[0.583s] -- Found Python3: /usr/bin/python3 (found version "3.10.12") found components: Interpreter 
[0.811s] -- Configuring done
[0.814s] -- Generating done
[0.816s] -- Build files have been written to: /home/om/ROS2_Workshop/Day2/build/new_robot_description
[0.821s] Invoked command in '/home/om/ROS2_Workshop/Day2/build/new_robot_description' returned '0': CMAKE_PREFIX_PATH=${CMAKE_PREFIX_PATH}:/home/om/dobot_ws/install/servo_action:/home/om/dobot_ws/install/dobot_moveit:/home/om/dobot_ws/install/dobot_demo:/opt/ros/humble /usr/bin/cmake /home/om/ROS2_Workshop/Day2/src/new_robot_description -DCMAKE_INSTALL_PREFIX=/home/om/ROS2_Workshop/Day2/install/new_robot_description
[0.825s] Invoking command in '/home/om/ROS2_Workshop/Day2/build/new_robot_description': CMAKE_PREFIX_PATH=${CMAKE_PREFIX_PATH}:/home/om/dobot_ws/install/servo_action:/home/om/dobot_ws/install/dobot_moveit:/home/om/dobot_ws/install/dobot_demo:/opt/ros/humble /usr/bin/cmake --build /home/om/ROS2_Workshop/Day2/build/new_robot_description -- -j8 -l8
[0.879s] Invoked command in '/home/om/ROS2_Workshop/Day2/build/new_robot_description' returned '0': CMAKE_PREFIX_PATH=${CMAKE_PREFIX_PATH}:/home/om/dobot_ws/install/servo_action:/home/om/dobot_ws/install/dobot_moveit:/home/om/dobot_ws/install/dobot_demo:/opt/ros/humble /usr/bin/cmake --build /home/om/ROS2_Workshop/Day2/build/new_robot_description -- -j8 -l8
[0.894s] Invoking command in '/home/om/ROS2_Workshop/Day2/build/new_robot_description': CMAKE_PREFIX_PATH=${CMAKE_PREFIX_PATH}:/home/om/dobot_ws/install/servo_action:/home/om/dobot_ws/install/dobot_moveit:/home/om/dobot_ws/install/dobot_demo:/opt/ros/humble /usr/bin/cmake --install /home/om/ROS2_Workshop/Day2/build/new_robot_description
[0.904s] -- Install configuration: ""
[0.904s] -- Installing: /home/om/ROS2_Workshop/Day2/install/new_robot_description/share/new_robot_description//urdf
[0.904s] -- Installing: /home/om/ROS2_Workshop/Day2/install/new_robot_description/share/new_robot_description//urdf/camera.xacro
[0.904s] -- Installing: /home/om/ROS2_Workshop/Day2/install/new_robot_description/share/new_robot_description//urdf/base_robot.xacro
[0.905s] -- Installing: /home/om/ROS2_Workshop/Day2/install/new_robot_description/share/new_robot_description//urdf/common_properties.xacro
[0.905s] -- Installing: /home/om/ROS2_Workshop/Day2/install/new_robot_description/share/new_robot_description//urdf/base_robot_gazebo.xacro
[0.905s] -- Installing: /home/om/ROS2_Workshop/Day2/install/new_robot_description/share/new_robot_description//urdf/my_robot.urdf.xacro
[0.905s] -- Installing: /home/om/ROS2_Workshop/Day2/install/new_robot_description/share/new_robot_description//urdf/ros2_control.xacro
[0.905s] -- Installing: /home/om/ROS2_Workshop/Day2/install/new_robot_description/share/new_robot_description//urdf/laser.xacro
[0.906s] -- Installing: /home/om/ROS2_Workshop/Day2/install/new_robot_description/share/new_robot_description//launch
[0.906s] -- Installing: /home/om/ROS2_Workshop/Day2/install/new_robot_description/share/new_robot_description//launch/gazebo.launch.py
[0.906s] -- Installing: /home/om/ROS2_Workshop/Day2/install/new_robot_description/share/new_robot_description//launch/display.launch.py
[0.906s] -- Installing: /home/om/ROS2_Workshop/Day2/install/new_robot_description/share/new_robot_description//launch/my_robot.launch.xml
[0.906s] -- Installing: /home/om/ROS2_Workshop/Day2/install/new_robot_description/share/new_robot_description//rviz
[0.906s] -- Installing: /home/om/ROS2_Workshop/Day2/install/new_robot_description/share/new_robot_description//rviz/urdf_config.rviz
[0.906s] -- Installing: /home/om/ROS2_Workshop/Day2/install/new_robot_description/share/new_robot_description//rviz/display.rviz
[0.907s] -- Installing: /home/om/ROS2_Workshop/Day2/install/new_robot_description/share/ament_index/resource_index/package_run_dependencies/new_robot_description
[0.907s] -- Installing: /home/om/ROS2_Workshop/Day2/install/new_robot_description/share/ament_index/resource_index/parent_prefix_path/new_robot_description
[0.907s] -- Installing: /home/om/ROS2_Workshop/Day2/install/new_robot_description/share/new_robot_description/environment/ament_prefix_path.sh
[0.907s] -- Installing: /home/om/ROS2_Workshop/Day2/install/new_robot_description/share/new_robot_description/environment/ament_prefix_path.dsv
[0.907s] -- Installing: /home/om/ROS2_Workshop/Day2/install/new_robot_description/share/new_robot_description/environment/path.sh
[0.907s] -- Installing: /home/om/ROS2_Workshop/Day2/install/new_robot_description/share/new_robot_description/environment/path.dsv
[0.907s] -- Installing: /home/om/ROS2_Workshop/Day2/install/new_robot_description/share/new_robot_description/local_setup.bash
[0.907s] -- Installing: /home/om/ROS2_Workshop/Day2/install/new_robot_description/share/new_robot_description/local_setup.sh
[0.907s] -- Installing: /home/om/ROS2_Workshop/Day2/install/new_robot_description/share/new_robot_description/local_setup.zsh
[0.907s] -- Installing: /home/om/ROS2_Workshop/Day2/install/new_robot_description/share/new_robot_description/local_setup.dsv
[0.907s] -- Installing: /home/om/ROS2_Workshop/Day2/install/new_robot_description/share/new_robot_description/package.dsv
[0.907s] -- Installing: /home/om/ROS2_Workshop/Day2/install/new_robot_description/share/ament_index/resource_index/packages/new_robot_description
[0.907s] -- Installing: /home/om/ROS2_Workshop/Day2/install/new_robot_description/share/new_robot_description/cmake/new_robot_descriptionConfig.cmake
[0.907s] -- Installing: /home/om/ROS2_Workshop/Day2/install/new_robot_description/share/new_robot_description/cmake/new_robot_descriptionConfig-version.cmake
[0.908s] -- Installing: /home/om/ROS2_Workshop/Day2/install/new_robot_description/share/new_robot_description/package.xml
[0.910s] Invoked command in '/home/om/ROS2_Workshop/Day2/build/new_robot_description' returned '0': CMAKE_PREFIX_PATH=${CMAKE_PREFIX_PATH}:/home/om/dobot_ws/install/servo_action:/home/om/dobot_ws/install/dobot_moveit:/home/om/dobot_ws/install/dobot_demo:/opt/ros/humble /usr/bin/cmake --install /home/om/ROS2_Workshop/Day2/build/new_robot_description
