[35m[1mConsolidate compiler generated dependencies of target simple_controller[0m
[100%] Built target simple_controller
-- Install configuration: ""
-- Up-to-date: /home/om/ROS2_Workshop/Day1/install/new_robot_controller/include/include
-- Up-to-date: /home/om/ROS2_Workshop/Day1/install/new_robot_controller/include/include/new_robot_controller
-- Up-to-date: /home/om/ROS2_Workshop/Day1/install/new_robot_controller/include/include/new_robot_controller/simple_controller.hpp
-- Up-to-date: /home/om/ROS2_Workshop/Day1/install/new_robot_controller/lib/new_robot_controller/simple_controller
-- Up-to-date: /home/om/ROS2_Workshop/Day1/install/new_robot_controller/share/new_robot_controller/launch
-- Installing: /home/om/ROS2_Workshop/Day1/install/new_robot_controller/share/new_robot_controller/launch/controller.launch.py
-- Up-to-date: /home/om/ROS2_Workshop/Day1/install/new_robot_controller/share/new_robot_controller/launch/joystick_teleop.launch.py
-- Up-to-date: /home/om/ROS2_Workshop/Day1/install/new_robot_controller/share/new_robot_controller/launch/simple_controller.launch.py
-- Up-to-date: /home/om/ROS2_Workshop/Day1/install/new_robot_controller/share/new_robot_controller/config
-- Up-to-date: /home/om/ROS2_Workshop/Day1/install/new_robot_controller/share/new_robot_controller/config/joy_config.yaml
-- Up-to-date: /home/om/ROS2_Workshop/Day1/install/new_robot_controller/share/new_robot_controller/config/new_robot_controllers.yaml
-- Up-to-date: /home/om/ROS2_Workshop/Day1/install/new_robot_controller/share/new_robot_controller/config/joy_teleop.yaml
-- Up-to-date: /home/om/ROS2_Workshop/Day1/install/new_robot_controller/share/ament_index/resource_index/package_run_dependencies/new_robot_controller
-- Up-to-date: /home/om/ROS2_Workshop/Day1/install/new_robot_controller/share/ament_index/resource_index/parent_prefix_path/new_robot_controller
-- Up-to-date: /home/om/ROS2_Workshop/Day1/install/new_robot_controller/share/new_robot_controller/environment/ament_prefix_path.sh
-- Up-to-date: /home/om/ROS2_Workshop/Day1/install/new_robot_controller/share/new_robot_controller/environment/ament_prefix_path.dsv
-- Up-to-date: /home/om/ROS2_Workshop/Day1/install/new_robot_controller/share/new_robot_controller/environment/path.sh
-- Up-to-date: /home/om/ROS2_Workshop/Day1/install/new_robot_controller/share/new_robot_controller/environment/path.dsv
-- Up-to-date: /home/om/ROS2_Workshop/Day1/install/new_robot_controller/share/new_robot_controller/local_setup.bash
-- Up-to-date: /home/om/ROS2_Workshop/Day1/install/new_robot_controller/share/new_robot_controller/local_setup.sh
-- Up-to-date: /home/om/ROS2_Workshop/Day1/install/new_robot_controller/share/new_robot_controller/local_setup.zsh
-- Up-to-date: /home/om/ROS2_Workshop/Day1/install/new_robot_controller/share/new_robot_controller/local_setup.dsv
-- Installing: /home/om/ROS2_Workshop/Day1/install/new_robot_controller/share/new_robot_controller/package.dsv
-- Up-to-date: /home/om/ROS2_Workshop/Day1/install/new_robot_controller/share/ament_index/resource_index/packages/new_robot_controller
-- Up-to-date: /home/om/ROS2_Workshop/Day1/install/new_robot_controller/share/new_robot_controller/cmake/new_robot_controllerConfig.cmake
-- Up-to-date: /home/om/ROS2_Workshop/Day1/install/new_robot_controller/share/new_robot_controller/cmake/new_robot_controllerConfig-version.cmake
-- Up-to-date: /home/om/ROS2_Workshop/Day1/install/new_robot_controller/share/new_robot_controller/package.xml
