[0.040s] Invoking command in '/home/om/ROS2_Workshop/Day1/build/day2_cpp': CMAKE_PREFIX_PATH=${CMAKE_PREFIX_PATH}:/home/om/turtlebot3_ws/install/vfh_control:/home/om/turtlebot3_ws/install/turtlebot3_teleop:/home/om/turtlebot3_ws/install/turtlebot3_example:/home/om/pico_ws2/install/crsf_ros2:/home/om/slambot/install/gesture_control:/home/om/slambot/install/ges_control:/opt/ros/humble /usr/bin/cmake /home/om/ROS2_Workshop/Day1/src/day2_cpp -DCMAKE_INSTALL_PREFIX=/home/om/ROS2_Workshop/Day1/install/day2_cpp
[0.128s] -- The C compiler identification is GNU 11.4.0
[0.210s] -- The CXX compiler identification is GNU 11.4.0
[0.219s] -- Detecting C compiler ABI info
[0.349s] -- Detecting C compiler ABI info - done
[0.371s] -- Check for working C compiler: /usr/bin/cc - skipped
[0.371s] -- Detecting C compile features
[0.371s] -- Detecting C compile features - done
[0.381s] -- Detecting CXX compiler ABI info
[0.509s] -- Detecting CXX compiler ABI info - done
[0.521s] -- Check for working CXX compiler: /usr/bin/c++ - skipped
[0.521s] -- Detecting CXX compile features
[0.521s] -- Detecting CXX compile features - done
[0.527s] -- Found ament_cmake: 1.3.11 (/opt/ros/humble/share/ament_cmake/cmake)
[0.776s] -- Found Python3: /usr/bin/python3 (found version "3.10.12") found components: Interpreter 
[0.974s] -- Found ament_lint_auto: 0.12.11 (/opt/ros/humble/share/ament_lint_auto/cmake)
[1.130s] -- Added test 'lint_cmake' to check CMake code style
[1.133s] -- Added test 'xmllint' to check XML markup files
[1.135s] -- Configuring done
[1.138s] -- Generating done
[1.140s] -- Build files have been written to: /home/om/ROS2_Workshop/Day1/build/day2_cpp
[1.151s] Invoked command in '/home/om/ROS2_Workshop/Day1/build/day2_cpp' returned '0': CMAKE_PREFIX_PATH=${CMAKE_PREFIX_PATH}:/home/om/turtlebot3_ws/install/vfh_control:/home/om/turtlebot3_ws/install/turtlebot3_teleop:/home/om/turtlebot3_ws/install/turtlebot3_example:/home/om/pico_ws2/install/crsf_ros2:/home/om/slambot/install/gesture_control:/home/om/slambot/install/ges_control:/opt/ros/humble /usr/bin/cmake /home/om/ROS2_Workshop/Day1/src/day2_cpp -DCMAKE_INSTALL_PREFIX=/home/om/ROS2_Workshop/Day1/install/day2_cpp
[1.153s] Invoking command in '/home/om/ROS2_Workshop/Day1/build/day2_cpp': CMAKE_PREFIX_PATH=${CMAKE_PREFIX_PATH}:/home/om/turtlebot3_ws/install/vfh_control:/home/om/turtlebot3_ws/install/turtlebot3_teleop:/home/om/turtlebot3_ws/install/turtlebot3_example:/home/om/pico_ws2/install/crsf_ros2:/home/om/slambot/install/gesture_control:/home/om/slambot/install/ges_control:/opt/ros/humble /usr/bin/cmake --build /home/om/ROS2_Workshop/Day1/build/day2_cpp -- -j8 -l8
[1.212s] Invoked command in '/home/om/ROS2_Workshop/Day1/build/day2_cpp' returned '0': CMAKE_PREFIX_PATH=${CMAKE_PREFIX_PATH}:/home/om/turtlebot3_ws/install/vfh_control:/home/om/turtlebot3_ws/install/turtlebot3_teleop:/home/om/turtlebot3_ws/install/turtlebot3_example:/home/om/pico_ws2/install/crsf_ros2:/home/om/slambot/install/gesture_control:/home/om/slambot/install/ges_control:/opt/ros/humble /usr/bin/cmake --build /home/om/ROS2_Workshop/Day1/build/day2_cpp -- -j8 -l8
[1.215s] Invoking command in '/home/om/ROS2_Workshop/Day1/build/day2_cpp': CMAKE_PREFIX_PATH=${CMAKE_PREFIX_PATH}:/home/om/turtlebot3_ws/install/vfh_control:/home/om/turtlebot3_ws/install/turtlebot3_teleop:/home/om/turtlebot3_ws/install/turtlebot3_example:/home/om/pico_ws2/install/crsf_ros2:/home/om/slambot/install/gesture_control:/home/om/slambot/install/ges_control:/opt/ros/humble /usr/bin/cmake --install /home/om/ROS2_Workshop/Day1/build/day2_cpp
[1.225s] -- Install configuration: ""
[1.226s] -- Installing: /home/om/ROS2_Workshop/Day1/install/day2_cpp/share/ament_index/resource_index/package_run_dependencies/day2_cpp
[1.226s] -- Installing: /home/om/ROS2_Workshop/Day1/install/day2_cpp/share/ament_index/resource_index/parent_prefix_path/day2_cpp
[1.226s] -- Installing: /home/om/ROS2_Workshop/Day1/install/day2_cpp/share/day2_cpp/environment/ament_prefix_path.sh
[1.227s] -- Installing: /home/om/ROS2_Workshop/Day1/install/day2_cpp/share/day2_cpp/environment/ament_prefix_path.dsv
[1.227s] -- Installing: /home/om/ROS2_Workshop/Day1/install/day2_cpp/share/day2_cpp/environment/path.sh
[1.227s] -- Installing: /home/om/ROS2_Workshop/Day1/install/day2_cpp/share/day2_cpp/environment/path.dsv
[1.227s] -- Installing: /home/om/ROS2_Workshop/Day1/install/day2_cpp/share/day2_cpp/local_setup.bash
[1.227s] -- Installing: /home/om/ROS2_Workshop/Day1/install/day2_cpp/share/day2_cpp/local_setup.sh
[1.227s] -- Installing: /home/om/ROS2_Workshop/Day1/install/day2_cpp/share/day2_cpp/local_setup.zsh
[1.228s] -- Installing: /home/om/ROS2_Workshop/Day1/install/day2_cpp/share/day2_cpp/local_setup.dsv
[1.228s] -- Installing: /home/om/ROS2_Workshop/Day1/install/day2_cpp/share/day2_cpp/package.dsv
[1.228s] -- Installing: /home/om/ROS2_Workshop/Day1/install/day2_cpp/share/ament_index/resource_index/packages/day2_cpp
[1.228s] -- Installing: /home/om/ROS2_Workshop/Day1/install/day2_cpp/share/day2_cpp/cmake/day2_cppConfig.cmake
[1.228s] -- Installing: /home/om/ROS2_Workshop/Day1/install/day2_cpp/share/day2_cpp/cmake/day2_cppConfig-version.cmake
[1.228s] -- Installing: /home/om/ROS2_Workshop/Day1/install/day2_cpp/share/day2_cpp/package.xml
[1.231s] Invoked command in '/home/om/ROS2_Workshop/Day1/build/day2_cpp' returned '0': CMAKE_PREFIX_PATH=${CMAKE_PREFIX_PATH}:/home/om/turtlebot3_ws/install/vfh_control:/home/om/turtlebot3_ws/install/turtlebot3_teleop:/home/om/turtlebot3_ws/install/turtlebot3_example:/home/om/pico_ws2/install/crsf_ros2:/home/om/slambot/install/gesture_control:/home/om/slambot/install/ges_control:/opt/ros/humble /usr/bin/cmake --install /home/om/ROS2_Workshop/Day1/build/day2_cpp
