[0.135s] DEBUG:colcon:Command line arguments: ['/usr/bin/colcon', 'build']
[0.135s] DEBUG:colcon:Parsed command line arguments: Namespace(log_base=None, log_level=None, verb_name='build', build_base='build', install_base='install', merge_install=False, symlink_install=False, test_result_base=None, continue_on_error=False, executor='parallel', parallel_workers=8, event_handlers=None, ignore_user_meta=False, metas=['./colcon.meta'], base_paths=['.'], packages_ignore=None, packages_ignore_regex=None, paths=None, packages_up_to=None, packages_up_to_regex=None, packages_above=None, packages_above_and_dependencies=None, packages_above_depth=None, packages_select_by_dep=None, packages_skip_by_dep=None, packages_skip_up_to=None, packages_select_build_failed=False, packages_skip_build_finished=False, packages_select_test_failures=False, packages_skip_test_passed=False, packages_select=None, packages_skip=None, packages_select_regex=None, packages_skip_regex=None, packages_start=None, packages_end=None, allow_overriding=[], cmake_args=None, cmake_target=None, cmake_target_skip_unavailable=False, cmake_clean_cache=False, cmake_clean_first=False, cmake_force_configure=False, ament_cmake_args=None, catkin_cmake_args=None, catkin_skip_building_tests=False, verb_parser=<colcon_defaults.argument_parser.defaults.DefaultArgumentsDecorator object at 0x761e253e6410>, verb_extension=<colcon_core.verb.build.BuildVerb object at 0x761e2537c9a0>, main=<bound method BuildVerb.main of <colcon_core.verb.build.BuildVerb object at 0x761e2537c9a0>>)
[0.350s] Level 1:colcon.colcon_core.package_discovery:discover_packages(colcon_meta) check parameters
[0.350s] Level 1:colcon.colcon_core.package_discovery:discover_packages(recursive) check parameters
[0.350s] Level 1:colcon.colcon_core.package_discovery:discover_packages(ignore) check parameters
[0.350s] Level 1:colcon.colcon_core.package_discovery:discover_packages(path) check parameters
[0.350s] Level 1:colcon.colcon_core.package_discovery:discover_packages(colcon_meta) discover
[0.350s] Level 1:colcon.colcon_core.package_discovery:discover_packages(recursive) discover
[0.350s] INFO:colcon.colcon_core.package_discovery:Crawling recursively for packages in '/home/om/ROS2_Workshop/Day1'
[0.351s] Level 1:colcon.colcon_core.package_identification:_identify(.) by extensions ['ignore', 'ignore_ament_install']
[0.351s] Level 1:colcon.colcon_core.package_identification:_identify(.) by extension 'ignore'
[0.351s] Level 1:colcon.colcon_core.package_identification:_identify(.) by extension 'ignore_ament_install'
[0.351s] Level 1:colcon.colcon_core.package_identification:_identify(.) by extensions ['colcon_pkg']
[0.351s] Level 1:colcon.colcon_core.package_identification:_identify(.) by extension 'colcon_pkg'
[0.351s] Level 1:colcon.colcon_core.package_identification:_identify(.) by extensions ['colcon_meta']
[0.351s] Level 1:colcon.colcon_core.package_identification:_identify(.) by extension 'colcon_meta'
[0.351s] Level 1:colcon.colcon_core.package_identification:_identify(.) by extensions ['ros']
[0.351s] Level 1:colcon.colcon_core.package_identification:_identify(.) by extension 'ros'
[0.364s] Level 1:colcon.colcon_core.package_identification:_identify(.) by extensions ['cmake', 'python']
[0.364s] Level 1:colcon.colcon_core.package_identification:_identify(.) by extension 'cmake'
[0.364s] Level 1:colcon.colcon_core.package_identification:_identify(.) by extension 'python'
[0.364s] Level 1:colcon.colcon_core.package_identification:_identify(.) by extensions ['python_setup_py']
[0.364s] Level 1:colcon.colcon_core.package_identification:_identify(.) by extension 'python_setup_py'
[0.364s] Level 1:colcon.colcon_core.package_identification:_identify(build) by extensions ['ignore', 'ignore_ament_install']
[0.364s] Level 1:colcon.colcon_core.package_identification:_identify(build) by extension 'ignore'
[0.365s] Level 1:colcon.colcon_core.package_identification:_identify(build) ignored
[0.365s] Level 1:colcon.colcon_core.package_identification:_identify(install) by extensions ['ignore', 'ignore_ament_install']
[0.365s] Level 1:colcon.colcon_core.package_identification:_identify(install) by extension 'ignore'
[0.365s] Level 1:colcon.colcon_core.package_identification:_identify(install) ignored
[0.365s] Level 1:colcon.colcon_core.package_identification:_identify(log) by extensions ['ignore', 'ignore_ament_install']
[0.365s] Level 1:colcon.colcon_core.package_identification:_identify(log) by extension 'ignore'
[0.365s] Level 1:colcon.colcon_core.package_identification:_identify(log) ignored
[0.365s] Level 1:colcon.colcon_core.package_identification:_identify(src) by extensions ['ignore', 'ignore_ament_install']
[0.365s] Level 1:colcon.colcon_core.package_identification:_identify(src) by extension 'ignore'
[0.365s] Level 1:colcon.colcon_core.package_identification:_identify(src) by extension 'ignore_ament_install'
[0.365s] Level 1:colcon.colcon_core.package_identification:_identify(src) by extensions ['colcon_pkg']
[0.365s] Level 1:colcon.colcon_core.package_identification:_identify(src) by extension 'colcon_pkg'
[0.365s] Level 1:colcon.colcon_core.package_identification:_identify(src) by extensions ['colcon_meta']
[0.365s] Level 1:colcon.colcon_core.package_identification:_identify(src) by extension 'colcon_meta'
[0.365s] Level 1:colcon.colcon_core.package_identification:_identify(src) by extensions ['ros']
[0.365s] Level 1:colcon.colcon_core.package_identification:_identify(src) by extension 'ros'
[0.366s] Level 1:colcon.colcon_core.package_identification:_identify(src) by extensions ['cmake', 'python']
[0.366s] Level 1:colcon.colcon_core.package_identification:_identify(src) by extension 'cmake'
[0.366s] Level 1:colcon.colcon_core.package_identification:_identify(src) by extension 'python'
[0.366s] Level 1:colcon.colcon_core.package_identification:_identify(src) by extensions ['python_setup_py']
[0.366s] Level 1:colcon.colcon_core.package_identification:_identify(src) by extension 'python_setup_py'
[0.366s] Level 1:colcon.colcon_core.package_identification:_identify(src/day1_cpp) by extensions ['ignore', 'ignore_ament_install']
[0.366s] Level 1:colcon.colcon_core.package_identification:_identify(src/day1_cpp) by extension 'ignore'
[0.366s] Level 1:colcon.colcon_core.package_identification:_identify(src/day1_cpp) by extension 'ignore_ament_install'
[0.366s] Level 1:colcon.colcon_core.package_identification:_identify(src/day1_cpp) by extensions ['colcon_pkg']
[0.366s] Level 1:colcon.colcon_core.package_identification:_identify(src/day1_cpp) by extension 'colcon_pkg'
[0.366s] Level 1:colcon.colcon_core.package_identification:_identify(src/day1_cpp) by extensions ['colcon_meta']
[0.366s] Level 1:colcon.colcon_core.package_identification:_identify(src/day1_cpp) by extension 'colcon_meta'
[0.366s] Level 1:colcon.colcon_core.package_identification:_identify(src/day1_cpp) by extensions ['ros']
[0.366s] Level 1:colcon.colcon_core.package_identification:_identify(src/day1_cpp) by extension 'ros'
[0.369s] DEBUG:colcon.colcon_core.package_identification:Package 'src/day1_cpp' with type 'ros.ament_cmake' and name 'day1_cpp'
[0.369s] Level 1:colcon.colcon_core.package_identification:_identify(src/day2_cpp) by extensions ['ignore', 'ignore_ament_install']
[0.370s] Level 1:colcon.colcon_core.package_identification:_identify(src/day2_cpp) by extension 'ignore'
[0.370s] Level 1:colcon.colcon_core.package_identification:_identify(src/day2_cpp) by extension 'ignore_ament_install'
[0.370s] Level 1:colcon.colcon_core.package_identification:_identify(src/day2_cpp) by extensions ['colcon_pkg']
[0.370s] Level 1:colcon.colcon_core.package_identification:_identify(src/day2_cpp) by extension 'colcon_pkg'
[0.370s] Level 1:colcon.colcon_core.package_identification:_identify(src/day2_cpp) by extensions ['colcon_meta']
[0.370s] Level 1:colcon.colcon_core.package_identification:_identify(src/day2_cpp) by extension 'colcon_meta'
[0.370s] Level 1:colcon.colcon_core.package_identification:_identify(src/day2_cpp) by extensions ['ros']
[0.370s] Level 1:colcon.colcon_core.package_identification:_identify(src/day2_cpp) by extension 'ros'
[0.370s] DEBUG:colcon.colcon_core.package_identification:Package 'src/day2_cpp' with type 'ros.ament_cmake' and name 'day2_cpp'
[0.370s] Level 1:colcon.colcon_core.package_identification:_identify(src/new_robot_controller) by extensions ['ignore', 'ignore_ament_install']
[0.371s] Level 1:colcon.colcon_core.package_identification:_identify(src/new_robot_controller) by extension 'ignore'
[0.371s] Level 1:colcon.colcon_core.package_identification:_identify(src/new_robot_controller) by extension 'ignore_ament_install'
[0.371s] Level 1:colcon.colcon_core.package_identification:_identify(src/new_robot_controller) by extensions ['colcon_pkg']
[0.371s] Level 1:colcon.colcon_core.package_identification:_identify(src/new_robot_controller) by extension 'colcon_pkg'
[0.371s] Level 1:colcon.colcon_core.package_identification:_identify(src/new_robot_controller) by extensions ['colcon_meta']
[0.371s] Level 1:colcon.colcon_core.package_identification:_identify(src/new_robot_controller) by extension 'colcon_meta'
[0.371s] Level 1:colcon.colcon_core.package_identification:_identify(src/new_robot_controller) by extensions ['ros']
[0.371s] Level 1:colcon.colcon_core.package_identification:_identify(src/new_robot_controller) by extension 'ros'
[0.372s] DEBUG:colcon.colcon_core.package_identification:Package 'src/new_robot_controller' with type 'ros.ament_cmake' and name 'new_robot_controller'
[0.373s] Level 1:colcon.colcon_core.package_identification:_identify(src/new_robot_description) by extensions ['ignore', 'ignore_ament_install']
[0.373s] Level 1:colcon.colcon_core.package_identification:_identify(src/new_robot_description) by extension 'ignore'
[0.373s] Level 1:colcon.colcon_core.package_identification:_identify(src/new_robot_description) by extension 'ignore_ament_install'
[0.373s] Level 1:colcon.colcon_core.package_identification:_identify(src/new_robot_description) by extensions ['colcon_pkg']
[0.373s] Level 1:colcon.colcon_core.package_identification:_identify(src/new_robot_description) by extension 'colcon_pkg'
[0.373s] Level 1:colcon.colcon_core.package_identification:_identify(src/new_robot_description) by extensions ['colcon_meta']
[0.373s] Level 1:colcon.colcon_core.package_identification:_identify(src/new_robot_description) by extension 'colcon_meta'
[0.373s] Level 1:colcon.colcon_core.package_identification:_identify(src/new_robot_description) by extensions ['ros']
[0.373s] Level 1:colcon.colcon_core.package_identification:_identify(src/new_robot_description) by extension 'ros'
[0.374s] DEBUG:colcon.colcon_core.package_identification:Package 'src/new_robot_description' with type 'ros.ament_cmake' and name 'new_robot_description'
[0.374s] Level 1:colcon.colcon_core.package_discovery:discover_packages(recursive) using defaults
[0.374s] Level 1:colcon.colcon_core.package_discovery:discover_packages(ignore) discover
[0.374s] Level 1:colcon.colcon_core.package_discovery:discover_packages(ignore) using defaults
[0.374s] Level 1:colcon.colcon_core.package_discovery:discover_packages(path) discover
[0.374s] Level 1:colcon.colcon_core.package_discovery:discover_packages(path) using defaults
[0.431s] Level 1:colcon.colcon_core.package_discovery:discover_packages(prefix_path) check parameters
[0.432s] Level 1:colcon.colcon_core.package_discovery:discover_packages(prefix_path) discover
[0.435s] DEBUG:colcon.colcon_installed_package_information.package_discovery:Found 4 installed packages in /home/om/pico_ws2/install
[0.436s] DEBUG:colcon.colcon_installed_package_information.package_discovery:Found 16 installed packages in /home/om/turtlebot3_ws/install
[0.437s] DEBUG:colcon.colcon_installed_package_information.package_discovery:Found 16 installed packages in /home/om/pico_ws/install
[0.437s] DEBUG:colcon.colcon_installed_package_information.package_discovery:Found 10 installed packages in /home/om/slambot/install
[0.439s] DEBUG:colcon.colcon_installed_package_information.package_discovery:Found 438 installed packages in /opt/ros/humble
[0.443s] Level 1:colcon.colcon_core.package_discovery:discover_packages(prefix_path) using defaults
[0.509s] Level 5:colcon.colcon_core.verb:set package 'day1_cpp' build argument 'cmake_args' from command line to 'None'
[0.509s] Level 5:colcon.colcon_core.verb:set package 'day1_cpp' build argument 'cmake_target' from command line to 'None'
[0.509s] Level 5:colcon.colcon_core.verb:set package 'day1_cpp' build argument 'cmake_target_skip_unavailable' from command line to 'False'
[0.509s] Level 5:colcon.colcon_core.verb:set package 'day1_cpp' build argument 'cmake_clean_cache' from command line to 'False'
[0.509s] Level 5:colcon.colcon_core.verb:set package 'day1_cpp' build argument 'cmake_clean_first' from command line to 'False'
[0.509s] Level 5:colcon.colcon_core.verb:set package 'day1_cpp' build argument 'cmake_force_configure' from command line to 'False'
[0.509s] Level 5:colcon.colcon_core.verb:set package 'day1_cpp' build argument 'ament_cmake_args' from command line to 'None'
[0.509s] Level 5:colcon.colcon_core.verb:set package 'day1_cpp' build argument 'catkin_cmake_args' from command line to 'None'
[0.509s] Level 5:colcon.colcon_core.verb:set package 'day1_cpp' build argument 'catkin_skip_building_tests' from command line to 'False'
[0.509s] DEBUG:colcon.colcon_core.verb:Building package 'day1_cpp' with the following arguments: {'ament_cmake_args': None, 'build_base': '/home/om/ROS2_Workshop/Day1/build/day1_cpp', 'catkin_cmake_args': None, 'catkin_skip_building_tests': False, 'cmake_args': None, 'cmake_clean_cache': False, 'cmake_clean_first': False, 'cmake_force_configure': False, 'cmake_target': None, 'cmake_target_skip_unavailable': False, 'install_base': '/home/om/ROS2_Workshop/Day1/install/day1_cpp', 'merge_install': False, 'path': '/home/om/ROS2_Workshop/Day1/src/day1_cpp', 'symlink_install': False, 'test_result_base': None}
[0.509s] Level 5:colcon.colcon_core.verb:set package 'day2_cpp' build argument 'cmake_args' from command line to 'None'
[0.509s] Level 5:colcon.colcon_core.verb:set package 'day2_cpp' build argument 'cmake_target' from command line to 'None'
[0.509s] Level 5:colcon.colcon_core.verb:set package 'day2_cpp' build argument 'cmake_target_skip_unavailable' from command line to 'False'
[0.509s] Level 5:colcon.colcon_core.verb:set package 'day2_cpp' build argument 'cmake_clean_cache' from command line to 'False'
[0.509s] Level 5:colcon.colcon_core.verb:set package 'day2_cpp' build argument 'cmake_clean_first' from command line to 'False'
[0.509s] Level 5:colcon.colcon_core.verb:set package 'day2_cpp' build argument 'cmake_force_configure' from command line to 'False'
[0.510s] Level 5:colcon.colcon_core.verb:set package 'day2_cpp' build argument 'ament_cmake_args' from command line to 'None'
[0.510s] Level 5:colcon.colcon_core.verb:set package 'day2_cpp' build argument 'catkin_cmake_args' from command line to 'None'
[0.510s] Level 5:colcon.colcon_core.verb:set package 'day2_cpp' build argument 'catkin_skip_building_tests' from command line to 'False'
[0.510s] DEBUG:colcon.colcon_core.verb:Building package 'day2_cpp' with the following arguments: {'ament_cmake_args': None, 'build_base': '/home/om/ROS2_Workshop/Day1/build/day2_cpp', 'catkin_cmake_args': None, 'catkin_skip_building_tests': False, 'cmake_args': None, 'cmake_clean_cache': False, 'cmake_clean_first': False, 'cmake_force_configure': False, 'cmake_target': None, 'cmake_target_skip_unavailable': False, 'install_base': '/home/om/ROS2_Workshop/Day1/install/day2_cpp', 'merge_install': False, 'path': '/home/om/ROS2_Workshop/Day1/src/day2_cpp', 'symlink_install': False, 'test_result_base': None}
[0.510s] Level 5:colcon.colcon_core.verb:set package 'new_robot_controller' build argument 'cmake_args' from command line to 'None'
[0.510s] Level 5:colcon.colcon_core.verb:set package 'new_robot_controller' build argument 'cmake_target' from command line to 'None'
[0.510s] Level 5:colcon.colcon_core.verb:set package 'new_robot_controller' build argument 'cmake_target_skip_unavailable' from command line to 'False'
[0.510s] Level 5:colcon.colcon_core.verb:set package 'new_robot_controller' build argument 'cmake_clean_cache' from command line to 'False'
[0.510s] Level 5:colcon.colcon_core.verb:set package 'new_robot_controller' build argument 'cmake_clean_first' from command line to 'False'
[0.510s] Level 5:colcon.colcon_core.verb:set package 'new_robot_controller' build argument 'cmake_force_configure' from command line to 'False'
[0.510s] Level 5:colcon.colcon_core.verb:set package 'new_robot_controller' build argument 'ament_cmake_args' from command line to 'None'
[0.510s] Level 5:colcon.colcon_core.verb:set package 'new_robot_controller' build argument 'catkin_cmake_args' from command line to 'None'
[0.510s] Level 5:colcon.colcon_core.verb:set package 'new_robot_controller' build argument 'catkin_skip_building_tests' from command line to 'False'
[0.510s] DEBUG:colcon.colcon_core.verb:Building package 'new_robot_controller' with the following arguments: {'ament_cmake_args': None, 'build_base': '/home/om/ROS2_Workshop/Day1/build/new_robot_controller', 'catkin_cmake_args': None, 'catkin_skip_building_tests': False, 'cmake_args': None, 'cmake_clean_cache': False, 'cmake_clean_first': False, 'cmake_force_configure': False, 'cmake_target': None, 'cmake_target_skip_unavailable': False, 'install_base': '/home/om/ROS2_Workshop/Day1/install/new_robot_controller', 'merge_install': False, 'path': '/home/om/ROS2_Workshop/Day1/src/new_robot_controller', 'symlink_install': False, 'test_result_base': None}
[0.511s] Level 5:colcon.colcon_core.verb:set package 'new_robot_description' build argument 'cmake_args' from command line to 'None'
[0.511s] Level 5:colcon.colcon_core.verb:set package 'new_robot_description' build argument 'cmake_target' from command line to 'None'
[0.511s] Level 5:colcon.colcon_core.verb:set package 'new_robot_description' build argument 'cmake_target_skip_unavailable' from command line to 'False'
[0.511s] Level 5:colcon.colcon_core.verb:set package 'new_robot_description' build argument 'cmake_clean_cache' from command line to 'False'
[0.511s] Level 5:colcon.colcon_core.verb:set package 'new_robot_description' build argument 'cmake_clean_first' from command line to 'False'
[0.511s] Level 5:colcon.colcon_core.verb:set package 'new_robot_description' build argument 'cmake_force_configure' from command line to 'False'
[0.511s] Level 5:colcon.colcon_core.verb:set package 'new_robot_description' build argument 'ament_cmake_args' from command line to 'None'
[0.511s] Level 5:colcon.colcon_core.verb:set package 'new_robot_description' build argument 'catkin_cmake_args' from command line to 'None'
[0.511s] Level 5:colcon.colcon_core.verb:set package 'new_robot_description' build argument 'catkin_skip_building_tests' from command line to 'False'
[0.511s] DEBUG:colcon.colcon_core.verb:Building package 'new_robot_description' with the following arguments: {'ament_cmake_args': None, 'build_base': '/home/om/ROS2_Workshop/Day1/build/new_robot_description', 'catkin_cmake_args': None, 'catkin_skip_building_tests': False, 'cmake_args': None, 'cmake_clean_cache': False, 'cmake_clean_first': False, 'cmake_force_configure': False, 'cmake_target': None, 'cmake_target_skip_unavailable': False, 'install_base': '/home/om/ROS2_Workshop/Day1/install/new_robot_description', 'merge_install': False, 'path': '/home/om/ROS2_Workshop/Day1/src/new_robot_description', 'symlink_install': False, 'test_result_base': None}
[0.511s] INFO:colcon.colcon_core.executor:Executing jobs using 'parallel' executor
[0.513s] DEBUG:colcon.colcon_parallel_executor.executor.parallel:run_until_complete
[0.513s] INFO:colcon.colcon_ros.task.ament_cmake.build:Building ROS package in '/home/om/ROS2_Workshop/Day1/src/day1_cpp' with build type 'ament_cmake'
[0.513s] INFO:colcon.colcon_cmake.task.cmake.build:Building CMake package in '/home/om/ROS2_Workshop/Day1/src/day1_cpp'
[0.516s] INFO:colcon.colcon_core.plugin_system:Skipping extension 'colcon_core.shell.bat': Not used on non-Windows systems
[0.517s] INFO:colcon.colcon_core.shell:Skip shell extension 'powershell' for command environment: Not usable outside of PowerShell
[0.517s] DEBUG:colcon.colcon_core.shell:Skip shell extension 'dsv' for command environment
[0.525s] INFO:colcon.colcon_ros.task.ament_cmake.build:Building ROS package in '/home/om/ROS2_Workshop/Day1/src/day2_cpp' with build type 'ament_cmake'
[0.526s] INFO:colcon.colcon_cmake.task.cmake.build:Building CMake package in '/home/om/ROS2_Workshop/Day1/src/day2_cpp'
[0.526s] INFO:colcon.colcon_core.shell:Skip shell extension 'powershell' for command environment: Not usable outside of PowerShell
[0.526s] DEBUG:colcon.colcon_core.shell:Skip shell extension 'dsv' for command environment
[0.535s] INFO:colcon.colcon_ros.task.ament_cmake.build:Building ROS package in '/home/om/ROS2_Workshop/Day1/src/new_robot_controller' with build type 'ament_cmake'
[0.535s] INFO:colcon.colcon_cmake.task.cmake.build:Building CMake package in '/home/om/ROS2_Workshop/Day1/src/new_robot_controller'
[0.535s] INFO:colcon.colcon_core.shell:Skip shell extension 'powershell' for command environment: Not usable outside of PowerShell
[0.535s] DEBUG:colcon.colcon_core.shell:Skip shell extension 'dsv' for command environment
[0.544s] INFO:colcon.colcon_ros.task.ament_cmake.build:Building ROS package in '/home/om/ROS2_Workshop/Day1/src/new_robot_description' with build type 'ament_cmake'
[0.544s] INFO:colcon.colcon_cmake.task.cmake.build:Building CMake package in '/home/om/ROS2_Workshop/Day1/src/new_robot_description'
[0.545s] INFO:colcon.colcon_core.shell:Skip shell extension 'powershell' for command environment: Not usable outside of PowerShell
[0.545s] DEBUG:colcon.colcon_core.shell:Skip shell extension 'dsv' for command environment
[0.560s] DEBUG:colcon.colcon_core.event_handler.log_command:Invoking command in '/home/om/ROS2_Workshop/Day1/build/day1_cpp': CMAKE_PREFIX_PATH=${CMAKE_PREFIX_PATH}:/home/om/turtlebot3_ws/install/vfh_control:/home/om/turtlebot3_ws/install/turtlebot3_teleop:/home/om/turtlebot3_ws/install/turtlebot3_example:/home/om/pico_ws2/install/crsf_ros2:/home/om/slambot/install/gesture_control:/home/om/slambot/install/ges_control:/opt/ros/humble /usr/bin/cmake /home/om/ROS2_Workshop/Day1/src/day1_cpp -DCMAKE_INSTALL_PREFIX=/home/om/ROS2_Workshop/Day1/install/day1_cpp
[0.566s] DEBUG:colcon.colcon_core.event_handler.log_command:Invoking command in '/home/om/ROS2_Workshop/Day1/build/day2_cpp': CMAKE_PREFIX_PATH=${CMAKE_PREFIX_PATH}:/home/om/turtlebot3_ws/install/vfh_control:/home/om/turtlebot3_ws/install/turtlebot3_teleop:/home/om/turtlebot3_ws/install/turtlebot3_example:/home/om/pico_ws2/install/crsf_ros2:/home/om/slambot/install/gesture_control:/home/om/slambot/install/ges_control:/opt/ros/humble /usr/bin/cmake /home/om/ROS2_Workshop/Day1/src/day2_cpp -DCMAKE_INSTALL_PREFIX=/home/om/ROS2_Workshop/Day1/install/day2_cpp
[0.570s] DEBUG:colcon.colcon_core.event_handler.log_command:Invoking command in '/home/om/ROS2_Workshop/Day1/build/new_robot_controller': CMAKE_PREFIX_PATH=${CMAKE_PREFIX_PATH}:/home/om/turtlebot3_ws/install/vfh_control:/home/om/turtlebot3_ws/install/turtlebot3_teleop:/home/om/turtlebot3_ws/install/turtlebot3_example:/home/om/pico_ws2/install/crsf_ros2:/home/om/slambot/install/gesture_control:/home/om/slambot/install/ges_control:/opt/ros/humble /usr/bin/cmake /home/om/ROS2_Workshop/Day1/src/new_robot_controller -DCMAKE_INSTALL_PREFIX=/home/om/ROS2_Workshop/Day1/install/new_robot_controller
[0.578s] DEBUG:colcon.colcon_core.event_handler.log_command:Invoking command in '/home/om/ROS2_Workshop/Day1/build/new_robot_description': CMAKE_PREFIX_PATH=${CMAKE_PREFIX_PATH}:/home/om/turtlebot3_ws/install/vfh_control:/home/om/turtlebot3_ws/install/turtlebot3_teleop:/home/om/turtlebot3_ws/install/turtlebot3_example:/home/om/pico_ws2/install/crsf_ros2:/home/om/slambot/install/gesture_control:/home/om/slambot/install/ges_control:/opt/ros/humble /usr/bin/cmake /home/om/ROS2_Workshop/Day1/src/new_robot_description -DCMAKE_INSTALL_PREFIX=/home/om/ROS2_Workshop/Day1/install/new_robot_description
[1.595s] DEBUG:colcon.colcon_core.event_handler.log_command:Invoked command in '/home/om/ROS2_Workshop/Day1/build/new_robot_description' returned '0': CMAKE_PREFIX_PATH=${CMAKE_PREFIX_PATH}:/home/om/turtlebot3_ws/install/vfh_control:/home/om/turtlebot3_ws/install/turtlebot3_teleop:/home/om/turtlebot3_ws/install/turtlebot3_example:/home/om/pico_ws2/install/crsf_ros2:/home/om/slambot/install/gesture_control:/home/om/slambot/install/ges_control:/opt/ros/humble /usr/bin/cmake /home/om/ROS2_Workshop/Day1/src/new_robot_description -DCMAKE_INSTALL_PREFIX=/home/om/ROS2_Workshop/Day1/install/new_robot_description
[1.598s] DEBUG:colcon.colcon_core.event_handler.log_command:Invoking command in '/home/om/ROS2_Workshop/Day1/build/new_robot_description': CMAKE_PREFIX_PATH=${CMAKE_PREFIX_PATH}:/home/om/turtlebot3_ws/install/vfh_control:/home/om/turtlebot3_ws/install/turtlebot3_teleop:/home/om/turtlebot3_ws/install/turtlebot3_example:/home/om/pico_ws2/install/crsf_ros2:/home/om/slambot/install/gesture_control:/home/om/slambot/install/ges_control:/opt/ros/humble /usr/bin/cmake --build /home/om/ROS2_Workshop/Day1/build/new_robot_description -- -j8 -l8
[1.658s] DEBUG:colcon.colcon_core.event_handler.log_command:Invoked command in '/home/om/ROS2_Workshop/Day1/build/new_robot_description' returned '0': CMAKE_PREFIX_PATH=${CMAKE_PREFIX_PATH}:/home/om/turtlebot3_ws/install/vfh_control:/home/om/turtlebot3_ws/install/turtlebot3_teleop:/home/om/turtlebot3_ws/install/turtlebot3_example:/home/om/pico_ws2/install/crsf_ros2:/home/om/slambot/install/gesture_control:/home/om/slambot/install/ges_control:/opt/ros/humble /usr/bin/cmake --build /home/om/ROS2_Workshop/Day1/build/new_robot_description -- -j8 -l8
[1.675s] DEBUG:colcon.colcon_core.event_handler.log_command:Invoking command in '/home/om/ROS2_Workshop/Day1/build/new_robot_description': CMAKE_PREFIX_PATH=${CMAKE_PREFIX_PATH}:/home/om/turtlebot3_ws/install/vfh_control:/home/om/turtlebot3_ws/install/turtlebot3_teleop:/home/om/turtlebot3_ws/install/turtlebot3_example:/home/om/pico_ws2/install/crsf_ros2:/home/om/slambot/install/gesture_control:/home/om/slambot/install/ges_control:/opt/ros/humble /usr/bin/cmake --install /home/om/ROS2_Workshop/Day1/build/new_robot_description
[1.676s] DEBUG:colcon.colcon_core.event_handler.log_command:Invoked command in '/home/om/ROS2_Workshop/Day1/build/day2_cpp' returned '0': CMAKE_PREFIX_PATH=${CMAKE_PREFIX_PATH}:/home/om/turtlebot3_ws/install/vfh_control:/home/om/turtlebot3_ws/install/turtlebot3_teleop:/home/om/turtlebot3_ws/install/turtlebot3_example:/home/om/pico_ws2/install/crsf_ros2:/home/om/slambot/install/gesture_control:/home/om/slambot/install/ges_control:/opt/ros/humble /usr/bin/cmake /home/om/ROS2_Workshop/Day1/src/day2_cpp -DCMAKE_INSTALL_PREFIX=/home/om/ROS2_Workshop/Day1/install/day2_cpp
[1.679s] DEBUG:colcon.colcon_core.event_handler.log_command:Invoking command in '/home/om/ROS2_Workshop/Day1/build/day2_cpp': CMAKE_PREFIX_PATH=${CMAKE_PREFIX_PATH}:/home/om/turtlebot3_ws/install/vfh_control:/home/om/turtlebot3_ws/install/turtlebot3_teleop:/home/om/turtlebot3_ws/install/turtlebot3_example:/home/om/pico_ws2/install/crsf_ros2:/home/om/slambot/install/gesture_control:/home/om/slambot/install/ges_control:/opt/ros/humble /usr/bin/cmake --build /home/om/ROS2_Workshop/Day1/build/day2_cpp -- -j8 -l8
[1.694s] Level 1:colcon.colcon_core.environment:create_environment_scripts_only(new_robot_description)
[1.695s] DEBUG:colcon.colcon_core.event_handler.log_command:Invoked command in '/home/om/ROS2_Workshop/Day1/build/new_robot_description' returned '0': CMAKE_PREFIX_PATH=${CMAKE_PREFIX_PATH}:/home/om/turtlebot3_ws/install/vfh_control:/home/om/turtlebot3_ws/install/turtlebot3_teleop:/home/om/turtlebot3_ws/install/turtlebot3_example:/home/om/pico_ws2/install/crsf_ros2:/home/om/slambot/install/gesture_control:/home/om/slambot/install/ges_control:/opt/ros/humble /usr/bin/cmake --install /home/om/ROS2_Workshop/Day1/build/new_robot_description
[1.697s] Level 1:colcon.colcon_core.environment:checking '/home/om/ROS2_Workshop/Day1/install/new_robot_description' for CMake module files
[1.698s] Level 1:colcon.colcon_core.environment:checking '/home/om/ROS2_Workshop/Day1/install/new_robot_description' for CMake config files
[1.698s] Level 1:colcon.colcon_core.shell:create_environment_hook('new_robot_description', 'cmake_prefix_path')
[1.698s] INFO:colcon.colcon_core.shell:Creating environment hook '/home/om/ROS2_Workshop/Day1/install/new_robot_description/share/new_robot_description/hook/cmake_prefix_path.ps1'
[1.699s] INFO:colcon.colcon_core.shell:Creating environment descriptor '/home/om/ROS2_Workshop/Day1/install/new_robot_description/share/new_robot_description/hook/cmake_prefix_path.dsv'
[1.700s] INFO:colcon.colcon_core.shell:Creating environment hook '/home/om/ROS2_Workshop/Day1/install/new_robot_description/share/new_robot_description/hook/cmake_prefix_path.sh'
[1.701s] Level 1:colcon.colcon_core.environment:checking '/home/om/ROS2_Workshop/Day1/install/new_robot_description/bin'
[1.701s] Level 1:colcon.colcon_core.environment:checking '/home/om/ROS2_Workshop/Day1/install/new_robot_description/lib/pkgconfig/new_robot_description.pc'
[1.701s] Level 1:colcon.colcon_core.environment:checking '/home/om/ROS2_Workshop/Day1/install/new_robot_description/lib/python3.10/site-packages'
[1.701s] Level 1:colcon.colcon_core.environment:checking '/home/om/ROS2_Workshop/Day1/install/new_robot_description/bin'
[1.702s] INFO:colcon.colcon_core.shell:Creating package script '/home/om/ROS2_Workshop/Day1/install/new_robot_description/share/new_robot_description/package.ps1'
[1.703s] INFO:colcon.colcon_core.shell:Creating package descriptor '/home/om/ROS2_Workshop/Day1/install/new_robot_description/share/new_robot_description/package.dsv'
[1.704s] INFO:colcon.colcon_core.shell:Creating package script '/home/om/ROS2_Workshop/Day1/install/new_robot_description/share/new_robot_description/package.sh'
[1.704s] INFO:colcon.colcon_core.shell:Creating package script '/home/om/ROS2_Workshop/Day1/install/new_robot_description/share/new_robot_description/package.bash'
[1.705s] INFO:colcon.colcon_core.shell:Creating package script '/home/om/ROS2_Workshop/Day1/install/new_robot_description/share/new_robot_description/package.zsh'
[1.706s] Level 1:colcon.colcon_core.environment:create_file_with_runtime_dependencies(/home/om/ROS2_Workshop/Day1/install/new_robot_description/share/colcon-core/packages/new_robot_description)
[1.707s] Level 1:colcon.colcon_core.environment:create_environment_scripts_only(new_robot_description)
[1.707s] Level 1:colcon.colcon_core.environment:checking '/home/om/ROS2_Workshop/Day1/install/new_robot_description' for CMake module files
[1.707s] Level 1:colcon.colcon_core.environment:checking '/home/om/ROS2_Workshop/Day1/install/new_robot_description' for CMake config files
[1.708s] Level 1:colcon.colcon_core.shell:create_environment_hook('new_robot_description', 'cmake_prefix_path')
[1.708s] INFO:colcon.colcon_core.shell:Creating environment hook '/home/om/ROS2_Workshop/Day1/install/new_robot_description/share/new_robot_description/hook/cmake_prefix_path.ps1'
[1.708s] INFO:colcon.colcon_core.shell:Creating environment descriptor '/home/om/ROS2_Workshop/Day1/install/new_robot_description/share/new_robot_description/hook/cmake_prefix_path.dsv'
[1.709s] INFO:colcon.colcon_core.shell:Creating environment hook '/home/om/ROS2_Workshop/Day1/install/new_robot_description/share/new_robot_description/hook/cmake_prefix_path.sh'
[1.710s] Level 1:colcon.colcon_core.environment:checking '/home/om/ROS2_Workshop/Day1/install/new_robot_description/bin'
[1.710s] Level 1:colcon.colcon_core.environment:checking '/home/om/ROS2_Workshop/Day1/install/new_robot_description/lib/pkgconfig/new_robot_description.pc'
[1.710s] Level 1:colcon.colcon_core.environment:checking '/home/om/ROS2_Workshop/Day1/install/new_robot_description/lib/python3.10/site-packages'
[1.710s] Level 1:colcon.colcon_core.environment:checking '/home/om/ROS2_Workshop/Day1/install/new_robot_description/bin'
[1.710s] INFO:colcon.colcon_core.shell:Creating package script '/home/om/ROS2_Workshop/Day1/install/new_robot_description/share/new_robot_description/package.ps1'
[1.711s] INFO:colcon.colcon_core.shell:Creating package descriptor '/home/om/ROS2_Workshop/Day1/install/new_robot_description/share/new_robot_description/package.dsv'
[1.712s] INFO:colcon.colcon_core.shell:Creating package script '/home/om/ROS2_Workshop/Day1/install/new_robot_description/share/new_robot_description/package.sh'
[1.712s] INFO:colcon.colcon_core.shell:Creating package script '/home/om/ROS2_Workshop/Day1/install/new_robot_description/share/new_robot_description/package.bash'
[1.713s] INFO:colcon.colcon_core.shell:Creating package script '/home/om/ROS2_Workshop/Day1/install/new_robot_description/share/new_robot_description/package.zsh'
[1.713s] Level 1:colcon.colcon_core.environment:create_file_with_runtime_dependencies(/home/om/ROS2_Workshop/Day1/install/new_robot_description/share/colcon-core/packages/new_robot_description)
[1.738s] DEBUG:colcon.colcon_core.event_handler.log_command:Invoked command in '/home/om/ROS2_Workshop/Day1/build/day2_cpp' returned '0': CMAKE_PREFIX_PATH=${CMAKE_PREFIX_PATH}:/home/om/turtlebot3_ws/install/vfh_control:/home/om/turtlebot3_ws/install/turtlebot3_teleop:/home/om/turtlebot3_ws/install/turtlebot3_example:/home/om/pico_ws2/install/crsf_ros2:/home/om/slambot/install/gesture_control:/home/om/slambot/install/ges_control:/opt/ros/humble /usr/bin/cmake --build /home/om/ROS2_Workshop/Day1/build/day2_cpp -- -j8 -l8
[1.741s] DEBUG:colcon.colcon_core.event_handler.log_command:Invoking command in '/home/om/ROS2_Workshop/Day1/build/day2_cpp': CMAKE_PREFIX_PATH=${CMAKE_PREFIX_PATH}:/home/om/turtlebot3_ws/install/vfh_control:/home/om/turtlebot3_ws/install/turtlebot3_teleop:/home/om/turtlebot3_ws/install/turtlebot3_example:/home/om/pico_ws2/install/crsf_ros2:/home/om/slambot/install/gesture_control:/home/om/slambot/install/ges_control:/opt/ros/humble /usr/bin/cmake --install /home/om/ROS2_Workshop/Day1/build/day2_cpp
[1.756s] Level 1:colcon.colcon_core.environment:create_environment_scripts_only(day2_cpp)
[1.756s] Level 1:colcon.colcon_core.environment:checking '/home/om/ROS2_Workshop/Day1/install/day2_cpp' for CMake module files
[1.757s] DEBUG:colcon.colcon_core.event_handler.log_command:Invoked command in '/home/om/ROS2_Workshop/Day1/build/day2_cpp' returned '0': CMAKE_PREFIX_PATH=${CMAKE_PREFIX_PATH}:/home/om/turtlebot3_ws/install/vfh_control:/home/om/turtlebot3_ws/install/turtlebot3_teleop:/home/om/turtlebot3_ws/install/turtlebot3_example:/home/om/pico_ws2/install/crsf_ros2:/home/om/slambot/install/gesture_control:/home/om/slambot/install/ges_control:/opt/ros/humble /usr/bin/cmake --install /home/om/ROS2_Workshop/Day1/build/day2_cpp
[1.758s] Level 1:colcon.colcon_core.environment:checking '/home/om/ROS2_Workshop/Day1/install/day2_cpp' for CMake config files
[1.758s] Level 1:colcon.colcon_core.shell:create_environment_hook('day2_cpp', 'cmake_prefix_path')
[1.758s] INFO:colcon.colcon_core.shell:Creating environment hook '/home/om/ROS2_Workshop/Day1/install/day2_cpp/share/day2_cpp/hook/cmake_prefix_path.ps1'
[1.759s] INFO:colcon.colcon_core.shell:Creating environment descriptor '/home/om/ROS2_Workshop/Day1/install/day2_cpp/share/day2_cpp/hook/cmake_prefix_path.dsv'
[1.759s] INFO:colcon.colcon_core.shell:Creating environment hook '/home/om/ROS2_Workshop/Day1/install/day2_cpp/share/day2_cpp/hook/cmake_prefix_path.sh'
[1.760s] Level 1:colcon.colcon_core.environment:checking '/home/om/ROS2_Workshop/Day1/install/day2_cpp/bin'
[1.760s] Level 1:colcon.colcon_core.environment:checking '/home/om/ROS2_Workshop/Day1/install/day2_cpp/lib/pkgconfig/day2_cpp.pc'
[1.760s] Level 1:colcon.colcon_core.environment:checking '/home/om/ROS2_Workshop/Day1/install/day2_cpp/lib/python3.10/site-packages'
[1.760s] Level 1:colcon.colcon_core.environment:checking '/home/om/ROS2_Workshop/Day1/install/day2_cpp/bin'
[1.761s] INFO:colcon.colcon_core.shell:Creating package script '/home/om/ROS2_Workshop/Day1/install/day2_cpp/share/day2_cpp/package.ps1'
[1.761s] INFO:colcon.colcon_core.shell:Creating package descriptor '/home/om/ROS2_Workshop/Day1/install/day2_cpp/share/day2_cpp/package.dsv'
[1.762s] INFO:colcon.colcon_core.shell:Creating package script '/home/om/ROS2_Workshop/Day1/install/day2_cpp/share/day2_cpp/package.sh'
[1.762s] INFO:colcon.colcon_core.shell:Creating package script '/home/om/ROS2_Workshop/Day1/install/day2_cpp/share/day2_cpp/package.bash'
[1.762s] INFO:colcon.colcon_core.shell:Creating package script '/home/om/ROS2_Workshop/Day1/install/day2_cpp/share/day2_cpp/package.zsh'
[1.763s] Level 1:colcon.colcon_core.environment:create_file_with_runtime_dependencies(/home/om/ROS2_Workshop/Day1/install/day2_cpp/share/colcon-core/packages/day2_cpp)
[1.763s] Level 1:colcon.colcon_core.environment:create_environment_scripts_only(day2_cpp)
[1.763s] Level 1:colcon.colcon_core.environment:checking '/home/om/ROS2_Workshop/Day1/install/day2_cpp' for CMake module files
[1.764s] Level 1:colcon.colcon_core.environment:checking '/home/om/ROS2_Workshop/Day1/install/day2_cpp' for CMake config files
[1.764s] Level 1:colcon.colcon_core.shell:create_environment_hook('day2_cpp', 'cmake_prefix_path')
[1.764s] INFO:colcon.colcon_core.shell:Creating environment hook '/home/om/ROS2_Workshop/Day1/install/day2_cpp/share/day2_cpp/hook/cmake_prefix_path.ps1'
[1.765s] INFO:colcon.colcon_core.shell:Creating environment descriptor '/home/om/ROS2_Workshop/Day1/install/day2_cpp/share/day2_cpp/hook/cmake_prefix_path.dsv'
[1.765s] INFO:colcon.colcon_core.shell:Creating environment hook '/home/om/ROS2_Workshop/Day1/install/day2_cpp/share/day2_cpp/hook/cmake_prefix_path.sh'
[1.766s] Level 1:colcon.colcon_core.environment:checking '/home/om/ROS2_Workshop/Day1/install/day2_cpp/bin'
[1.766s] Level 1:colcon.colcon_core.environment:checking '/home/om/ROS2_Workshop/Day1/install/day2_cpp/lib/pkgconfig/day2_cpp.pc'
[1.766s] Level 1:colcon.colcon_core.environment:checking '/home/om/ROS2_Workshop/Day1/install/day2_cpp/lib/python3.10/site-packages'
[1.766s] Level 1:colcon.colcon_core.environment:checking '/home/om/ROS2_Workshop/Day1/install/day2_cpp/bin'
[1.766s] INFO:colcon.colcon_core.shell:Creating package script '/home/om/ROS2_Workshop/Day1/install/day2_cpp/share/day2_cpp/package.ps1'
[1.767s] INFO:colcon.colcon_core.shell:Creating package descriptor '/home/om/ROS2_Workshop/Day1/install/day2_cpp/share/day2_cpp/package.dsv'
[1.768s] INFO:colcon.colcon_core.shell:Creating package script '/home/om/ROS2_Workshop/Day1/install/day2_cpp/share/day2_cpp/package.sh'
[1.768s] INFO:colcon.colcon_core.shell:Creating package script '/home/om/ROS2_Workshop/Day1/install/day2_cpp/share/day2_cpp/package.bash'
[1.768s] INFO:colcon.colcon_core.shell:Creating package script '/home/om/ROS2_Workshop/Day1/install/day2_cpp/share/day2_cpp/package.zsh'
[1.769s] Level 1:colcon.colcon_core.environment:create_file_with_runtime_dependencies(/home/om/ROS2_Workshop/Day1/install/day2_cpp/share/colcon-core/packages/day2_cpp)
[2.472s] DEBUG:colcon.colcon_core.event_handler.log_command:Invoked command in '/home/om/ROS2_Workshop/Day1/build/day1_cpp' returned '0': CMAKE_PREFIX_PATH=${CMAKE_PREFIX_PATH}:/home/om/turtlebot3_ws/install/vfh_control:/home/om/turtlebot3_ws/install/turtlebot3_teleop:/home/om/turtlebot3_ws/install/turtlebot3_example:/home/om/pico_ws2/install/crsf_ros2:/home/om/slambot/install/gesture_control:/home/om/slambot/install/ges_control:/opt/ros/humble /usr/bin/cmake /home/om/ROS2_Workshop/Day1/src/day1_cpp -DCMAKE_INSTALL_PREFIX=/home/om/ROS2_Workshop/Day1/install/day1_cpp
[2.475s] DEBUG:colcon.colcon_core.event_handler.log_command:Invoking command in '/home/om/ROS2_Workshop/Day1/build/day1_cpp': CMAKE_PREFIX_PATH=${CMAKE_PREFIX_PATH}:/home/om/turtlebot3_ws/install/vfh_control:/home/om/turtlebot3_ws/install/turtlebot3_teleop:/home/om/turtlebot3_ws/install/turtlebot3_example:/home/om/pico_ws2/install/crsf_ros2:/home/om/slambot/install/gesture_control:/home/om/slambot/install/ges_control:/opt/ros/humble /usr/bin/cmake --build /home/om/ROS2_Workshop/Day1/build/day1_cpp -- -j8 -l8
[2.757s] DEBUG:colcon.colcon_core.event_handler.log_command:Invoked command in '/home/om/ROS2_Workshop/Day1/build/new_robot_controller' returned '1': CMAKE_PREFIX_PATH=${CMAKE_PREFIX_PATH}:/home/om/turtlebot3_ws/install/vfh_control:/home/om/turtlebot3_ws/install/turtlebot3_teleop:/home/om/turtlebot3_ws/install/turtlebot3_example:/home/om/pico_ws2/install/crsf_ros2:/home/om/slambot/install/gesture_control:/home/om/slambot/install/ges_control:/opt/ros/humble /usr/bin/cmake /home/om/ROS2_Workshop/Day1/src/new_robot_controller -DCMAKE_INSTALL_PREFIX=/home/om/ROS2_Workshop/Day1/install/new_robot_controller
[2.773s] Level 1:colcon.colcon_core.environment:create_environment_scripts_only(new_robot_controller)
[2.773s] Level 1:colcon.colcon_core.environment:checking '/home/om/ROS2_Workshop/Day1/install/new_robot_controller' for CMake module files
[2.774s] Level 1:colcon.colcon_core.environment:checking '/home/om/ROS2_Workshop/Day1/install/new_robot_controller' for CMake config files
[2.774s] Level 1:colcon.colcon_core.environment:checking '/home/om/ROS2_Workshop/Day1/install/new_robot_controller/bin'
[2.774s] Level 1:colcon.colcon_core.environment:checking '/home/om/ROS2_Workshop/Day1/install/new_robot_controller/lib/pkgconfig/new_robot_controller.pc'
[2.774s] Level 1:colcon.colcon_core.environment:checking '/home/om/ROS2_Workshop/Day1/install/new_robot_controller/lib/python3.10/site-packages'
[2.775s] Level 1:colcon.colcon_core.environment:checking '/home/om/ROS2_Workshop/Day1/install/new_robot_controller/bin'
[2.775s] INFO:colcon.colcon_core.shell:Creating package script '/home/om/ROS2_Workshop/Day1/install/new_robot_controller/share/new_robot_controller/package.ps1'
[2.775s] INFO:colcon.colcon_core.shell:Creating package descriptor '/home/om/ROS2_Workshop/Day1/install/new_robot_controller/share/new_robot_controller/package.dsv'
[2.776s] INFO:colcon.colcon_core.shell:Creating package script '/home/om/ROS2_Workshop/Day1/install/new_robot_controller/share/new_robot_controller/package.sh'
[2.776s] INFO:colcon.colcon_core.shell:Creating package script '/home/om/ROS2_Workshop/Day1/install/new_robot_controller/share/new_robot_controller/package.bash'
[2.776s] INFO:colcon.colcon_core.shell:Creating package script '/home/om/ROS2_Workshop/Day1/install/new_robot_controller/share/new_robot_controller/package.zsh'
[2.776s] Level 1:colcon.colcon_core.environment:create_file_with_runtime_dependencies(/home/om/ROS2_Workshop/Day1/install/new_robot_controller/share/colcon-core/packages/new_robot_controller)
[11.125s] DEBUG:colcon.colcon_parallel_executor.executor.parallel:closing loop
[11.125s] DEBUG:colcon.colcon_parallel_executor.executor.parallel:loop closed
[11.125s] DEBUG:colcon.colcon_parallel_executor.executor.parallel:run_until_complete finished with '1'
[11.125s] DEBUG:colcon.colcon_core.event_reactor:joining thread
[11.132s] INFO:colcon.colcon_core.plugin_system:Skipping extension 'colcon_notification.desktop_notification.terminal_notifier': Not used on non-Darwin systems
[11.132s] INFO:colcon.colcon_core.plugin_system:Skipping extension 'colcon_notification.desktop_notification.win32': Not used on non-Windows systems
[11.132s] INFO:colcon.colcon_notification.desktop_notification:Sending desktop notification using 'notify2'
[11.143s] DEBUG:colcon.colcon_core.event_reactor:joined thread
[11.144s] INFO:colcon.colcon_core.shell:Creating prefix script '/home/om/ROS2_Workshop/Day1/install/local_setup.ps1'
[11.145s] INFO:colcon.colcon_core.shell:Creating prefix util module '/home/om/ROS2_Workshop/Day1/install/_local_setup_util_ps1.py'
[11.147s] INFO:colcon.colcon_core.shell:Creating prefix chain script '/home/om/ROS2_Workshop/Day1/install/setup.ps1'
[11.149s] INFO:colcon.colcon_core.shell:Creating prefix script '/home/om/ROS2_Workshop/Day1/install/local_setup.sh'
[11.150s] INFO:colcon.colcon_core.shell:Creating prefix util module '/home/om/ROS2_Workshop/Day1/install/_local_setup_util_sh.py'
[11.150s] INFO:colcon.colcon_core.shell:Creating prefix chain script '/home/om/ROS2_Workshop/Day1/install/setup.sh'
[11.152s] INFO:colcon.colcon_core.shell:Creating prefix script '/home/om/ROS2_Workshop/Day1/install/local_setup.bash'
[11.153s] INFO:colcon.colcon_core.shell:Creating prefix chain script '/home/om/ROS2_Workshop/Day1/install/setup.bash'
[11.154s] INFO:colcon.colcon_core.shell:Creating prefix script '/home/om/ROS2_Workshop/Day1/install/local_setup.zsh'
[11.155s] INFO:colcon.colcon_core.shell:Creating prefix chain script '/home/om/ROS2_Workshop/Day1/install/setup.zsh'
