[0.029s] Invoking command in '/home/om/ROS2_Workshop/Day1/build/day1_cpp': CMAKE_PREFIX_PATH=${CMAKE_PREFIX_PATH}:/home/om/slambot/install/gesture_control:/home/om/slambot/install/ges_control:/opt/ros/humble /usr/bin/cmake /home/om/ROS2_Workshop/Day1/src/day1_cpp -DCMAKE_INSTALL_PREFIX=/home/om/ROS2_Workshop/Day1/install/day1_cpp
[0.112s] -- The C compiler identification is GNU 11.4.0
[0.185s] -- The CXX compiler identification is GNU 11.4.0
[0.195s] -- Detecting C compiler ABI info
[0.290s] -- Detecting C compiler ABI info - done
[0.300s] -- Check for working C compiler: /usr/bin/cc - skipped
[0.300s] -- Detecting C compile features
[0.300s] -- Detecting C compile features - done
[0.304s] -- Detecting CXX compiler ABI info
[0.409s] -- Detecting CXX compiler ABI info - done
[0.419s] -- Check for working CXX compiler: /usr/bin/c++ - skipped
[0.419s] -- Detecting CXX compile features
[0.420s] -- Detecting CXX compile features - done
[0.426s] -- Found ament_cmake: 1.3.10 (/opt/ros/humble/share/ament_cmake/cmake)
[0.650s] -- Found Python3: /usr/bin/python3 (found version "3.10.12") found components: Interpreter 
[0.812s] -- Found rclcpp: 16.0.10 (/opt/ros/humble/share/rclcpp/cmake)
[0.900s] -- Found rosidl_generator_c: 3.1.5 (/opt/ros/humble/share/rosidl_generator_c/cmake)
[0.912s] -- Found rosidl_adapter: 3.1.5 (/opt/ros/humble/share/rosidl_adapter/cmake)
[0.931s] -- Found rosidl_generator_cpp: 3.1.5 (/opt/ros/humble/share/rosidl_generator_cpp/cmake)
[0.957s] -- Using all available rosidl_typesupport_c: rosidl_typesupport_fastrtps_c;rosidl_typesupport_introspection_c
[0.990s] -- Using all available rosidl_typesupport_cpp: rosidl_typesupport_fastrtps_cpp;rosidl_typesupport_introspection_cpp
[1.082s] -- Found rmw_implementation_cmake: 6.1.2 (/opt/ros/humble/share/rmw_implementation_cmake/cmake)
[1.090s] -- Found rmw_fastrtps_cpp: 6.2.7 (/opt/ros/humble/share/rmw_fastrtps_cpp/cmake)
[1.247s] -- Found OpenSSL: /usr/lib/x86_64-linux-gnu/libcrypto.so (found version "3.0.2")  
[1.291s] -- Found FastRTPS: /opt/ros/humble/include  
[1.353s] -- Using RMW implementation 'rmw_fastrtps_cpp' as default
[1.377s] -- Looking for pthread.h
[1.481s] -- Looking for pthread.h - found
[1.481s] -- Performing Test CMAKE_HAVE_LIBC_PTHREAD
[1.582s] -- Performing Test CMAKE_HAVE_LIBC_PTHREAD - Success
[1.583s] -- Found Threads: TRUE  
[1.752s] -- Configuring done
[1.765s] -- Generating done
[1.767s] -- Build files have been written to: /home/om/ROS2_Workshop/Day1/build/day1_cpp
[1.779s] Invoked command in '/home/om/ROS2_Workshop/Day1/build/day1_cpp' returned '0': CMAKE_PREFIX_PATH=${CMAKE_PREFIX_PATH}:/home/om/slambot/install/gesture_control:/home/om/slambot/install/ges_control:/opt/ros/humble /usr/bin/cmake /home/om/ROS2_Workshop/Day1/src/day1_cpp -DCMAKE_INSTALL_PREFIX=/home/om/ROS2_Workshop/Day1/install/day1_cpp
[1.781s] Invoking command in '/home/om/ROS2_Workshop/Day1/build/day1_cpp': CMAKE_PREFIX_PATH=${CMAKE_PREFIX_PATH}:/home/om/slambot/install/gesture_control:/home/om/slambot/install/ges_control:/opt/ros/humble /usr/bin/cmake --build /home/om/ROS2_Workshop/Day1/build/day1_cpp -- -j8 -l8
[1.853s] [ 25%] [32mBuilding CXX object CMakeFiles/simple_publisher.dir/src/simple_publisher.cpp.o[0m
[1.853s] [ 50%] [32mBuilding CXX object CMakeFiles/simple_subscriber.dir/src/simple_subscriber.cpp.o[0m
[6.605s] [ 75%] [32m[1mLinking CXX executable simple_publisher[0m
[6.841s] [ 75%] Built target simple_publisher
[10.412s] [100%] [32m[1mLinking CXX executable simple_subscriber[0m
[10.880s] [100%] Built target simple_subscriber
[10.892s] Invoked command in '/home/om/ROS2_Workshop/Day1/build/day1_cpp' returned '0': CMAKE_PREFIX_PATH=${CMAKE_PREFIX_PATH}:/home/om/slambot/install/gesture_control:/home/om/slambot/install/ges_control:/opt/ros/humble /usr/bin/cmake --build /home/om/ROS2_Workshop/Day1/build/day1_cpp -- -j8 -l8
[10.928s] Invoking command in '/home/om/ROS2_Workshop/Day1/build/day1_cpp': CMAKE_PREFIX_PATH=${CMAKE_PREFIX_PATH}:/home/om/slambot/install/gesture_control:/home/om/slambot/install/ges_control:/opt/ros/humble /usr/bin/cmake --install /home/om/ROS2_Workshop/Day1/build/day1_cpp
[10.934s] -- Install configuration: ""
[10.934s] -- Installing: /home/om/ROS2_Workshop/Day1/install/day1_cpp/lib/day1_cpp/simple_publisher
[10.935s] -- Set runtime path of "/home/om/ROS2_Workshop/Day1/install/day1_cpp/lib/day1_cpp/simple_publisher" to ""
[10.935s] -- Installing: /home/om/ROS2_Workshop/Day1/install/day1_cpp/lib/day1_cpp/simple_subscriber
[10.937s] -- Set runtime path of "/home/om/ROS2_Workshop/Day1/install/day1_cpp/lib/day1_cpp/simple_subscriber" to ""
[10.937s] -- Installing: /home/om/ROS2_Workshop/Day1/install/day1_cpp/share/ament_index/resource_index/package_run_dependencies/day1_cpp
[10.937s] -- Installing: /home/om/ROS2_Workshop/Day1/install/day1_cpp/share/ament_index/resource_index/parent_prefix_path/day1_cpp
[10.937s] -- Installing: /home/om/ROS2_Workshop/Day1/install/day1_cpp/share/day1_cpp/environment/ament_prefix_path.sh
[10.937s] -- Installing: /home/om/ROS2_Workshop/Day1/install/day1_cpp/share/day1_cpp/environment/ament_prefix_path.dsv
[10.937s] -- Installing: /home/om/ROS2_Workshop/Day1/install/day1_cpp/share/day1_cpp/environment/path.sh
[10.937s] -- Installing: /home/om/ROS2_Workshop/Day1/install/day1_cpp/share/day1_cpp/environment/path.dsv
[10.937s] -- Installing: /home/om/ROS2_Workshop/Day1/install/day1_cpp/share/day1_cpp/local_setup.bash
[10.937s] -- Installing: /home/om/ROS2_Workshop/Day1/install/day1_cpp/share/day1_cpp/local_setup.sh
[10.937s] -- Installing: /home/om/ROS2_Workshop/Day1/install/day1_cpp/share/day1_cpp/local_setup.zsh
[10.937s] -- Installing: /home/om/ROS2_Workshop/Day1/install/day1_cpp/share/day1_cpp/local_setup.dsv
[10.938s] -- Installing: /home/om/ROS2_Workshop/Day1/install/day1_cpp/share/day1_cpp/package.dsv
[10.938s] -- Installing: /home/om/ROS2_Workshop/Day1/install/day1_cpp/share/ament_index/resource_index/packages/day1_cpp
[10.938s] -- Installing: /home/om/ROS2_Workshop/Day1/install/day1_cpp/share/day1_cpp/cmake/day1_cppConfig.cmake
[10.938s] -- Installing: /home/om/ROS2_Workshop/Day1/install/day1_cpp/share/day1_cpp/cmake/day1_cppConfig-version.cmake
[10.938s] -- Installing: /home/om/ROS2_Workshop/Day1/install/day1_cpp/share/day1_cpp/package.xml
[10.940s] Invoked command in '/home/om/ROS2_Workshop/Day1/build/day1_cpp' returned '0': CMAKE_PREFIX_PATH=${CMAKE_PREFIX_PATH}:/home/om/slambot/install/gesture_control:/home/om/slambot/install/ges_control:/opt/ros/humble /usr/bin/cmake --install /home/om/ROS2_Workshop/Day1/build/day1_cpp
