[0.046s] Invoking command in '/home/om/ROS2_Workshop/Day1/build/day1_cpp': CMAKE_PREFIX_PATH=${CMAKE_PREFIX_PATH}:/home/om/turtlebot3_ws/install/vfh_control:/home/om/turtlebot3_ws/install/turtlebot3_teleop:/home/om/turtlebot3_ws/install/turtlebot3_example:/home/om/pico_ws2/install/crsf_ros2:/home/om/slambot/install/gesture_control:/home/om/slambot/install/ges_control:/opt/ros/humble /usr/bin/cmake --build /home/om/ROS2_Workshop/Day1/build/day1_cpp -- -j8 -l8
[0.111s] [35m[1mConsolidate compiler generated dependencies of target simple_subscriber[0m
[0.113s] [35m[1mConsolidate compiler generated dependencies of target simple_publisher[0m
[0.139s] [ 50%] Built target simple_publisher
[0.139s] [100%] Built target simple_subscriber
[0.192s] Invoked command in '/home/om/ROS2_Workshop/Day1/build/day1_cpp' returned '0': CMAKE_PREFIX_PATH=${CMAKE_PREFIX_PATH}:/home/om/turtlebot3_ws/install/vfh_control:/home/om/turtlebot3_ws/install/turtlebot3_teleop:/home/om/turtlebot3_ws/install/turtlebot3_example:/home/om/pico_ws2/install/crsf_ros2:/home/om/slambot/install/gesture_control:/home/om/slambot/install/ges_control:/opt/ros/humble /usr/bin/cmake --build /home/om/ROS2_Workshop/Day1/build/day1_cpp -- -j8 -l8
[0.194s] Invoking command in '/home/om/ROS2_Workshop/Day1/build/day1_cpp': CMAKE_PREFIX_PATH=${CMAKE_PREFIX_PATH}:/home/om/turtlebot3_ws/install/vfh_control:/home/om/turtlebot3_ws/install/turtlebot3_teleop:/home/om/turtlebot3_ws/install/turtlebot3_example:/home/om/pico_ws2/install/crsf_ros2:/home/om/slambot/install/gesture_control:/home/om/slambot/install/ges_control:/opt/ros/humble /usr/bin/cmake --install /home/om/ROS2_Workshop/Day1/build/day1_cpp
[0.209s] -- Install configuration: ""
[0.209s] -- Installing: /home/om/ROS2_Workshop/Day1/install/day1_cpp/lib/day1_cpp/simple_publisher
[0.210s] -- Set runtime path of "/home/om/ROS2_Workshop/Day1/install/day1_cpp/lib/day1_cpp/simple_publisher" to ""
[0.211s] -- Installing: /home/om/ROS2_Workshop/Day1/install/day1_cpp/lib/day1_cpp/simple_subscriber
[0.214s] -- Set runtime path of "/home/om/ROS2_Workshop/Day1/install/day1_cpp/lib/day1_cpp/simple_subscriber" to ""
[0.214s] -- Installing: /home/om/ROS2_Workshop/Day1/install/day1_cpp/share/ament_index/resource_index/package_run_dependencies/day1_cpp
[0.215s] -- Installing: /home/om/ROS2_Workshop/Day1/install/day1_cpp/share/ament_index/resource_index/parent_prefix_path/day1_cpp
[0.215s] -- Installing: /home/om/ROS2_Workshop/Day1/install/day1_cpp/share/day1_cpp/environment/ament_prefix_path.sh
[0.215s] -- Installing: /home/om/ROS2_Workshop/Day1/install/day1_cpp/share/day1_cpp/environment/ament_prefix_path.dsv
[0.215s] -- Installing: /home/om/ROS2_Workshop/Day1/install/day1_cpp/share/day1_cpp/environment/path.sh
[0.215s] -- Installing: /home/om/ROS2_Workshop/Day1/install/day1_cpp/share/day1_cpp/environment/path.dsv
[0.216s] -- Installing: /home/om/ROS2_Workshop/Day1/install/day1_cpp/share/day1_cpp/local_setup.bash
[0.216s] -- Installing: /home/om/ROS2_Workshop/Day1/install/day1_cpp/share/day1_cpp/local_setup.sh
[0.216s] -- Installing: /home/om/ROS2_Workshop/Day1/install/day1_cpp/share/day1_cpp/local_setup.zsh
[0.216s] -- Installing: /home/om/ROS2_Workshop/Day1/install/day1_cpp/share/day1_cpp/local_setup.dsv
[0.216s] -- Installing: /home/om/ROS2_Workshop/Day1/install/day1_cpp/share/day1_cpp/package.dsv
[0.216s] -- Installing: /home/om/ROS2_Workshop/Day1/install/day1_cpp/share/ament_index/resource_index/packages/day1_cpp
[0.216s] -- Installing: /home/om/ROS2_Workshop/Day1/install/day1_cpp/share/day1_cpp/cmake/day1_cppConfig.cmake
[0.216s] -- Installing: /home/om/ROS2_Workshop/Day1/install/day1_cpp/share/day1_cpp/cmake/day1_cppConfig-version.cmake
[0.216s] -- Installing: /home/om/ROS2_Workshop/Day1/install/day1_cpp/share/day1_cpp/package.xml
[0.220s] Invoked command in '/home/om/ROS2_Workshop/Day1/build/day1_cpp' returned '0': CMAKE_PREFIX_PATH=${CMAKE_PREFIX_PATH}:/home/om/turtlebot3_ws/install/vfh_control:/home/om/turtlebot3_ws/install/turtlebot3_teleop:/home/om/turtlebot3_ws/install/turtlebot3_example:/home/om/pico_ws2/install/crsf_ros2:/home/om/slambot/install/gesture_control:/home/om/slambot/install/ges_control:/opt/ros/humble /usr/bin/cmake --install /home/om/ROS2_Workshop/Day1/build/day1_cpp
